04/01/2025 09:32:35 PM - stVAE_Logger - INFO - Epoch 1, TRAIN
04/01/2025 09:32:35 PM - stVAE_Logger - INFO - loss: 16.89222
04/01/2025 09:32:35 PM - stVAE_Logger - INFO - mse: 16.73017
04/01/2025 09:32:35 PM - stVAE_Logger - INFO - kld: 1.62055
04/01/2025 09:32:35 PM - stVAE_Logger - INFO - Epoch 2, TRAIN
04/01/2025 09:32:35 PM - stVAE_Logger - INFO - loss: 6.59337
04/01/2025 09:32:35 PM - stVAE_Logger - INFO - mse: 6.55528
04/01/2025 09:32:35 PM - stVAE_Logger - INFO - kld: 0.38091
04/01/2025 09:32:35 PM - stVAE_Logger - INFO - Epoch 3, TRAIN
04/01/2025 09:32:35 PM - stVAE_Logger - INFO - loss: 3.08650
04/01/2025 09:32:35 PM - stVAE_Logger - INFO - mse: 3.06765
04/01/2025 09:32:35 PM - stVAE_Logger - INFO - kld: 0.18849
04/01/2025 09:32:36 PM - stVAE_Logger - INFO - Epoch 4, TRAIN
04/01/2025 09:32:36 PM - stVAE_Logger - INFO - loss: 1.83266
04/01/2025 09:32:36 PM - stVAE_Logger - INFO - mse: 1.80533
04/01/2025 09:32:36 PM - stVAE_Logger - INFO - kld: 0.27330
04/01/2025 09:32:36 PM - stVAE_Logger - INFO - Epoch 4, VALID
04/01/2025 09:32:36 PM - stVAE_Logger - INFO - loss: 1.53213
04/01/2025 09:32:36 PM - stVAE_Logger - INFO - mse: 1.50211
04/01/2025 09:32:36 PM - stVAE_Logger - INFO - kld: 0.30020
04/01/2025 09:32:36 PM - stVAE_Logger - INFO - Epoch 5, TRAIN
04/01/2025 09:32:36 PM - stVAE_Logger - INFO - loss: 1.31329
04/01/2025 09:32:36 PM - stVAE_Logger - INFO - mse: 1.27972
04/01/2025 09:32:36 PM - stVAE_Logger - INFO - kld: 0.33569
04/01/2025 09:32:36 PM - stVAE_Logger - INFO - Epoch 6, TRAIN
04/01/2025 09:32:36 PM - stVAE_Logger - INFO - loss: 0.99017
04/01/2025 09:32:36 PM - stVAE_Logger - INFO - mse: 0.95413
04/01/2025 09:32:36 PM - stVAE_Logger - INFO - kld: 0.36042
04/01/2025 09:32:37 PM - stVAE_Logger - INFO - Epoch 7, TRAIN
04/01/2025 09:32:37 PM - stVAE_Logger - INFO - loss: 0.86638
04/01/2025 09:32:37 PM - stVAE_Logger - INFO - mse: 0.82980
04/01/2025 09:32:37 PM - stVAE_Logger - INFO - kld: 0.36576
04/01/2025 09:32:37 PM - stVAE_Logger - INFO - Epoch 8, TRAIN
04/01/2025 09:32:37 PM - stVAE_Logger - INFO - loss: 0.80205
04/01/2025 09:32:37 PM - stVAE_Logger - INFO - mse: 0.76646
04/01/2025 09:32:37 PM - stVAE_Logger - INFO - kld: 0.35591
04/01/2025 09:32:37 PM - stVAE_Logger - INFO - Epoch 8, VALID
04/01/2025 09:32:37 PM - stVAE_Logger - INFO - loss: 0.62688
04/01/2025 09:32:37 PM - stVAE_Logger - INFO - mse: 0.59131
04/01/2025 09:32:37 PM - stVAE_Logger - INFO - kld: 0.35572
04/01/2025 09:32:37 PM - stVAE_Logger - INFO - Epoch 9, TRAIN
04/01/2025 09:32:37 PM - stVAE_Logger - INFO - loss: 0.72578
04/01/2025 09:32:37 PM - stVAE_Logger - INFO - mse: 0.69017
04/01/2025 09:32:37 PM - stVAE_Logger - INFO - kld: 0.35608
04/01/2025 09:32:37 PM - stVAE_Logger - INFO - Epoch 10, TRAIN
04/01/2025 09:32:37 PM - stVAE_Logger - INFO - loss: 0.69926
04/01/2025 09:32:37 PM - stVAE_Logger - INFO - mse: 0.66448
04/01/2025 09:32:37 PM - stVAE_Logger - INFO - kld: 0.34784
04/01/2025 09:32:38 PM - stVAE_Logger - INFO - Epoch 11, TRAIN
04/01/2025 09:32:38 PM - stVAE_Logger - INFO - loss: 0.63243
04/01/2025 09:32:38 PM - stVAE_Logger - INFO - mse: 0.59870
04/01/2025 09:32:38 PM - stVAE_Logger - INFO - kld: 0.33731
04/01/2025 09:32:38 PM - stVAE_Logger - INFO - Epoch 12, TRAIN
04/01/2025 09:32:38 PM - stVAE_Logger - INFO - loss: 0.62408
04/01/2025 09:32:38 PM - stVAE_Logger - INFO - mse: 0.58927
04/01/2025 09:32:38 PM - stVAE_Logger - INFO - kld: 0.34812
04/01/2025 09:32:38 PM - stVAE_Logger - INFO - Epoch 12, VALID
04/01/2025 09:32:38 PM - stVAE_Logger - INFO - loss: 0.50854
04/01/2025 09:32:38 PM - stVAE_Logger - INFO - mse: 0.47444
04/01/2025 09:32:38 PM - stVAE_Logger - INFO - kld: 0.34106
04/01/2025 09:32:38 PM - stVAE_Logger - INFO - Epoch 13, TRAIN
04/01/2025 09:32:38 PM - stVAE_Logger - INFO - loss: 0.58795
04/01/2025 09:32:38 PM - stVAE_Logger - INFO - mse: 0.55311
04/01/2025 09:32:38 PM - stVAE_Logger - INFO - kld: 0.34848
04/01/2025 09:32:39 PM - stVAE_Logger - INFO - Epoch 14, TRAIN
04/01/2025 09:32:39 PM - stVAE_Logger - INFO - loss: 0.55987
04/01/2025 09:32:39 PM - stVAE_Logger - INFO - mse: 0.52565
04/01/2025 09:32:39 PM - stVAE_Logger - INFO - kld: 0.34217
04/01/2025 09:32:39 PM - stVAE_Logger - INFO - Epoch 15, TRAIN
04/01/2025 09:32:39 PM - stVAE_Logger - INFO - loss: 0.55148
04/01/2025 09:32:39 PM - stVAE_Logger - INFO - mse: 0.51564
04/01/2025 09:32:39 PM - stVAE_Logger - INFO - kld: 0.35842
04/01/2025 09:32:39 PM - stVAE_Logger - INFO - Epoch 16, TRAIN
04/01/2025 09:32:39 PM - stVAE_Logger - INFO - loss: 0.51896
04/01/2025 09:32:39 PM - stVAE_Logger - INFO - mse: 0.48366
04/01/2025 09:32:39 PM - stVAE_Logger - INFO - kld: 0.35297
04/01/2025 09:32:39 PM - stVAE_Logger - INFO - Epoch 16, VALID
04/01/2025 09:32:39 PM - stVAE_Logger - INFO - loss: 0.45027
04/01/2025 09:32:39 PM - stVAE_Logger - INFO - mse: 0.41482
04/01/2025 09:32:39 PM - stVAE_Logger - INFO - kld: 0.35454
04/01/2025 09:32:39 PM - stVAE_Logger - INFO - Epoch 17, TRAIN
04/01/2025 09:32:39 PM - stVAE_Logger - INFO - loss: 0.50393
04/01/2025 09:32:39 PM - stVAE_Logger - INFO - mse: 0.46738
04/01/2025 09:32:39 PM - stVAE_Logger - INFO - kld: 0.36557
04/01/2025 09:32:40 PM - stVAE_Logger - INFO - Epoch 18, TRAIN
04/01/2025 09:32:40 PM - stVAE_Logger - INFO - loss: 0.49157
04/01/2025 09:32:40 PM - stVAE_Logger - INFO - mse: 0.45451
04/01/2025 09:32:40 PM - stVAE_Logger - INFO - kld: 0.37055
04/01/2025 09:32:40 PM - stVAE_Logger - INFO - Epoch 19, TRAIN
04/01/2025 09:32:40 PM - stVAE_Logger - INFO - loss: 0.48298
04/01/2025 09:32:40 PM - stVAE_Logger - INFO - mse: 0.44615
04/01/2025 09:32:40 PM - stVAE_Logger - INFO - kld: 0.36831
04/01/2025 09:32:40 PM - stVAE_Logger - INFO - Epoch 20, TRAIN
04/01/2025 09:32:40 PM - stVAE_Logger - INFO - loss: 0.48168
04/01/2025 09:32:40 PM - stVAE_Logger - INFO - mse: 0.44353
04/01/2025 09:32:40 PM - stVAE_Logger - INFO - kld: 0.38150
04/01/2025 09:32:40 PM - stVAE_Logger - INFO - Epoch 20, VALID
04/01/2025 09:32:40 PM - stVAE_Logger - INFO - loss: 0.43314
04/01/2025 09:32:40 PM - stVAE_Logger - INFO - mse: 0.39692
04/01/2025 09:32:40 PM - stVAE_Logger - INFO - kld: 0.36222
04/01/2025 09:32:41 PM - stVAE_Logger - INFO - Epoch 21, TRAIN
04/01/2025 09:32:41 PM - stVAE_Logger - INFO - loss: 0.46374
04/01/2025 09:32:41 PM - stVAE_Logger - INFO - mse: 0.42543
04/01/2025 09:32:41 PM - stVAE_Logger - INFO - kld: 0.38305
04/01/2025 09:32:41 PM - stVAE_Logger - INFO - Epoch 22, TRAIN
04/01/2025 09:32:41 PM - stVAE_Logger - INFO - loss: 0.45906
04/01/2025 09:32:41 PM - stVAE_Logger - INFO - mse: 0.41985
04/01/2025 09:32:41 PM - stVAE_Logger - INFO - kld: 0.39210
04/01/2025 09:32:41 PM - stVAE_Logger - INFO - Epoch 23, TRAIN
04/01/2025 09:32:41 PM - stVAE_Logger - INFO - loss: 0.43729
04/01/2025 09:32:41 PM - stVAE_Logger - INFO - mse: 0.39807
04/01/2025 09:32:41 PM - stVAE_Logger - INFO - kld: 0.39220
04/01/2025 09:32:41 PM - stVAE_Logger - INFO - Epoch 24, TRAIN
04/01/2025 09:32:41 PM - stVAE_Logger - INFO - loss: 0.44528
04/01/2025 09:32:41 PM - stVAE_Logger - INFO - mse: 0.40581
04/01/2025 09:32:41 PM - stVAE_Logger - INFO - kld: 0.39467
04/01/2025 09:32:41 PM - stVAE_Logger - INFO - Epoch 24, VALID
04/01/2025 09:32:41 PM - stVAE_Logger - INFO - loss: 0.39949
04/01/2025 09:32:41 PM - stVAE_Logger - INFO - mse: 0.36052
04/01/2025 09:32:41 PM - stVAE_Logger - INFO - kld: 0.38970
04/01/2025 09:32:42 PM - stVAE_Logger - INFO - Epoch 25, TRAIN
04/01/2025 09:32:42 PM - stVAE_Logger - INFO - loss: 0.43771
04/01/2025 09:32:42 PM - stVAE_Logger - INFO - mse: 0.39871
04/01/2025 09:32:42 PM - stVAE_Logger - INFO - kld: 0.38991
04/01/2025 09:32:42 PM - stVAE_Logger - INFO - Epoch 26, TRAIN
04/01/2025 09:32:42 PM - stVAE_Logger - INFO - loss: 0.42587
04/01/2025 09:32:42 PM - stVAE_Logger - INFO - mse: 0.38632
04/01/2025 09:32:42 PM - stVAE_Logger - INFO - kld: 0.39551
04/01/2025 09:32:42 PM - stVAE_Logger - INFO - Epoch 27, TRAIN
04/01/2025 09:32:42 PM - stVAE_Logger - INFO - loss: 0.41957
04/01/2025 09:32:42 PM - stVAE_Logger - INFO - mse: 0.38021
04/01/2025 09:32:42 PM - stVAE_Logger - INFO - kld: 0.39362
04/01/2025 09:32:43 PM - stVAE_Logger - INFO - Epoch 28, TRAIN
04/01/2025 09:32:43 PM - stVAE_Logger - INFO - loss: 0.42356
04/01/2025 09:32:43 PM - stVAE_Logger - INFO - mse: 0.38372
04/01/2025 09:32:43 PM - stVAE_Logger - INFO - kld: 0.39843
04/01/2025 09:32:43 PM - stVAE_Logger - INFO - Epoch 28, VALID
04/01/2025 09:32:43 PM - stVAE_Logger - INFO - loss: 0.37876
04/01/2025 09:32:43 PM - stVAE_Logger - INFO - mse: 0.33994
04/01/2025 09:32:43 PM - stVAE_Logger - INFO - kld: 0.38818
04/01/2025 09:32:43 PM - stVAE_Logger - INFO - Epoch 29, TRAIN
04/01/2025 09:32:43 PM - stVAE_Logger - INFO - loss: 0.41776
04/01/2025 09:32:43 PM - stVAE_Logger - INFO - mse: 0.37800
04/01/2025 09:32:43 PM - stVAE_Logger - INFO - kld: 0.39765
04/01/2025 09:32:43 PM - stVAE_Logger - INFO - Epoch 30, TRAIN
04/01/2025 09:32:43 PM - stVAE_Logger - INFO - loss: 0.40647
04/01/2025 09:32:43 PM - stVAE_Logger - INFO - mse: 0.36731
04/01/2025 09:32:43 PM - stVAE_Logger - INFO - kld: 0.39163
04/01/2025 09:32:43 PM - stVAE_Logger - INFO - Epoch 31, TRAIN
04/01/2025 09:32:43 PM - stVAE_Logger - INFO - loss: 0.40512
04/01/2025 09:32:43 PM - stVAE_Logger - INFO - mse: 0.36624
04/01/2025 09:32:43 PM - stVAE_Logger - INFO - kld: 0.38878
04/01/2025 09:32:44 PM - stVAE_Logger - INFO - Epoch 32, TRAIN
04/01/2025 09:32:44 PM - stVAE_Logger - INFO - loss: 0.40593
04/01/2025 09:32:44 PM - stVAE_Logger - INFO - mse: 0.36598
04/01/2025 09:32:44 PM - stVAE_Logger - INFO - kld: 0.39951
04/01/2025 09:32:44 PM - stVAE_Logger - INFO - Epoch 32, VALID
04/01/2025 09:32:44 PM - stVAE_Logger - INFO - loss: 0.40860
04/01/2025 09:32:44 PM - stVAE_Logger - INFO - mse: 0.32766
04/01/2025 09:32:44 PM - stVAE_Logger - INFO - kld: 0.40471
04/01/2025 09:32:44 PM - stVAE_Logger - INFO - Epoch 33, TRAIN
04/01/2025 09:32:44 PM - stVAE_Logger - INFO - loss: 0.43946
04/01/2025 09:32:44 PM - stVAE_Logger - INFO - mse: 0.38917
04/01/2025 09:32:44 PM - stVAE_Logger - INFO - kld: 0.25147
04/01/2025 09:32:44 PM - stVAE_Logger - INFO - Epoch 34, TRAIN
04/01/2025 09:32:44 PM - stVAE_Logger - INFO - loss: 0.46523
04/01/2025 09:32:44 PM - stVAE_Logger - INFO - mse: 0.40934
04/01/2025 09:32:44 PM - stVAE_Logger - INFO - kld: 0.18627
04/01/2025 09:32:45 PM - stVAE_Logger - INFO - Epoch 35, TRAIN
04/01/2025 09:32:45 PM - stVAE_Logger - INFO - loss: 0.47616
04/01/2025 09:32:45 PM - stVAE_Logger - INFO - mse: 0.41680
04/01/2025 09:32:45 PM - stVAE_Logger - INFO - kld: 0.14839
04/01/2025 09:32:45 PM - stVAE_Logger - INFO - Epoch 36, TRAIN
04/01/2025 09:32:45 PM - stVAE_Logger - INFO - loss: 0.49750
04/01/2025 09:32:45 PM - stVAE_Logger - INFO - mse: 0.43485
04/01/2025 09:32:45 PM - stVAE_Logger - INFO - kld: 0.12529
04/01/2025 09:32:45 PM - stVAE_Logger - INFO - Epoch 36, VALID
04/01/2025 09:32:45 PM - stVAE_Logger - INFO - loss: 0.41263
04/01/2025 09:32:45 PM - stVAE_Logger - INFO - mse: 0.33829
04/01/2025 09:32:45 PM - stVAE_Logger - INFO - kld: 0.12389
04/01/2025 09:32:45 PM - stVAE_Logger - INFO - Epoch 37, TRAIN
04/01/2025 09:32:45 PM - stVAE_Logger - INFO - loss: 0.50869
04/01/2025 09:32:45 PM - stVAE_Logger - INFO - mse: 0.44431
04/01/2025 09:32:45 PM - stVAE_Logger - INFO - kld: 0.10730
04/01/2025 09:32:46 PM - stVAE_Logger - INFO - Epoch 38, TRAIN
04/01/2025 09:32:46 PM - stVAE_Logger - INFO - loss: 0.51913
04/01/2025 09:32:46 PM - stVAE_Logger - INFO - mse: 0.45350
04/01/2025 09:32:46 PM - stVAE_Logger - INFO - kld: 0.09375
04/01/2025 09:32:46 PM - stVAE_Logger - INFO - Epoch 39, TRAIN
04/01/2025 09:32:46 PM - stVAE_Logger - INFO - loss: 0.53323
04/01/2025 09:32:46 PM - stVAE_Logger - INFO - mse: 0.46582
04/01/2025 09:32:46 PM - stVAE_Logger - INFO - kld: 0.08426
04/01/2025 09:32:46 PM - stVAE_Logger - INFO - Epoch 40, TRAIN
04/01/2025 09:32:46 PM - stVAE_Logger - INFO - loss: 0.54196
04/01/2025 09:32:46 PM - stVAE_Logger - INFO - mse: 0.47413
04/01/2025 09:32:46 PM - stVAE_Logger - INFO - kld: 0.07537
04/01/2025 09:32:46 PM - stVAE_Logger - INFO - Epoch 40, VALID
04/01/2025 09:32:46 PM - stVAE_Logger - INFO - loss: 0.43207
04/01/2025 09:32:46 PM - stVAE_Logger - INFO - mse: 0.35518
04/01/2025 09:32:46 PM - stVAE_Logger - INFO - kld: 0.07689
04/01/2025 09:32:46 PM - stVAE_Logger - INFO - Epoch 41, TRAIN
04/01/2025 09:32:46 PM - stVAE_Logger - INFO - loss: 0.56274
04/01/2025 09:32:46 PM - stVAE_Logger - INFO - mse: 0.49275
04/01/2025 09:32:46 PM - stVAE_Logger - INFO - kld: 0.06999
04/01/2025 09:32:47 PM - stVAE_Logger - INFO - Epoch 42, TRAIN
04/01/2025 09:32:47 PM - stVAE_Logger - INFO - loss: 0.57326
04/01/2025 09:32:47 PM - stVAE_Logger - INFO - mse: 0.50273
04/01/2025 09:32:47 PM - stVAE_Logger - INFO - kld: 0.06412
04/01/2025 09:32:47 PM - stVAE_Logger - INFO - Epoch 43, TRAIN
04/01/2025 09:32:47 PM - stVAE_Logger - INFO - loss: 0.56988
04/01/2025 09:32:47 PM - stVAE_Logger - INFO - mse: 0.49963
04/01/2025 09:32:47 PM - stVAE_Logger - INFO - kld: 0.05854
04/01/2025 09:32:47 PM - stVAE_Logger - INFO - Epoch 44, TRAIN
04/01/2025 09:32:47 PM - stVAE_Logger - INFO - loss: 0.57938
04/01/2025 09:32:47 PM - stVAE_Logger - INFO - mse: 0.50803
04/01/2025 09:32:47 PM - stVAE_Logger - INFO - kld: 0.05488
04/01/2025 09:32:47 PM - stVAE_Logger - INFO - Epoch 44, VALID
04/01/2025 09:32:47 PM - stVAE_Logger - INFO - loss: 0.44539
04/01/2025 09:32:47 PM - stVAE_Logger - INFO - mse: 0.36686
04/01/2025 09:32:47 PM - stVAE_Logger - INFO - kld: 0.05609
04/01/2025 09:32:48 PM - stVAE_Logger - INFO - Epoch 45, TRAIN
04/01/2025 09:32:48 PM - stVAE_Logger - INFO - loss: 0.59065
04/01/2025 09:32:48 PM - stVAE_Logger - INFO - mse: 0.51859
04/01/2025 09:32:48 PM - stVAE_Logger - INFO - kld: 0.05148
04/01/2025 09:32:48 PM - stVAE_Logger - INFO - Epoch 46, TRAIN
04/01/2025 09:32:48 PM - stVAE_Logger - INFO - loss: 0.60691
04/01/2025 09:32:48 PM - stVAE_Logger - INFO - mse: 0.53283
04/01/2025 09:32:48 PM - stVAE_Logger - INFO - kld: 0.04938
04/01/2025 09:32:48 PM - stVAE_Logger - INFO - Epoch 47, TRAIN
04/01/2025 09:32:48 PM - stVAE_Logger - INFO - loss: 0.60310
04/01/2025 09:32:48 PM - stVAE_Logger - INFO - mse: 0.52947
04/01/2025 09:32:48 PM - stVAE_Logger - INFO - kld: 0.04602
04/01/2025 09:32:48 PM - stVAE_Logger - INFO - Epoch 48, TRAIN
04/01/2025 09:32:48 PM - stVAE_Logger - INFO - loss: 0.61899
04/01/2025 09:32:48 PM - stVAE_Logger - INFO - mse: 0.54269
04/01/2025 09:32:48 PM - stVAE_Logger - INFO - kld: 0.04488
04/01/2025 09:32:48 PM - stVAE_Logger - INFO - Epoch 48, VALID
04/01/2025 09:32:48 PM - stVAE_Logger - INFO - loss: 0.45332
04/01/2025 09:32:48 PM - stVAE_Logger - INFO - mse: 0.37142
04/01/2025 09:32:48 PM - stVAE_Logger - INFO - kld: 0.04550
04/01/2025 09:32:49 PM - stVAE_Logger - INFO - Epoch 49, TRAIN
04/01/2025 09:32:49 PM - stVAE_Logger - INFO - loss: 0.61734
04/01/2025 09:32:49 PM - stVAE_Logger - INFO - mse: 0.54004
04/01/2025 09:32:49 PM - stVAE_Logger - INFO - kld: 0.04295
04/01/2025 09:32:49 PM - stVAE_Logger - INFO - Epoch 50, TRAIN
04/01/2025 09:32:49 PM - stVAE_Logger - INFO - loss: 0.62408
04/01/2025 09:32:49 PM - stVAE_Logger - INFO - mse: 0.54504
04/01/2025 09:32:49 PM - stVAE_Logger - INFO - kld: 0.04160
04/01/2025 09:32:53 PM - stVAE_Logger - INFO - Training completed | train loss 0.62408 | valid loss 0.45332
