04/01/2025 09:49:19 PM - LFADS_Logger - INFO - Epoch 1, TRAIN
04/01/2025 09:49:19 PM - LFADS_Logger - INFO - total_loss: 14.47300
04/01/2025 09:49:19 PM - LFADS_Logger - INFO - recon_loss: 14.47300
04/01/2025 09:49:19 PM - LFADS_Logger - INFO - l2_loss: 0.00000
04/01/2025 09:49:19 PM - LFADS_Logger - INFO - kl_loss: 0.00000
04/01/2025 09:49:21 PM - LFADS_Logger - INFO - Epoch 2, TRAIN
04/01/2025 09:49:21 PM - LFADS_Logger - INFO - total_loss: 9.86486
04/01/2025 09:49:21 PM - LFADS_Logger - INFO - recon_loss: 9.86486
04/01/2025 09:49:21 PM - LFADS_Logger - INFO - l2_loss: 0.00000
04/01/2025 09:49:21 PM - LFADS_Logger - INFO - kl_loss: 0.00000
04/01/2025 09:49:24 PM - LFADS_Logger - INFO - Epoch 3, TRAIN
04/01/2025 09:49:24 PM - LFADS_Logger - INFO - total_loss: 4.67010
04/01/2025 09:49:24 PM - LFADS_Logger - INFO - recon_loss: 4.67010
04/01/2025 09:49:24 PM - LFADS_Logger - INFO - l2_loss: 0.00000
04/01/2025 09:49:24 PM - LFADS_Logger - INFO - kl_loss: 0.00001
04/01/2025 09:49:27 PM - LFADS_Logger - INFO - Epoch 4, TRAIN
04/01/2025 09:49:27 PM - LFADS_Logger - INFO - total_loss: 3.20159
04/01/2025 09:49:27 PM - LFADS_Logger - INFO - recon_loss: 3.20159
04/01/2025 09:49:27 PM - LFADS_Logger - INFO - l2_loss: 0.00000
04/01/2025 09:49:27 PM - LFADS_Logger - INFO - kl_loss: 0.00000
04/01/2025 09:49:29 PM - LFADS_Logger - INFO - Epoch 5, TRAIN
04/01/2025 09:49:29 PM - LFADS_Logger - INFO - total_loss: 2.67024
04/01/2025 09:49:29 PM - LFADS_Logger - INFO - recon_loss: 2.67024
04/01/2025 09:49:29 PM - LFADS_Logger - INFO - l2_loss: 0.00000
04/01/2025 09:49:29 PM - LFADS_Logger - INFO - kl_loss: 0.00001
04/01/2025 09:49:30 PM - LFADS_Logger - INFO - Epoch 5, VALID
04/01/2025 09:49:30 PM - LFADS_Logger - INFO - total_loss: 2.42333
04/01/2025 09:49:30 PM - LFADS_Logger - INFO - recon_loss: 2.42333
04/01/2025 09:49:30 PM - LFADS_Logger - INFO - l2_loss: 0.00000
04/01/2025 09:49:30 PM - LFADS_Logger - INFO - kl_loss: 0.00000
04/01/2025 09:49:32 PM - LFADS_Logger - INFO - Epoch 6, TRAIN
04/01/2025 09:49:32 PM - LFADS_Logger - INFO - total_loss: 2.40776
04/01/2025 09:49:32 PM - LFADS_Logger - INFO - recon_loss: 2.40776
04/01/2025 09:49:32 PM - LFADS_Logger - INFO - l2_loss: 0.00000
04/01/2025 09:49:32 PM - LFADS_Logger - INFO - kl_loss: 0.00000
04/01/2025 09:49:35 PM - LFADS_Logger - INFO - Epoch 7, TRAIN
04/01/2025 09:49:35 PM - LFADS_Logger - INFO - total_loss: 2.28437
04/01/2025 09:49:35 PM - LFADS_Logger - INFO - recon_loss: 2.28437
04/01/2025 09:49:35 PM - LFADS_Logger - INFO - l2_loss: 0.00000
04/01/2025 09:49:35 PM - LFADS_Logger - INFO - kl_loss: 0.00000
04/01/2025 09:49:37 PM - LFADS_Logger - INFO - Epoch 8, TRAIN
04/01/2025 09:49:37 PM - LFADS_Logger - INFO - total_loss: 2.20435
04/01/2025 09:49:37 PM - LFADS_Logger - INFO - recon_loss: 2.20434
04/01/2025 09:49:37 PM - LFADS_Logger - INFO - l2_loss: 0.00000
04/01/2025 09:49:37 PM - LFADS_Logger - INFO - kl_loss: 0.00000
04/01/2025 09:49:40 PM - LFADS_Logger - INFO - Epoch 9, TRAIN
04/01/2025 09:49:40 PM - LFADS_Logger - INFO - total_loss: 2.15224
04/01/2025 09:49:40 PM - LFADS_Logger - INFO - recon_loss: 2.15224
04/01/2025 09:49:40 PM - LFADS_Logger - INFO - l2_loss: 0.00000
04/01/2025 09:49:40 PM - LFADS_Logger - INFO - kl_loss: 0.00000
04/01/2025 09:49:43 PM - LFADS_Logger - INFO - Epoch 10, TRAIN
04/01/2025 09:49:43 PM - LFADS_Logger - INFO - total_loss: 2.10002
04/01/2025 09:49:43 PM - LFADS_Logger - INFO - recon_loss: 2.10002
04/01/2025 09:49:43 PM - LFADS_Logger - INFO - l2_loss: 0.00000
04/01/2025 09:49:43 PM - LFADS_Logger - INFO - kl_loss: 0.00000
04/01/2025 09:49:43 PM - LFADS_Logger - INFO - Epoch 10, VALID
04/01/2025 09:49:43 PM - LFADS_Logger - INFO - total_loss: 1.88300
04/01/2025 09:49:43 PM - LFADS_Logger - INFO - recon_loss: 1.88300
04/01/2025 09:49:43 PM - LFADS_Logger - INFO - l2_loss: 0.00000
04/01/2025 09:49:43 PM - LFADS_Logger - INFO - kl_loss: 0.00000
04/01/2025 09:49:45 PM - LFADS_Logger - INFO - Epoch 11, TRAIN
04/01/2025 09:49:45 PM - LFADS_Logger - INFO - total_loss: 2.03479
04/01/2025 09:49:45 PM - LFADS_Logger - INFO - recon_loss: 2.03479
04/01/2025 09:49:45 PM - LFADS_Logger - INFO - l2_loss: 0.00000
04/01/2025 09:49:45 PM - LFADS_Logger - INFO - kl_loss: 0.00000
04/01/2025 09:49:48 PM - LFADS_Logger - INFO - Epoch 12, TRAIN
04/01/2025 09:49:48 PM - LFADS_Logger - INFO - total_loss: 2.01180
04/01/2025 09:49:48 PM - LFADS_Logger - INFO - recon_loss: 2.01180
04/01/2025 09:49:48 PM - LFADS_Logger - INFO - l2_loss: 0.00000
04/01/2025 09:49:48 PM - LFADS_Logger - INFO - kl_loss: 0.00000
04/01/2025 09:49:51 PM - LFADS_Logger - INFO - Epoch 13, TRAIN
04/01/2025 09:49:51 PM - LFADS_Logger - INFO - total_loss: 1.98898
04/01/2025 09:49:51 PM - LFADS_Logger - INFO - recon_loss: 1.98898
04/01/2025 09:49:51 PM - LFADS_Logger - INFO - l2_loss: 0.00000
04/01/2025 09:49:51 PM - LFADS_Logger - INFO - kl_loss: 0.00000
04/01/2025 09:49:53 PM - LFADS_Logger - INFO - Epoch 14, TRAIN
04/01/2025 09:49:53 PM - LFADS_Logger - INFO - total_loss: 1.90581
04/01/2025 09:49:53 PM - LFADS_Logger - INFO - recon_loss: 1.90581
04/01/2025 09:49:53 PM - LFADS_Logger - INFO - l2_loss: 0.00000
04/01/2025 09:49:53 PM - LFADS_Logger - INFO - kl_loss: 0.00000
04/01/2025 09:49:56 PM - LFADS_Logger - INFO - Epoch 15, TRAIN
04/01/2025 09:49:56 PM - LFADS_Logger - INFO - total_loss: 1.94120
04/01/2025 09:49:56 PM - LFADS_Logger - INFO - recon_loss: 1.94120
04/01/2025 09:49:56 PM - LFADS_Logger - INFO - l2_loss: 0.00000
04/01/2025 09:49:56 PM - LFADS_Logger - INFO - kl_loss: 0.00000
04/01/2025 09:49:56 PM - LFADS_Logger - INFO - Epoch 15, VALID
04/01/2025 09:49:56 PM - LFADS_Logger - INFO - total_loss: 1.66382
04/01/2025 09:49:56 PM - LFADS_Logger - INFO - recon_loss: 1.66382
04/01/2025 09:49:56 PM - LFADS_Logger - INFO - l2_loss: 0.00000
04/01/2025 09:49:56 PM - LFADS_Logger - INFO - kl_loss: 0.00000
04/01/2025 09:49:59 PM - LFADS_Logger - INFO - Epoch 16, TRAIN
04/01/2025 09:49:59 PM - LFADS_Logger - INFO - total_loss: 1.84948
04/01/2025 09:49:59 PM - LFADS_Logger - INFO - recon_loss: 1.84948
04/01/2025 09:49:59 PM - LFADS_Logger - INFO - l2_loss: 0.00000
04/01/2025 09:49:59 PM - LFADS_Logger - INFO - kl_loss: 0.00000
04/01/2025 09:50:01 PM - LFADS_Logger - INFO - Epoch 17, TRAIN
04/01/2025 09:50:01 PM - LFADS_Logger - INFO - total_loss: 1.87598
04/01/2025 09:50:01 PM - LFADS_Logger - INFO - recon_loss: 1.87598
04/01/2025 09:50:01 PM - LFADS_Logger - INFO - l2_loss: 0.00000
04/01/2025 09:50:01 PM - LFADS_Logger - INFO - kl_loss: 0.00000
04/01/2025 09:50:04 PM - LFADS_Logger - INFO - Epoch 18, TRAIN
04/01/2025 09:50:04 PM - LFADS_Logger - INFO - total_loss: 1.84595
04/01/2025 09:50:04 PM - LFADS_Logger - INFO - recon_loss: 1.84595
04/01/2025 09:50:04 PM - LFADS_Logger - INFO - l2_loss: 0.00000
04/01/2025 09:50:04 PM - LFADS_Logger - INFO - kl_loss: 0.00000
04/01/2025 09:50:07 PM - LFADS_Logger - INFO - Epoch 19, TRAIN
04/01/2025 09:50:07 PM - LFADS_Logger - INFO - total_loss: 1.80707
04/01/2025 09:50:07 PM - LFADS_Logger - INFO - recon_loss: 1.80707
04/01/2025 09:50:07 PM - LFADS_Logger - INFO - l2_loss: 0.00000
04/01/2025 09:50:07 PM - LFADS_Logger - INFO - kl_loss: 0.00000
04/01/2025 09:50:10 PM - LFADS_Logger - INFO - Epoch 20, TRAIN
04/01/2025 09:50:10 PM - LFADS_Logger - INFO - total_loss: 1.78603
04/01/2025 09:50:10 PM - LFADS_Logger - INFO - recon_loss: 1.78603
04/01/2025 09:50:10 PM - LFADS_Logger - INFO - l2_loss: 0.00000
04/01/2025 09:50:10 PM - LFADS_Logger - INFO - kl_loss: 0.00000
04/01/2025 09:50:10 PM - LFADS_Logger - INFO - Epoch 20, VALID
04/01/2025 09:50:10 PM - LFADS_Logger - INFO - total_loss: 1.90512
04/01/2025 09:50:10 PM - LFADS_Logger - INFO - recon_loss: 1.90512
04/01/2025 09:50:10 PM - LFADS_Logger - INFO - l2_loss: 0.00000
04/01/2025 09:50:10 PM - LFADS_Logger - INFO - kl_loss: 0.00000
04/01/2025 09:50:12 PM - LFADS_Logger - INFO - Epoch 21, TRAIN
04/01/2025 09:50:12 PM - LFADS_Logger - INFO - total_loss: 1.74186
04/01/2025 09:50:12 PM - LFADS_Logger - INFO - recon_loss: 1.74186
04/01/2025 09:50:12 PM - LFADS_Logger - INFO - l2_loss: 0.00000
04/01/2025 09:50:12 PM - LFADS_Logger - INFO - kl_loss: 0.00000
04/01/2025 09:50:15 PM - LFADS_Logger - INFO - Epoch 22, TRAIN
04/01/2025 09:50:15 PM - LFADS_Logger - INFO - total_loss: 1.71137
04/01/2025 09:50:15 PM - LFADS_Logger - INFO - recon_loss: 1.71137
04/01/2025 09:50:15 PM - LFADS_Logger - INFO - l2_loss: 0.00000
04/01/2025 09:50:15 PM - LFADS_Logger - INFO - kl_loss: 0.00000
04/01/2025 09:50:18 PM - LFADS_Logger - INFO - Epoch 23, TRAIN
04/01/2025 09:50:18 PM - LFADS_Logger - INFO - total_loss: 1.74700
04/01/2025 09:50:18 PM - LFADS_Logger - INFO - recon_loss: 1.74700
04/01/2025 09:50:18 PM - LFADS_Logger - INFO - l2_loss: 0.00000
04/01/2025 09:50:18 PM - LFADS_Logger - INFO - kl_loss: 0.00000
04/01/2025 09:50:20 PM - LFADS_Logger - INFO - Epoch 24, TRAIN
04/01/2025 09:50:20 PM - LFADS_Logger - INFO - total_loss: 1.73165
04/01/2025 09:50:20 PM - LFADS_Logger - INFO - recon_loss: 1.73165
04/01/2025 09:50:20 PM - LFADS_Logger - INFO - l2_loss: 0.00000
04/01/2025 09:50:20 PM - LFADS_Logger - INFO - kl_loss: 0.00000
04/01/2025 09:50:23 PM - LFADS_Logger - INFO - Epoch 25, TRAIN
04/01/2025 09:50:23 PM - LFADS_Logger - INFO - total_loss: 1.68044
04/01/2025 09:50:23 PM - LFADS_Logger - INFO - recon_loss: 1.68044
04/01/2025 09:50:23 PM - LFADS_Logger - INFO - l2_loss: 0.00000
04/01/2025 09:50:23 PM - LFADS_Logger - INFO - kl_loss: 0.00000
04/01/2025 09:50:23 PM - LFADS_Logger - INFO - Epoch 25, VALID
04/01/2025 09:50:23 PM - LFADS_Logger - INFO - total_loss: 1.62901
04/01/2025 09:50:23 PM - LFADS_Logger - INFO - recon_loss: 1.62901
04/01/2025 09:50:23 PM - LFADS_Logger - INFO - l2_loss: 0.00000
04/01/2025 09:50:23 PM - LFADS_Logger - INFO - kl_loss: 0.00000
04/01/2025 09:50:26 PM - LFADS_Logger - INFO - Epoch 26, TRAIN
04/01/2025 09:50:26 PM - LFADS_Logger - INFO - total_loss: 1.66602
04/01/2025 09:50:26 PM - LFADS_Logger - INFO - recon_loss: 1.66602
04/01/2025 09:50:26 PM - LFADS_Logger - INFO - l2_loss: 0.00000
04/01/2025 09:50:26 PM - LFADS_Logger - INFO - kl_loss: 0.00000
04/01/2025 09:50:28 PM - LFADS_Logger - INFO - Epoch 27, TRAIN
04/01/2025 09:50:28 PM - LFADS_Logger - INFO - total_loss: 1.64431
04/01/2025 09:50:28 PM - LFADS_Logger - INFO - recon_loss: 1.64431
04/01/2025 09:50:28 PM - LFADS_Logger - INFO - l2_loss: 0.00000
04/01/2025 09:50:28 PM - LFADS_Logger - INFO - kl_loss: 0.00000
04/01/2025 09:50:31 PM - LFADS_Logger - INFO - Epoch 28, TRAIN
04/01/2025 09:50:31 PM - LFADS_Logger - INFO - total_loss: 1.65415
04/01/2025 09:50:31 PM - LFADS_Logger - INFO - recon_loss: 1.65415
04/01/2025 09:50:31 PM - LFADS_Logger - INFO - l2_loss: 0.00000
04/01/2025 09:50:31 PM - LFADS_Logger - INFO - kl_loss: 0.00000
04/01/2025 09:50:34 PM - LFADS_Logger - INFO - Epoch 29, TRAIN
04/01/2025 09:50:34 PM - LFADS_Logger - INFO - total_loss: 1.63672
04/01/2025 09:50:34 PM - LFADS_Logger - INFO - recon_loss: 1.63672
04/01/2025 09:50:34 PM - LFADS_Logger - INFO - l2_loss: 0.00000
04/01/2025 09:50:34 PM - LFADS_Logger - INFO - kl_loss: 0.00000
04/01/2025 09:50:36 PM - LFADS_Logger - INFO - Epoch 30, TRAIN
04/01/2025 09:50:36 PM - LFADS_Logger - INFO - total_loss: 1.66756
04/01/2025 09:50:36 PM - LFADS_Logger - INFO - recon_loss: 1.66755
04/01/2025 09:50:36 PM - LFADS_Logger - INFO - l2_loss: 0.00000
04/01/2025 09:50:36 PM - LFADS_Logger - INFO - kl_loss: 0.00000
04/01/2025 09:50:36 PM - LFADS_Logger - INFO - Epoch 30, VALID
04/01/2025 09:50:36 PM - LFADS_Logger - INFO - total_loss: 1.44941
04/01/2025 09:50:36 PM - LFADS_Logger - INFO - recon_loss: 1.44941
04/01/2025 09:50:36 PM - LFADS_Logger - INFO - l2_loss: 0.00000
04/01/2025 09:50:36 PM - LFADS_Logger - INFO - kl_loss: 0.00000
04/01/2025 09:50:39 PM - LFADS_Logger - INFO - Epoch 31, TRAIN
04/01/2025 09:50:39 PM - LFADS_Logger - INFO - total_loss: 1.59604
04/01/2025 09:50:39 PM - LFADS_Logger - INFO - recon_loss: 1.59604
04/01/2025 09:50:39 PM - LFADS_Logger - INFO - l2_loss: 0.00000
04/01/2025 09:50:39 PM - LFADS_Logger - INFO - kl_loss: 0.00000
04/01/2025 09:50:42 PM - LFADS_Logger - INFO - Epoch 32, TRAIN
04/01/2025 09:50:42 PM - LFADS_Logger - INFO - total_loss: 1.59979
04/01/2025 09:50:42 PM - LFADS_Logger - INFO - recon_loss: 1.59979
04/01/2025 09:50:42 PM - LFADS_Logger - INFO - l2_loss: 0.00000
04/01/2025 09:50:42 PM - LFADS_Logger - INFO - kl_loss: 0.00000
04/01/2025 09:50:44 PM - LFADS_Logger - INFO - Epoch 33, TRAIN
04/01/2025 09:50:44 PM - LFADS_Logger - INFO - total_loss: 1.59996
04/01/2025 09:50:44 PM - LFADS_Logger - INFO - recon_loss: 1.59996
04/01/2025 09:50:44 PM - LFADS_Logger - INFO - l2_loss: 0.00000
04/01/2025 09:50:44 PM - LFADS_Logger - INFO - kl_loss: 0.00000
04/01/2025 09:50:47 PM - LFADS_Logger - INFO - Epoch 34, TRAIN
04/01/2025 09:50:47 PM - LFADS_Logger - INFO - total_loss: 1.58057
04/01/2025 09:50:47 PM - LFADS_Logger - INFO - recon_loss: 1.58057
04/01/2025 09:50:47 PM - LFADS_Logger - INFO - l2_loss: 0.00000
04/01/2025 09:50:47 PM - LFADS_Logger - INFO - kl_loss: 0.00000
04/01/2025 09:50:50 PM - LFADS_Logger - INFO - Epoch 35, TRAIN
04/01/2025 09:50:50 PM - LFADS_Logger - INFO - total_loss: 1.55769
04/01/2025 09:50:50 PM - LFADS_Logger - INFO - recon_loss: 1.55769
04/01/2025 09:50:50 PM - LFADS_Logger - INFO - l2_loss: 0.00000
04/01/2025 09:50:50 PM - LFADS_Logger - INFO - kl_loss: 0.00000
04/01/2025 09:50:50 PM - LFADS_Logger - INFO - Epoch 35, VALID
04/01/2025 09:50:50 PM - LFADS_Logger - INFO - total_loss: 1.62210
04/01/2025 09:50:50 PM - LFADS_Logger - INFO - recon_loss: 1.62210
04/01/2025 09:50:50 PM - LFADS_Logger - INFO - l2_loss: 0.00000
04/01/2025 09:50:50 PM - LFADS_Logger - INFO - kl_loss: 0.00000
04/01/2025 09:50:52 PM - LFADS_Logger - INFO - Epoch 36, TRAIN
04/01/2025 09:50:52 PM - LFADS_Logger - INFO - total_loss: 1.55687
04/01/2025 09:50:52 PM - LFADS_Logger - INFO - recon_loss: 1.55687
04/01/2025 09:50:52 PM - LFADS_Logger - INFO - l2_loss: 0.00000
04/01/2025 09:50:52 PM - LFADS_Logger - INFO - kl_loss: 0.00000
04/01/2025 09:50:55 PM - LFADS_Logger - INFO - Epoch 37, TRAIN
04/01/2025 09:50:55 PM - LFADS_Logger - INFO - total_loss: 1.56248
04/01/2025 09:50:55 PM - LFADS_Logger - INFO - recon_loss: 1.56248
04/01/2025 09:50:55 PM - LFADS_Logger - INFO - l2_loss: 0.00000
04/01/2025 09:50:55 PM - LFADS_Logger - INFO - kl_loss: 0.00000
04/01/2025 09:50:58 PM - LFADS_Logger - INFO - Epoch 38, TRAIN
04/01/2025 09:50:58 PM - LFADS_Logger - INFO - total_loss: 1.53510
04/01/2025 09:50:58 PM - LFADS_Logger - INFO - recon_loss: 1.53510
04/01/2025 09:50:58 PM - LFADS_Logger - INFO - l2_loss: 0.00000
04/01/2025 09:50:58 PM - LFADS_Logger - INFO - kl_loss: 0.00000
04/01/2025 09:51:00 PM - LFADS_Logger - INFO - Epoch 39, TRAIN
04/01/2025 09:51:00 PM - LFADS_Logger - INFO - total_loss: 1.54822
04/01/2025 09:51:00 PM - LFADS_Logger - INFO - recon_loss: 1.54822
04/01/2025 09:51:00 PM - LFADS_Logger - INFO - l2_loss: 0.00000
04/01/2025 09:51:00 PM - LFADS_Logger - INFO - kl_loss: 0.00000
04/01/2025 09:51:03 PM - LFADS_Logger - INFO - Epoch 40, TRAIN
04/01/2025 09:51:03 PM - LFADS_Logger - INFO - total_loss: 1.53710
04/01/2025 09:51:03 PM - LFADS_Logger - INFO - recon_loss: 1.53710
04/01/2025 09:51:03 PM - LFADS_Logger - INFO - l2_loss: 0.00000
04/01/2025 09:51:03 PM - LFADS_Logger - INFO - kl_loss: 0.00000
04/01/2025 09:51:03 PM - LFADS_Logger - INFO - Epoch 40, VALID
04/01/2025 09:51:03 PM - LFADS_Logger - INFO - total_loss: 1.55167
04/01/2025 09:51:03 PM - LFADS_Logger - INFO - recon_loss: 1.55167
04/01/2025 09:51:03 PM - LFADS_Logger - INFO - l2_loss: 0.00000
04/01/2025 09:51:03 PM - LFADS_Logger - INFO - kl_loss: 0.00000
04/01/2025 09:51:06 PM - LFADS_Logger - INFO - Epoch 41, TRAIN
04/01/2025 09:51:06 PM - LFADS_Logger - INFO - total_loss: 1.55080
04/01/2025 09:51:06 PM - LFADS_Logger - INFO - recon_loss: 1.55080
04/01/2025 09:51:06 PM - LFADS_Logger - INFO - l2_loss: 0.00000
04/01/2025 09:51:06 PM - LFADS_Logger - INFO - kl_loss: 0.00000
04/01/2025 09:51:08 PM - LFADS_Logger - INFO - Epoch 42, TRAIN
04/01/2025 09:51:08 PM - LFADS_Logger - INFO - total_loss: 1.50972
04/01/2025 09:51:08 PM - LFADS_Logger - INFO - recon_loss: 1.50972
04/01/2025 09:51:08 PM - LFADS_Logger - INFO - l2_loss: 0.00000
04/01/2025 09:51:08 PM - LFADS_Logger - INFO - kl_loss: 0.00000
04/01/2025 09:51:11 PM - LFADS_Logger - INFO - Epoch 43, TRAIN
04/01/2025 09:51:11 PM - LFADS_Logger - INFO - total_loss: 1.51905
04/01/2025 09:51:11 PM - LFADS_Logger - INFO - recon_loss: 1.51905
04/01/2025 09:51:11 PM - LFADS_Logger - INFO - l2_loss: 0.00000
04/01/2025 09:51:11 PM - LFADS_Logger - INFO - kl_loss: 0.00000
04/01/2025 09:51:14 PM - LFADS_Logger - INFO - Epoch 44, TRAIN
04/01/2025 09:51:14 PM - LFADS_Logger - INFO - total_loss: 1.49100
04/01/2025 09:51:14 PM - LFADS_Logger - INFO - recon_loss: 1.49100
04/01/2025 09:51:14 PM - LFADS_Logger - INFO - l2_loss: 0.00000
04/01/2025 09:51:14 PM - LFADS_Logger - INFO - kl_loss: 0.00000
04/01/2025 09:51:16 PM - LFADS_Logger - INFO - Epoch 45, TRAIN
04/01/2025 09:51:16 PM - LFADS_Logger - INFO - total_loss: 1.49376
04/01/2025 09:51:16 PM - LFADS_Logger - INFO - recon_loss: 1.49376
04/01/2025 09:51:16 PM - LFADS_Logger - INFO - l2_loss: 0.00000
04/01/2025 09:51:16 PM - LFADS_Logger - INFO - kl_loss: 0.00000
04/01/2025 09:51:16 PM - LFADS_Logger - INFO - Epoch 45, VALID
04/01/2025 09:51:16 PM - LFADS_Logger - INFO - total_loss: 1.51227
04/01/2025 09:51:16 PM - LFADS_Logger - INFO - recon_loss: 1.51227
04/01/2025 09:51:16 PM - LFADS_Logger - INFO - l2_loss: 0.00000
04/01/2025 09:51:16 PM - LFADS_Logger - INFO - kl_loss: 0.00000
04/01/2025 09:51:19 PM - LFADS_Logger - INFO - Epoch 46, TRAIN
04/01/2025 09:51:19 PM - LFADS_Logger - INFO - total_loss: 1.51879
04/01/2025 09:51:19 PM - LFADS_Logger - INFO - recon_loss: 1.51879
04/01/2025 09:51:19 PM - LFADS_Logger - INFO - l2_loss: 0.00000
04/01/2025 09:51:19 PM - LFADS_Logger - INFO - kl_loss: 0.00000
04/01/2025 09:51:22 PM - LFADS_Logger - INFO - Epoch 47, TRAIN
04/01/2025 09:51:22 PM - LFADS_Logger - INFO - total_loss: 1.50383
04/01/2025 09:51:22 PM - LFADS_Logger - INFO - recon_loss: 1.50383
04/01/2025 09:51:22 PM - LFADS_Logger - INFO - l2_loss: 0.00000
04/01/2025 09:51:22 PM - LFADS_Logger - INFO - kl_loss: 0.00000
04/01/2025 09:51:24 PM - LFADS_Logger - INFO - Epoch 48, TRAIN
04/01/2025 09:51:24 PM - LFADS_Logger - INFO - total_loss: 1.50100
04/01/2025 09:51:24 PM - LFADS_Logger - INFO - recon_loss: 1.50099
04/01/2025 09:51:24 PM - LFADS_Logger - INFO - l2_loss: 0.00000
04/01/2025 09:51:24 PM - LFADS_Logger - INFO - kl_loss: 0.00000
04/01/2025 09:51:27 PM - LFADS_Logger - INFO - Epoch 49, TRAIN
04/01/2025 09:51:27 PM - LFADS_Logger - INFO - total_loss: 1.45639
04/01/2025 09:51:27 PM - LFADS_Logger - INFO - recon_loss: 1.45639
04/01/2025 09:51:27 PM - LFADS_Logger - INFO - l2_loss: 0.00000
04/01/2025 09:51:27 PM - LFADS_Logger - INFO - kl_loss: 0.00000
04/01/2025 09:51:30 PM - LFADS_Logger - INFO - Epoch 50, TRAIN
04/01/2025 09:51:30 PM - LFADS_Logger - INFO - total_loss: 1.51082
04/01/2025 09:51:30 PM - LFADS_Logger - INFO - recon_loss: 1.51082
04/01/2025 09:51:30 PM - LFADS_Logger - INFO - l2_loss: 0.00000
04/01/2025 09:51:30 PM - LFADS_Logger - INFO - kl_loss: 0.00000
04/01/2025 09:51:30 PM - LFADS_Logger - INFO - Epoch 50, VALID
04/01/2025 09:51:30 PM - LFADS_Logger - INFO - total_loss: 1.52823
04/01/2025 09:51:30 PM - LFADS_Logger - INFO - recon_loss: 1.52823
04/01/2025 09:51:30 PM - LFADS_Logger - INFO - l2_loss: 0.00000
04/01/2025 09:51:30 PM - LFADS_Logger - INFO - kl_loss: 0.00000
04/01/2025 09:51:33 PM - LFADS_Logger - INFO - Training completed | train loss 1.51082 | valid loss 1.52823
