04/01/2025 09:48:00 PM - stVAE_Logger - INFO - Epoch 1, TRAIN
04/01/2025 09:48:00 PM - stVAE_Logger - INFO - loss: 15.46698
04/01/2025 09:48:00 PM - stVAE_Logger - INFO - mse: 15.33791
04/01/2025 09:48:00 PM - stVAE_Logger - INFO - kld: 1.29070
04/01/2025 09:48:00 PM - stVAE_Logger - INFO - Epoch 2, TRAIN
04/01/2025 09:48:00 PM - stVAE_Logger - INFO - loss: 6.89552
04/01/2025 09:48:00 PM - stVAE_Logger - INFO - mse: 6.87201
04/01/2025 09:48:00 PM - stVAE_Logger - INFO - kld: 0.23516
04/01/2025 09:48:00 PM - stVAE_Logger - INFO - Epoch 3, TRAIN
04/01/2025 09:48:00 PM - stVAE_Logger - INFO - loss: 3.27154
04/01/2025 09:48:00 PM - stVAE_Logger - INFO - mse: 3.24976
04/01/2025 09:48:00 PM - stVAE_Logger - INFO - kld: 0.21777
04/01/2025 09:48:01 PM - stVAE_Logger - INFO - Epoch 4, TRAIN
04/01/2025 09:48:01 PM - stVAE_Logger - INFO - loss: 1.99047
04/01/2025 09:48:01 PM - stVAE_Logger - INFO - mse: 1.96754
04/01/2025 09:48:01 PM - stVAE_Logger - INFO - kld: 0.22928
04/01/2025 09:48:01 PM - stVAE_Logger - INFO - Epoch 4, VALID
04/01/2025 09:48:01 PM - stVAE_Logger - INFO - loss: 1.85825
04/01/2025 09:48:01 PM - stVAE_Logger - INFO - mse: 1.83339
04/01/2025 09:48:01 PM - stVAE_Logger - INFO - kld: 0.24866
04/01/2025 09:48:01 PM - stVAE_Logger - INFO - Epoch 5, TRAIN
04/01/2025 09:48:01 PM - stVAE_Logger - INFO - loss: 1.50465
04/01/2025 09:48:01 PM - stVAE_Logger - INFO - mse: 1.47884
04/01/2025 09:48:01 PM - stVAE_Logger - INFO - kld: 0.25805
04/01/2025 09:48:01 PM - stVAE_Logger - INFO - Epoch 6, TRAIN
04/01/2025 09:48:01 PM - stVAE_Logger - INFO - loss: 1.19760
04/01/2025 09:48:01 PM - stVAE_Logger - INFO - mse: 1.16633
04/01/2025 09:48:01 PM - stVAE_Logger - INFO - kld: 0.31262
04/01/2025 09:48:02 PM - stVAE_Logger - INFO - Epoch 7, TRAIN
04/01/2025 09:48:02 PM - stVAE_Logger - INFO - loss: 1.00422
04/01/2025 09:48:02 PM - stVAE_Logger - INFO - mse: 0.97114
04/01/2025 09:48:02 PM - stVAE_Logger - INFO - kld: 0.33076
04/01/2025 09:48:02 PM - stVAE_Logger - INFO - Epoch 8, TRAIN
04/01/2025 09:48:02 PM - stVAE_Logger - INFO - loss: 0.86359
04/01/2025 09:48:02 PM - stVAE_Logger - INFO - mse: 0.82758
04/01/2025 09:48:02 PM - stVAE_Logger - INFO - kld: 0.36006
04/01/2025 09:48:02 PM - stVAE_Logger - INFO - Epoch 8, VALID
04/01/2025 09:48:02 PM - stVAE_Logger - INFO - loss: 0.80785
04/01/2025 09:48:02 PM - stVAE_Logger - INFO - mse: 0.77145
04/01/2025 09:48:02 PM - stVAE_Logger - INFO - kld: 0.36410
04/01/2025 09:48:02 PM - stVAE_Logger - INFO - Epoch 9, TRAIN
04/01/2025 09:48:02 PM - stVAE_Logger - INFO - loss: 0.76428
04/01/2025 09:48:02 PM - stVAE_Logger - INFO - mse: 0.72961
04/01/2025 09:48:02 PM - stVAE_Logger - INFO - kld: 0.34671
04/01/2025 09:48:02 PM - stVAE_Logger - INFO - Epoch 10, TRAIN
04/01/2025 09:48:02 PM - stVAE_Logger - INFO - loss: 0.73102
04/01/2025 09:48:02 PM - stVAE_Logger - INFO - mse: 0.69527
04/01/2025 09:48:02 PM - stVAE_Logger - INFO - kld: 0.35748
04/01/2025 09:48:03 PM - stVAE_Logger - INFO - Epoch 11, TRAIN
04/01/2025 09:48:03 PM - stVAE_Logger - INFO - loss: 0.66796
04/01/2025 09:48:03 PM - stVAE_Logger - INFO - mse: 0.63412
04/01/2025 09:48:03 PM - stVAE_Logger - INFO - kld: 0.33838
04/01/2025 09:48:03 PM - stVAE_Logger - INFO - Epoch 12, TRAIN
04/01/2025 09:48:03 PM - stVAE_Logger - INFO - loss: 0.61996
04/01/2025 09:48:03 PM - stVAE_Logger - INFO - mse: 0.58545
04/01/2025 09:48:03 PM - stVAE_Logger - INFO - kld: 0.34505
04/01/2025 09:48:03 PM - stVAE_Logger - INFO - Epoch 12, VALID
04/01/2025 09:48:03 PM - stVAE_Logger - INFO - loss: 0.60670
04/01/2025 09:48:03 PM - stVAE_Logger - INFO - mse: 0.57241
04/01/2025 09:48:03 PM - stVAE_Logger - INFO - kld: 0.34287
04/01/2025 09:48:03 PM - stVAE_Logger - INFO - Epoch 13, TRAIN
04/01/2025 09:48:03 PM - stVAE_Logger - INFO - loss: 0.59900
04/01/2025 09:48:03 PM - stVAE_Logger - INFO - mse: 0.56376
04/01/2025 09:48:03 PM - stVAE_Logger - INFO - kld: 0.35241
04/01/2025 09:48:03 PM - stVAE_Logger - INFO - Epoch 14, TRAIN
04/01/2025 09:48:03 PM - stVAE_Logger - INFO - loss: 0.55308
04/01/2025 09:48:03 PM - stVAE_Logger - INFO - mse: 0.51830
04/01/2025 09:48:03 PM - stVAE_Logger - INFO - kld: 0.34784
04/01/2025 09:48:04 PM - stVAE_Logger - INFO - Epoch 15, TRAIN
04/01/2025 09:48:04 PM - stVAE_Logger - INFO - loss: 0.54824
04/01/2025 09:48:04 PM - stVAE_Logger - INFO - mse: 0.51402
04/01/2025 09:48:04 PM - stVAE_Logger - INFO - kld: 0.34226
04/01/2025 09:48:04 PM - stVAE_Logger - INFO - Epoch 16, TRAIN
04/01/2025 09:48:04 PM - stVAE_Logger - INFO - loss: 0.50173
04/01/2025 09:48:04 PM - stVAE_Logger - INFO - mse: 0.46659
04/01/2025 09:48:04 PM - stVAE_Logger - INFO - kld: 0.35144
04/01/2025 09:48:04 PM - stVAE_Logger - INFO - Epoch 16, VALID
04/01/2025 09:48:04 PM - stVAE_Logger - INFO - loss: 0.50819
04/01/2025 09:48:04 PM - stVAE_Logger - INFO - mse: 0.47553
04/01/2025 09:48:04 PM - stVAE_Logger - INFO - kld: 0.32665
04/01/2025 09:48:04 PM - stVAE_Logger - INFO - Epoch 17, TRAIN
04/01/2025 09:48:04 PM - stVAE_Logger - INFO - loss: 0.50140
04/01/2025 09:48:04 PM - stVAE_Logger - INFO - mse: 0.46618
04/01/2025 09:48:04 PM - stVAE_Logger - INFO - kld: 0.35220
04/01/2025 09:48:05 PM - stVAE_Logger - INFO - Epoch 18, TRAIN
04/01/2025 09:48:05 PM - stVAE_Logger - INFO - loss: 0.45748
04/01/2025 09:48:05 PM - stVAE_Logger - INFO - mse: 0.42191
04/01/2025 09:48:05 PM - stVAE_Logger - INFO - kld: 0.35569
04/01/2025 09:48:05 PM - stVAE_Logger - INFO - Epoch 19, TRAIN
04/01/2025 09:48:05 PM - stVAE_Logger - INFO - loss: 0.44957
04/01/2025 09:48:05 PM - stVAE_Logger - INFO - mse: 0.41446
04/01/2025 09:48:05 PM - stVAE_Logger - INFO - kld: 0.35102
04/01/2025 09:48:05 PM - stVAE_Logger - INFO - Epoch 20, TRAIN
04/01/2025 09:48:05 PM - stVAE_Logger - INFO - loss: 0.43405
04/01/2025 09:48:05 PM - stVAE_Logger - INFO - mse: 0.39848
04/01/2025 09:48:05 PM - stVAE_Logger - INFO - kld: 0.35575
04/01/2025 09:48:05 PM - stVAE_Logger - INFO - Epoch 20, VALID
04/01/2025 09:48:05 PM - stVAE_Logger - INFO - loss: 0.45752
04/01/2025 09:48:05 PM - stVAE_Logger - INFO - mse: 0.41921
04/01/2025 09:48:05 PM - stVAE_Logger - INFO - kld: 0.38309
04/01/2025 09:48:05 PM - stVAE_Logger - INFO - Epoch 21, TRAIN
04/01/2025 09:48:05 PM - stVAE_Logger - INFO - loss: 0.42545
04/01/2025 09:48:05 PM - stVAE_Logger - INFO - mse: 0.38977
04/01/2025 09:48:05 PM - stVAE_Logger - INFO - kld: 0.35687
04/01/2025 09:48:06 PM - stVAE_Logger - INFO - Epoch 22, TRAIN
04/01/2025 09:48:06 PM - stVAE_Logger - INFO - loss: 0.41841
04/01/2025 09:48:06 PM - stVAE_Logger - INFO - mse: 0.38196
04/01/2025 09:48:06 PM - stVAE_Logger - INFO - kld: 0.36449
04/01/2025 09:48:06 PM - stVAE_Logger - INFO - Epoch 23, TRAIN
04/01/2025 09:48:06 PM - stVAE_Logger - INFO - loss: 0.40828
04/01/2025 09:48:06 PM - stVAE_Logger - INFO - mse: 0.37172
04/01/2025 09:48:06 PM - stVAE_Logger - INFO - kld: 0.36560
04/01/2025 09:48:06 PM - stVAE_Logger - INFO - Epoch 24, TRAIN
04/01/2025 09:48:06 PM - stVAE_Logger - INFO - loss: 0.40315
04/01/2025 09:48:06 PM - stVAE_Logger - INFO - mse: 0.36776
04/01/2025 09:48:06 PM - stVAE_Logger - INFO - kld: 0.35392
04/01/2025 09:48:06 PM - stVAE_Logger - INFO - Epoch 24, VALID
04/01/2025 09:48:06 PM - stVAE_Logger - INFO - loss: 0.41079
04/01/2025 09:48:06 PM - stVAE_Logger - INFO - mse: 0.37646
04/01/2025 09:48:06 PM - stVAE_Logger - INFO - kld: 0.34329
04/01/2025 09:48:06 PM - stVAE_Logger - INFO - Epoch 25, TRAIN
04/01/2025 09:48:06 PM - stVAE_Logger - INFO - loss: 0.39682
04/01/2025 09:48:06 PM - stVAE_Logger - INFO - mse: 0.36067
04/01/2025 09:48:06 PM - stVAE_Logger - INFO - kld: 0.36149
04/01/2025 09:48:07 PM - stVAE_Logger - INFO - Epoch 26, TRAIN
04/01/2025 09:48:07 PM - stVAE_Logger - INFO - loss: 0.38357
04/01/2025 09:48:07 PM - stVAE_Logger - INFO - mse: 0.34736
04/01/2025 09:48:07 PM - stVAE_Logger - INFO - kld: 0.36214
04/01/2025 09:48:07 PM - stVAE_Logger - INFO - Epoch 27, TRAIN
04/01/2025 09:48:07 PM - stVAE_Logger - INFO - loss: 0.37932
04/01/2025 09:48:07 PM - stVAE_Logger - INFO - mse: 0.34287
04/01/2025 09:48:07 PM - stVAE_Logger - INFO - kld: 0.36446
04/01/2025 09:48:07 PM - stVAE_Logger - INFO - Epoch 28, TRAIN
04/01/2025 09:48:07 PM - stVAE_Logger - INFO - loss: 0.36583
04/01/2025 09:48:07 PM - stVAE_Logger - INFO - mse: 0.32958
04/01/2025 09:48:07 PM - stVAE_Logger - INFO - kld: 0.36255
04/01/2025 09:48:07 PM - stVAE_Logger - INFO - Epoch 28, VALID
04/01/2025 09:48:07 PM - stVAE_Logger - INFO - loss: 0.39560
04/01/2025 09:48:07 PM - stVAE_Logger - INFO - mse: 0.35868
04/01/2025 09:48:07 PM - stVAE_Logger - INFO - kld: 0.36918
04/01/2025 09:48:08 PM - stVAE_Logger - INFO - Epoch 29, TRAIN
04/01/2025 09:48:08 PM - stVAE_Logger - INFO - loss: 0.36595
04/01/2025 09:48:08 PM - stVAE_Logger - INFO - mse: 0.32914
04/01/2025 09:48:08 PM - stVAE_Logger - INFO - kld: 0.36807
04/01/2025 09:48:08 PM - stVAE_Logger - INFO - Epoch 30, TRAIN
04/01/2025 09:48:08 PM - stVAE_Logger - INFO - loss: 0.36451
04/01/2025 09:48:08 PM - stVAE_Logger - INFO - mse: 0.32797
04/01/2025 09:48:08 PM - stVAE_Logger - INFO - kld: 0.36535
04/01/2025 09:48:08 PM - stVAE_Logger - INFO - Epoch 31, TRAIN
04/01/2025 09:48:08 PM - stVAE_Logger - INFO - loss: 0.36269
04/01/2025 09:48:08 PM - stVAE_Logger - INFO - mse: 0.32546
04/01/2025 09:48:08 PM - stVAE_Logger - INFO - kld: 0.37230
04/01/2025 09:48:08 PM - stVAE_Logger - INFO - Epoch 32, TRAIN
04/01/2025 09:48:08 PM - stVAE_Logger - INFO - loss: 0.35673
04/01/2025 09:48:08 PM - stVAE_Logger - INFO - mse: 0.31995
04/01/2025 09:48:08 PM - stVAE_Logger - INFO - kld: 0.36772
04/01/2025 09:48:08 PM - stVAE_Logger - INFO - Epoch 32, VALID
04/01/2025 09:48:08 PM - stVAE_Logger - INFO - loss: 0.40349
04/01/2025 09:48:08 PM - stVAE_Logger - INFO - mse: 0.32887
04/01/2025 09:48:08 PM - stVAE_Logger - INFO - kld: 0.37313
04/01/2025 09:48:09 PM - stVAE_Logger - INFO - Epoch 33, TRAIN
04/01/2025 09:48:09 PM - stVAE_Logger - INFO - loss: 0.38612
04/01/2025 09:48:09 PM - stVAE_Logger - INFO - mse: 0.33986
04/01/2025 09:48:09 PM - stVAE_Logger - INFO - kld: 0.23129
04/01/2025 09:48:09 PM - stVAE_Logger - INFO - Epoch 34, TRAIN
04/01/2025 09:48:09 PM - stVAE_Logger - INFO - loss: 0.40789
04/01/2025 09:48:09 PM - stVAE_Logger - INFO - mse: 0.35629
04/01/2025 09:48:09 PM - stVAE_Logger - INFO - kld: 0.17199
04/01/2025 09:48:09 PM - stVAE_Logger - INFO - Epoch 35, TRAIN
04/01/2025 09:48:09 PM - stVAE_Logger - INFO - loss: 0.42371
04/01/2025 09:48:09 PM - stVAE_Logger - INFO - mse: 0.36829
04/01/2025 09:48:09 PM - stVAE_Logger - INFO - kld: 0.13854
04/01/2025 09:48:10 PM - stVAE_Logger - INFO - Epoch 36, TRAIN
04/01/2025 09:48:10 PM - stVAE_Logger - INFO - loss: 0.44401
04/01/2025 09:48:10 PM - stVAE_Logger - INFO - mse: 0.38518
04/01/2025 09:48:10 PM - stVAE_Logger - INFO - kld: 0.11765
04/01/2025 09:48:10 PM - stVAE_Logger - INFO - Epoch 36, VALID
04/01/2025 09:48:10 PM - stVAE_Logger - INFO - loss: 0.41052
04/01/2025 09:48:10 PM - stVAE_Logger - INFO - mse: 0.33620
04/01/2025 09:48:10 PM - stVAE_Logger - INFO - kld: 0.12387
04/01/2025 09:48:10 PM - stVAE_Logger - INFO - Epoch 37, TRAIN
04/01/2025 09:48:10 PM - stVAE_Logger - INFO - loss: 0.45665
04/01/2025 09:48:10 PM - stVAE_Logger - INFO - mse: 0.39637
04/01/2025 09:48:10 PM - stVAE_Logger - INFO - kld: 0.10046
04/01/2025 09:48:10 PM - stVAE_Logger - INFO - Epoch 38, TRAIN
04/01/2025 09:48:10 PM - stVAE_Logger - INFO - loss: 0.46621
04/01/2025 09:48:10 PM - stVAE_Logger - INFO - mse: 0.40459
04/01/2025 09:48:10 PM - stVAE_Logger - INFO - kld: 0.08804
04/01/2025 09:48:10 PM - stVAE_Logger - INFO - Epoch 39, TRAIN
04/01/2025 09:48:10 PM - stVAE_Logger - INFO - loss: 0.48399
04/01/2025 09:48:10 PM - stVAE_Logger - INFO - mse: 0.42090
04/01/2025 09:48:10 PM - stVAE_Logger - INFO - kld: 0.07886
04/01/2025 09:48:11 PM - stVAE_Logger - INFO - Epoch 40, TRAIN
04/01/2025 09:48:11 PM - stVAE_Logger - INFO - loss: 0.49184
04/01/2025 09:48:11 PM - stVAE_Logger - INFO - mse: 0.42811
04/01/2025 09:48:11 PM - stVAE_Logger - INFO - kld: 0.07081
04/01/2025 09:48:11 PM - stVAE_Logger - INFO - Epoch 40, VALID
04/01/2025 09:48:11 PM - stVAE_Logger - INFO - loss: 0.42719
04/01/2025 09:48:11 PM - stVAE_Logger - INFO - mse: 0.35054
04/01/2025 09:48:11 PM - stVAE_Logger - INFO - kld: 0.07665
04/01/2025 09:48:11 PM - stVAE_Logger - INFO - Epoch 41, TRAIN
04/01/2025 09:48:11 PM - stVAE_Logger - INFO - loss: 0.49750
04/01/2025 09:48:11 PM - stVAE_Logger - INFO - mse: 0.43329
04/01/2025 09:48:11 PM - stVAE_Logger - INFO - kld: 0.06421
04/01/2025 09:48:11 PM - stVAE_Logger - INFO - Epoch 42, TRAIN
04/01/2025 09:48:11 PM - stVAE_Logger - INFO - loss: 0.50625
04/01/2025 09:48:11 PM - stVAE_Logger - INFO - mse: 0.44032
04/01/2025 09:48:11 PM - stVAE_Logger - INFO - kld: 0.05994
04/01/2025 09:48:11 PM - stVAE_Logger - INFO - Epoch 43, TRAIN
04/01/2025 09:48:11 PM - stVAE_Logger - INFO - loss: 0.51518
04/01/2025 09:48:11 PM - stVAE_Logger - INFO - mse: 0.44854
04/01/2025 09:48:11 PM - stVAE_Logger - INFO - kld: 0.05553
04/01/2025 09:48:12 PM - stVAE_Logger - INFO - Epoch 44, TRAIN
04/01/2025 09:48:12 PM - stVAE_Logger - INFO - loss: 0.52927
04/01/2025 09:48:12 PM - stVAE_Logger - INFO - mse: 0.46064
04/01/2025 09:48:12 PM - stVAE_Logger - INFO - kld: 0.05279
04/01/2025 09:48:12 PM - stVAE_Logger - INFO - Epoch 44, VALID
04/01/2025 09:48:12 PM - stVAE_Logger - INFO - loss: 0.44131
04/01/2025 09:48:12 PM - stVAE_Logger - INFO - mse: 0.36149
04/01/2025 09:48:12 PM - stVAE_Logger - INFO - kld: 0.05701
04/01/2025 09:48:12 PM - stVAE_Logger - INFO - Epoch 45, TRAIN
04/01/2025 09:48:12 PM - stVAE_Logger - INFO - loss: 0.53262
04/01/2025 09:48:12 PM - stVAE_Logger - INFO - mse: 0.46375
04/01/2025 09:48:12 PM - stVAE_Logger - INFO - kld: 0.04919
04/01/2025 09:48:12 PM - stVAE_Logger - INFO - Epoch 46, TRAIN
04/01/2025 09:48:12 PM - stVAE_Logger - INFO - loss: 0.53716
04/01/2025 09:48:12 PM - stVAE_Logger - INFO - mse: 0.46737
04/01/2025 09:48:12 PM - stVAE_Logger - INFO - kld: 0.04653
04/01/2025 09:48:13 PM - stVAE_Logger - INFO - Epoch 47, TRAIN
04/01/2025 09:48:13 PM - stVAE_Logger - INFO - loss: 0.55169
04/01/2025 09:48:13 PM - stVAE_Logger - INFO - mse: 0.48046
04/01/2025 09:48:13 PM - stVAE_Logger - INFO - kld: 0.04452
04/01/2025 09:48:13 PM - stVAE_Logger - INFO - Epoch 48, TRAIN
04/01/2025 09:48:13 PM - stVAE_Logger - INFO - loss: 0.55629
04/01/2025 09:48:13 PM - stVAE_Logger - INFO - mse: 0.48406
04/01/2025 09:48:13 PM - stVAE_Logger - INFO - kld: 0.04248
04/01/2025 09:48:13 PM - stVAE_Logger - INFO - Epoch 48, VALID
04/01/2025 09:48:13 PM - stVAE_Logger - INFO - loss: 0.45564
04/01/2025 09:48:13 PM - stVAE_Logger - INFO - mse: 0.37247
04/01/2025 09:48:13 PM - stVAE_Logger - INFO - kld: 0.04621
04/01/2025 09:48:13 PM - stVAE_Logger - INFO - Epoch 49, TRAIN
04/01/2025 09:48:13 PM - stVAE_Logger - INFO - loss: 0.55720
04/01/2025 09:48:13 PM - stVAE_Logger - INFO - mse: 0.48414
04/01/2025 09:48:13 PM - stVAE_Logger - INFO - kld: 0.04059
04/01/2025 09:48:13 PM - stVAE_Logger - INFO - Epoch 50, TRAIN
04/01/2025 09:48:13 PM - stVAE_Logger - INFO - loss: 0.56408
04/01/2025 09:48:13 PM - stVAE_Logger - INFO - mse: 0.48819
04/01/2025 09:48:13 PM - stVAE_Logger - INFO - kld: 0.03995
04/01/2025 09:48:17 PM - stVAE_Logger - INFO - Training completed | train loss 0.56408 | valid loss 0.45564
