04/01/2025 10:04:25 PM - stVAE_Logger - INFO - Epoch 1, TRAIN
04/01/2025 10:04:25 PM - stVAE_Logger - INFO - loss: 15.49419
04/01/2025 10:04:25 PM - stVAE_Logger - INFO - mse: 15.47046
04/01/2025 10:04:25 PM - stVAE_Logger - INFO - kld: 0.23730
04/01/2025 10:04:26 PM - stVAE_Logger - INFO - Epoch 2, TRAIN
04/01/2025 10:04:26 PM - stVAE_Logger - INFO - loss: 8.58287
04/01/2025 10:04:26 PM - stVAE_Logger - INFO - mse: 8.54458
04/01/2025 10:04:26 PM - stVAE_Logger - INFO - kld: 0.38292
04/01/2025 10:04:26 PM - stVAE_Logger - INFO - Epoch 3, TRAIN
04/01/2025 10:04:26 PM - stVAE_Logger - INFO - loss: 5.04623
04/01/2025 10:04:26 PM - stVAE_Logger - INFO - mse: 5.00934
04/01/2025 10:04:26 PM - stVAE_Logger - INFO - kld: 0.36883
04/01/2025 10:04:26 PM - stVAE_Logger - INFO - Epoch 4, TRAIN
04/01/2025 10:04:26 PM - stVAE_Logger - INFO - loss: 3.07584
04/01/2025 10:04:26 PM - stVAE_Logger - INFO - mse: 3.06855
04/01/2025 10:04:26 PM - stVAE_Logger - INFO - kld: 0.07288
04/01/2025 10:04:26 PM - stVAE_Logger - INFO - Epoch 4, VALID
04/01/2025 10:04:26 PM - stVAE_Logger - INFO - loss: 2.62613
04/01/2025 10:04:26 PM - stVAE_Logger - INFO - mse: 2.61114
04/01/2025 10:04:26 PM - stVAE_Logger - INFO - kld: 0.14996
04/01/2025 10:04:27 PM - stVAE_Logger - INFO - Epoch 5, TRAIN
04/01/2025 10:04:27 PM - stVAE_Logger - INFO - loss: 1.85998
04/01/2025 10:04:27 PM - stVAE_Logger - INFO - mse: 1.83999
04/01/2025 10:04:27 PM - stVAE_Logger - INFO - kld: 0.19984
04/01/2025 10:04:27 PM - stVAE_Logger - INFO - Epoch 6, TRAIN
04/01/2025 10:04:27 PM - stVAE_Logger - INFO - loss: 1.42357
04/01/2025 10:04:27 PM - stVAE_Logger - INFO - mse: 1.39623
04/01/2025 10:04:27 PM - stVAE_Logger - INFO - kld: 0.27345
04/01/2025 10:04:27 PM - stVAE_Logger - INFO - Epoch 7, TRAIN
04/01/2025 10:04:27 PM - stVAE_Logger - INFO - loss: 1.28010
04/01/2025 10:04:27 PM - stVAE_Logger - INFO - mse: 1.24969
04/01/2025 10:04:27 PM - stVAE_Logger - INFO - kld: 0.30406
04/01/2025 10:04:27 PM - stVAE_Logger - INFO - Epoch 8, TRAIN
04/01/2025 10:04:27 PM - stVAE_Logger - INFO - loss: 1.10870
04/01/2025 10:04:27 PM - stVAE_Logger - INFO - mse: 1.07756
04/01/2025 10:04:27 PM - stVAE_Logger - INFO - kld: 0.31148
04/01/2025 10:04:27 PM - stVAE_Logger - INFO - Epoch 8, VALID
04/01/2025 10:04:27 PM - stVAE_Logger - INFO - loss: 1.06017
04/01/2025 10:04:27 PM - stVAE_Logger - INFO - mse: 1.02827
04/01/2025 10:04:27 PM - stVAE_Logger - INFO - kld: 0.31900
04/01/2025 10:04:28 PM - stVAE_Logger - INFO - Epoch 9, TRAIN
04/01/2025 10:04:28 PM - stVAE_Logger - INFO - loss: 0.95293
04/01/2025 10:04:28 PM - stVAE_Logger - INFO - mse: 0.92167
04/01/2025 10:04:28 PM - stVAE_Logger - INFO - kld: 0.31258
04/01/2025 10:04:28 PM - stVAE_Logger - INFO - Epoch 10, TRAIN
04/01/2025 10:04:28 PM - stVAE_Logger - INFO - loss: 0.89008
04/01/2025 10:04:28 PM - stVAE_Logger - INFO - mse: 0.85794
04/01/2025 10:04:28 PM - stVAE_Logger - INFO - kld: 0.32139
04/01/2025 10:04:28 PM - stVAE_Logger - INFO - Epoch 11, TRAIN
04/01/2025 10:04:28 PM - stVAE_Logger - INFO - loss: 0.86369
04/01/2025 10:04:28 PM - stVAE_Logger - INFO - mse: 0.83059
04/01/2025 10:04:28 PM - stVAE_Logger - INFO - kld: 0.33100
04/01/2025 10:04:28 PM - stVAE_Logger - INFO - Epoch 12, TRAIN
04/01/2025 10:04:28 PM - stVAE_Logger - INFO - loss: 0.80321
04/01/2025 10:04:28 PM - stVAE_Logger - INFO - mse: 0.76952
04/01/2025 10:04:28 PM - stVAE_Logger - INFO - kld: 0.33687
04/01/2025 10:04:28 PM - stVAE_Logger - INFO - Epoch 12, VALID
04/01/2025 10:04:28 PM - stVAE_Logger - INFO - loss: 0.79040
04/01/2025 10:04:28 PM - stVAE_Logger - INFO - mse: 0.75825
04/01/2025 10:04:28 PM - stVAE_Logger - INFO - kld: 0.32153
04/01/2025 10:04:29 PM - stVAE_Logger - INFO - Epoch 13, TRAIN
04/01/2025 10:04:29 PM - stVAE_Logger - INFO - loss: 0.79559
04/01/2025 10:04:29 PM - stVAE_Logger - INFO - mse: 0.76186
04/01/2025 10:04:29 PM - stVAE_Logger - INFO - kld: 0.33730
04/01/2025 10:04:29 PM - stVAE_Logger - INFO - Epoch 14, TRAIN
04/01/2025 10:04:29 PM - stVAE_Logger - INFO - loss: 0.75128
04/01/2025 10:04:29 PM - stVAE_Logger - INFO - mse: 0.71885
04/01/2025 10:04:29 PM - stVAE_Logger - INFO - kld: 0.32430
04/01/2025 10:04:29 PM - stVAE_Logger - INFO - Epoch 15, TRAIN
04/01/2025 10:04:29 PM - stVAE_Logger - INFO - loss: 0.74862
04/01/2025 10:04:29 PM - stVAE_Logger - INFO - mse: 0.71540
04/01/2025 10:04:29 PM - stVAE_Logger - INFO - kld: 0.33213
04/01/2025 10:04:30 PM - stVAE_Logger - INFO - Epoch 16, TRAIN
04/01/2025 10:04:30 PM - stVAE_Logger - INFO - loss: 0.70519
04/01/2025 10:04:30 PM - stVAE_Logger - INFO - mse: 0.67038
04/01/2025 10:04:30 PM - stVAE_Logger - INFO - kld: 0.34810
04/01/2025 10:04:30 PM - stVAE_Logger - INFO - Epoch 16, VALID
04/01/2025 10:04:30 PM - stVAE_Logger - INFO - loss: 0.75523
04/01/2025 10:04:30 PM - stVAE_Logger - INFO - mse: 0.72287
04/01/2025 10:04:30 PM - stVAE_Logger - INFO - kld: 0.32361
04/01/2025 10:04:30 PM - stVAE_Logger - INFO - Epoch 17, TRAIN
04/01/2025 10:04:30 PM - stVAE_Logger - INFO - loss: 0.67420
04/01/2025 10:04:30 PM - stVAE_Logger - INFO - mse: 0.63910
04/01/2025 10:04:30 PM - stVAE_Logger - INFO - kld: 0.35105
04/01/2025 10:04:30 PM - stVAE_Logger - INFO - Epoch 18, TRAIN
04/01/2025 10:04:30 PM - stVAE_Logger - INFO - loss: 0.65316
04/01/2025 10:04:30 PM - stVAE_Logger - INFO - mse: 0.61695
04/01/2025 10:04:30 PM - stVAE_Logger - INFO - kld: 0.36206
04/01/2025 10:04:30 PM - stVAE_Logger - INFO - Epoch 19, TRAIN
04/01/2025 10:04:30 PM - stVAE_Logger - INFO - loss: 0.61673
04/01/2025 10:04:30 PM - stVAE_Logger - INFO - mse: 0.58218
04/01/2025 10:04:30 PM - stVAE_Logger - INFO - kld: 0.34551
04/01/2025 10:04:31 PM - stVAE_Logger - INFO - Epoch 20, TRAIN
04/01/2025 10:04:31 PM - stVAE_Logger - INFO - loss: 0.60481
04/01/2025 10:04:31 PM - stVAE_Logger - INFO - mse: 0.56998
04/01/2025 10:04:31 PM - stVAE_Logger - INFO - kld: 0.34823
04/01/2025 10:04:31 PM - stVAE_Logger - INFO - Epoch 20, VALID
04/01/2025 10:04:31 PM - stVAE_Logger - INFO - loss: 0.60665
04/01/2025 10:04:31 PM - stVAE_Logger - INFO - mse: 0.57402
04/01/2025 10:04:31 PM - stVAE_Logger - INFO - kld: 0.32627
04/01/2025 10:04:31 PM - stVAE_Logger - INFO - Epoch 21, TRAIN
04/01/2025 10:04:31 PM - stVAE_Logger - INFO - loss: 0.57965
04/01/2025 10:04:31 PM - stVAE_Logger - INFO - mse: 0.54487
04/01/2025 10:04:31 PM - stVAE_Logger - INFO - kld: 0.34777
04/01/2025 10:04:31 PM - stVAE_Logger - INFO - Epoch 22, TRAIN
04/01/2025 10:04:31 PM - stVAE_Logger - INFO - loss: 0.57340
04/01/2025 10:04:31 PM - stVAE_Logger - INFO - mse: 0.53828
04/01/2025 10:04:31 PM - stVAE_Logger - INFO - kld: 0.35117
04/01/2025 10:04:31 PM - stVAE_Logger - INFO - Epoch 23, TRAIN
04/01/2025 10:04:31 PM - stVAE_Logger - INFO - loss: 0.57011
04/01/2025 10:04:31 PM - stVAE_Logger - INFO - mse: 0.53534
04/01/2025 10:04:31 PM - stVAE_Logger - INFO - kld: 0.34771
04/01/2025 10:04:32 PM - stVAE_Logger - INFO - Epoch 24, TRAIN
04/01/2025 10:04:32 PM - stVAE_Logger - INFO - loss: 0.56709
04/01/2025 10:04:32 PM - stVAE_Logger - INFO - mse: 0.53203
04/01/2025 10:04:32 PM - stVAE_Logger - INFO - kld: 0.35064
04/01/2025 10:04:32 PM - stVAE_Logger - INFO - Epoch 24, VALID
04/01/2025 10:04:32 PM - stVAE_Logger - INFO - loss: 0.56379
04/01/2025 10:04:32 PM - stVAE_Logger - INFO - mse: 0.53025
04/01/2025 10:04:32 PM - stVAE_Logger - INFO - kld: 0.33537
04/01/2025 10:04:32 PM - stVAE_Logger - INFO - Epoch 25, TRAIN
04/01/2025 10:04:32 PM - stVAE_Logger - INFO - loss: 0.55638
04/01/2025 10:04:32 PM - stVAE_Logger - INFO - mse: 0.52118
04/01/2025 10:04:32 PM - stVAE_Logger - INFO - kld: 0.35197
04/01/2025 10:04:32 PM - stVAE_Logger - INFO - Epoch 26, TRAIN
04/01/2025 10:04:32 PM - stVAE_Logger - INFO - loss: 0.54510
04/01/2025 10:04:32 PM - stVAE_Logger - INFO - mse: 0.51055
04/01/2025 10:04:32 PM - stVAE_Logger - INFO - kld: 0.34553
04/01/2025 10:04:32 PM - stVAE_Logger - INFO - Epoch 27, TRAIN
04/01/2025 10:04:32 PM - stVAE_Logger - INFO - loss: 0.54446
04/01/2025 10:04:32 PM - stVAE_Logger - INFO - mse: 0.50915
04/01/2025 10:04:32 PM - stVAE_Logger - INFO - kld: 0.35312
04/01/2025 10:04:33 PM - stVAE_Logger - INFO - Epoch 28, TRAIN
04/01/2025 10:04:33 PM - stVAE_Logger - INFO - loss: 0.52954
04/01/2025 10:04:33 PM - stVAE_Logger - INFO - mse: 0.49424
04/01/2025 10:04:33 PM - stVAE_Logger - INFO - kld: 0.35294
04/01/2025 10:04:33 PM - stVAE_Logger - INFO - Epoch 28, VALID
04/01/2025 10:04:33 PM - stVAE_Logger - INFO - loss: 0.54199
04/01/2025 10:04:33 PM - stVAE_Logger - INFO - mse: 0.50772
04/01/2025 10:04:33 PM - stVAE_Logger - INFO - kld: 0.34274
04/01/2025 10:04:33 PM - stVAE_Logger - INFO - Epoch 29, TRAIN
04/01/2025 10:04:33 PM - stVAE_Logger - INFO - loss: 0.52918
04/01/2025 10:04:33 PM - stVAE_Logger - INFO - mse: 0.49336
04/01/2025 10:04:33 PM - stVAE_Logger - INFO - kld: 0.35817
04/01/2025 10:04:33 PM - stVAE_Logger - INFO - Epoch 30, TRAIN
04/01/2025 10:04:33 PM - stVAE_Logger - INFO - loss: 0.51427
04/01/2025 10:04:33 PM - stVAE_Logger - INFO - mse: 0.47853
04/01/2025 10:04:33 PM - stVAE_Logger - INFO - kld: 0.35743
04/01/2025 10:04:34 PM - stVAE_Logger - INFO - Epoch 31, TRAIN
04/01/2025 10:04:34 PM - stVAE_Logger - INFO - loss: 0.51289
04/01/2025 10:04:34 PM - stVAE_Logger - INFO - mse: 0.47693
04/01/2025 10:04:34 PM - stVAE_Logger - INFO - kld: 0.35965
04/01/2025 10:04:34 PM - stVAE_Logger - INFO - Epoch 32, TRAIN
04/01/2025 10:04:34 PM - stVAE_Logger - INFO - loss: 0.51403
04/01/2025 10:04:34 PM - stVAE_Logger - INFO - mse: 0.47731
04/01/2025 10:04:34 PM - stVAE_Logger - INFO - kld: 0.36723
04/01/2025 10:04:34 PM - stVAE_Logger - INFO - Epoch 32, VALID
04/01/2025 10:04:34 PM - stVAE_Logger - INFO - loss: 0.55557
04/01/2025 10:04:34 PM - stVAE_Logger - INFO - mse: 0.48697
04/01/2025 10:04:34 PM - stVAE_Logger - INFO - kld: 0.34299
04/01/2025 10:04:34 PM - stVAE_Logger - INFO - Epoch 33, TRAIN
04/01/2025 10:04:34 PM - stVAE_Logger - INFO - loss: 0.54557
04/01/2025 10:04:34 PM - stVAE_Logger - INFO - mse: 0.50259
04/01/2025 10:04:34 PM - stVAE_Logger - INFO - kld: 0.21490
04/01/2025 10:04:34 PM - stVAE_Logger - INFO - Epoch 34, TRAIN
04/01/2025 10:04:34 PM - stVAE_Logger - INFO - loss: 0.55475
04/01/2025 10:04:34 PM - stVAE_Logger - INFO - mse: 0.50564
04/01/2025 10:04:34 PM - stVAE_Logger - INFO - kld: 0.16373
04/01/2025 10:04:35 PM - stVAE_Logger - INFO - Epoch 35, TRAIN
04/01/2025 10:04:35 PM - stVAE_Logger - INFO - loss: 0.57502
04/01/2025 10:04:35 PM - stVAE_Logger - INFO - mse: 0.52160
04/01/2025 10:04:35 PM - stVAE_Logger - INFO - kld: 0.13355
04/01/2025 10:04:35 PM - stVAE_Logger - INFO - Epoch 36, TRAIN
04/01/2025 10:04:35 PM - stVAE_Logger - INFO - loss: 0.58169
04/01/2025 10:04:35 PM - stVAE_Logger - INFO - mse: 0.52590
04/01/2025 10:04:35 PM - stVAE_Logger - INFO - kld: 0.11157
04/01/2025 10:04:35 PM - stVAE_Logger - INFO - Epoch 36, VALID
04/01/2025 10:04:35 PM - stVAE_Logger - INFO - loss: 0.54622
04/01/2025 10:04:35 PM - stVAE_Logger - INFO - mse: 0.47613
04/01/2025 10:04:35 PM - stVAE_Logger - INFO - kld: 0.11681
04/01/2025 10:04:35 PM - stVAE_Logger - INFO - Epoch 37, TRAIN
04/01/2025 10:04:35 PM - stVAE_Logger - INFO - loss: 0.59815
04/01/2025 10:04:35 PM - stVAE_Logger - INFO - mse: 0.54047
04/01/2025 10:04:35 PM - stVAE_Logger - INFO - kld: 0.09613
04/01/2025 10:04:35 PM - stVAE_Logger - INFO - Epoch 38, TRAIN
04/01/2025 10:04:35 PM - stVAE_Logger - INFO - loss: 0.60154
04/01/2025 10:04:35 PM - stVAE_Logger - INFO - mse: 0.54159
04/01/2025 10:04:35 PM - stVAE_Logger - INFO - kld: 0.08565
04/01/2025 10:04:36 PM - stVAE_Logger - INFO - Epoch 39, TRAIN
04/01/2025 10:04:36 PM - stVAE_Logger - INFO - loss: 0.62268
04/01/2025 10:04:36 PM - stVAE_Logger - INFO - mse: 0.56226
04/01/2025 10:04:36 PM - stVAE_Logger - INFO - kld: 0.07552
04/01/2025 10:04:36 PM - stVAE_Logger - INFO - Epoch 40, TRAIN
04/01/2025 10:04:36 PM - stVAE_Logger - INFO - loss: 0.62710
04/01/2025 10:04:36 PM - stVAE_Logger - INFO - mse: 0.56493
04/01/2025 10:04:36 PM - stVAE_Logger - INFO - kld: 0.06908
04/01/2025 10:04:36 PM - stVAE_Logger - INFO - Epoch 40, VALID
04/01/2025 10:04:36 PM - stVAE_Logger - INFO - loss: 0.55635
04/01/2025 10:04:36 PM - stVAE_Logger - INFO - mse: 0.48223
04/01/2025 10:04:36 PM - stVAE_Logger - INFO - kld: 0.07412
04/01/2025 10:04:36 PM - stVAE_Logger - INFO - Epoch 41, TRAIN
04/01/2025 10:04:36 PM - stVAE_Logger - INFO - loss: 0.64178
04/01/2025 10:04:36 PM - stVAE_Logger - INFO - mse: 0.57759
04/01/2025 10:04:36 PM - stVAE_Logger - INFO - kld: 0.06419
04/01/2025 10:04:37 PM - stVAE_Logger - INFO - Epoch 42, TRAIN
04/01/2025 10:04:37 PM - stVAE_Logger - INFO - loss: 0.64089
04/01/2025 10:04:37 PM - stVAE_Logger - INFO - mse: 0.57606
04/01/2025 10:04:37 PM - stVAE_Logger - INFO - kld: 0.05894
04/01/2025 10:04:37 PM - stVAE_Logger - INFO - Epoch 43, TRAIN
04/01/2025 10:04:37 PM - stVAE_Logger - INFO - loss: 0.65418
04/01/2025 10:04:37 PM - stVAE_Logger - INFO - mse: 0.58968
04/01/2025 10:04:37 PM - stVAE_Logger - INFO - kld: 0.05375
04/01/2025 10:04:37 PM - stVAE_Logger - INFO - Epoch 44, TRAIN
04/01/2025 10:04:37 PM - stVAE_Logger - INFO - loss: 0.65791
04/01/2025 10:04:37 PM - stVAE_Logger - INFO - mse: 0.59207
04/01/2025 10:04:37 PM - stVAE_Logger - INFO - kld: 0.05065
04/01/2025 10:04:37 PM - stVAE_Logger - INFO - Epoch 44, VALID
04/01/2025 10:04:37 PM - stVAE_Logger - INFO - loss: 0.57030
04/01/2025 10:04:37 PM - stVAE_Logger - INFO - mse: 0.49279
04/01/2025 10:04:37 PM - stVAE_Logger - INFO - kld: 0.05536
04/01/2025 10:04:37 PM - stVAE_Logger - INFO - Epoch 45, TRAIN
04/01/2025 10:04:37 PM - stVAE_Logger - INFO - loss: 0.66337
04/01/2025 10:04:37 PM - stVAE_Logger - INFO - mse: 0.59706
04/01/2025 10:04:37 PM - stVAE_Logger - INFO - kld: 0.04736
04/01/2025 10:04:38 PM - stVAE_Logger - INFO - Epoch 46, TRAIN
04/01/2025 10:04:38 PM - stVAE_Logger - INFO - loss: 0.67837
04/01/2025 10:04:38 PM - stVAE_Logger - INFO - mse: 0.61048
04/01/2025 10:04:38 PM - stVAE_Logger - INFO - kld: 0.04526
04/01/2025 10:04:38 PM - stVAE_Logger - INFO - Epoch 47, TRAIN
04/01/2025 10:04:38 PM - stVAE_Logger - INFO - loss: 0.68202
04/01/2025 10:04:38 PM - stVAE_Logger - INFO - mse: 0.61243
04/01/2025 10:04:38 PM - stVAE_Logger - INFO - kld: 0.04350
04/01/2025 10:04:38 PM - stVAE_Logger - INFO - Epoch 48, TRAIN
04/01/2025 10:04:38 PM - stVAE_Logger - INFO - loss: 0.68972
04/01/2025 10:04:38 PM - stVAE_Logger - INFO - mse: 0.61902
04/01/2025 10:04:38 PM - stVAE_Logger - INFO - kld: 0.04159
04/01/2025 10:04:38 PM - stVAE_Logger - INFO - Epoch 48, VALID
04/01/2025 10:04:38 PM - stVAE_Logger - INFO - loss: 0.57993
04/01/2025 10:04:38 PM - stVAE_Logger - INFO - mse: 0.49748
04/01/2025 10:04:38 PM - stVAE_Logger - INFO - kld: 0.04581
04/01/2025 10:04:38 PM - stVAE_Logger - INFO - Epoch 49, TRAIN
04/01/2025 10:04:38 PM - stVAE_Logger - INFO - loss: 0.68972
04/01/2025 10:04:38 PM - stVAE_Logger - INFO - mse: 0.61792
04/01/2025 10:04:38 PM - stVAE_Logger - INFO - kld: 0.03989
04/01/2025 10:04:39 PM - stVAE_Logger - INFO - Epoch 50, TRAIN
04/01/2025 10:04:39 PM - stVAE_Logger - INFO - loss: 0.70959
04/01/2025 10:04:39 PM - stVAE_Logger - INFO - mse: 0.63500
04/01/2025 10:04:39 PM - stVAE_Logger - INFO - kld: 0.03926
04/01/2025 10:04:45 PM - stVAE_Logger - INFO - Training completed | train loss 0.70959 | valid loss 0.57993
