04/01/2025 08:43:25 PM - LFADS_Logger - INFO - Epoch 1, TRAIN
04/01/2025 08:43:25 PM - LFADS_Logger - INFO - total_loss: 14.56805
04/01/2025 08:43:25 PM - LFADS_Logger - INFO - recon_loss: 14.56805
04/01/2025 08:43:25 PM - LFADS_Logger - INFO - l2_loss: 0.00000
04/01/2025 08:43:25 PM - LFADS_Logger - INFO - kl_loss: 0.00000
04/01/2025 08:43:27 PM - LFADS_Logger - INFO - Epoch 2, TRAIN
04/01/2025 08:43:27 PM - LFADS_Logger - INFO - total_loss: 11.59534
04/01/2025 08:43:27 PM - LFADS_Logger - INFO - recon_loss: 11.59534
04/01/2025 08:43:27 PM - LFADS_Logger - INFO - l2_loss: 0.00000
04/01/2025 08:43:27 PM - LFADS_Logger - INFO - kl_loss: 0.00000
04/01/2025 08:43:30 PM - LFADS_Logger - INFO - Epoch 3, TRAIN
04/01/2025 08:43:30 PM - LFADS_Logger - INFO - total_loss: 4.71966
04/01/2025 08:43:30 PM - LFADS_Logger - INFO - recon_loss: 4.71966
04/01/2025 08:43:30 PM - LFADS_Logger - INFO - l2_loss: 0.00000
04/01/2025 08:43:30 PM - LFADS_Logger - INFO - kl_loss: 0.00001
04/01/2025 08:43:33 PM - LFADS_Logger - INFO - Epoch 4, TRAIN
04/01/2025 08:43:33 PM - LFADS_Logger - INFO - total_loss: 3.60062
04/01/2025 08:43:33 PM - LFADS_Logger - INFO - recon_loss: 3.60062
04/01/2025 08:43:33 PM - LFADS_Logger - INFO - l2_loss: 0.00000
04/01/2025 08:43:33 PM - LFADS_Logger - INFO - kl_loss: 0.00001
04/01/2025 08:43:36 PM - LFADS_Logger - INFO - Epoch 5, TRAIN
04/01/2025 08:43:36 PM - LFADS_Logger - INFO - total_loss: 2.98729
04/01/2025 08:43:36 PM - LFADS_Logger - INFO - recon_loss: 2.98729
04/01/2025 08:43:36 PM - LFADS_Logger - INFO - l2_loss: 0.00000
04/01/2025 08:43:36 PM - LFADS_Logger - INFO - kl_loss: 0.00001
04/01/2025 08:43:36 PM - LFADS_Logger - INFO - Epoch 5, VALID
04/01/2025 08:43:36 PM - LFADS_Logger - INFO - total_loss: 2.58803
04/01/2025 08:43:36 PM - LFADS_Logger - INFO - recon_loss: 2.58803
04/01/2025 08:43:36 PM - LFADS_Logger - INFO - l2_loss: 0.00000
04/01/2025 08:43:36 PM - LFADS_Logger - INFO - kl_loss: 0.00001
04/01/2025 08:43:39 PM - LFADS_Logger - INFO - Epoch 6, TRAIN
04/01/2025 08:43:39 PM - LFADS_Logger - INFO - total_loss: 2.62020
04/01/2025 08:43:39 PM - LFADS_Logger - INFO - recon_loss: 2.62020
04/01/2025 08:43:39 PM - LFADS_Logger - INFO - l2_loss: 0.00000
04/01/2025 08:43:39 PM - LFADS_Logger - INFO - kl_loss: 0.00001
04/01/2025 08:43:41 PM - LFADS_Logger - INFO - Epoch 7, TRAIN
04/01/2025 08:43:41 PM - LFADS_Logger - INFO - total_loss: 2.39052
04/01/2025 08:43:41 PM - LFADS_Logger - INFO - recon_loss: 2.39051
04/01/2025 08:43:41 PM - LFADS_Logger - INFO - l2_loss: 0.00000
04/01/2025 08:43:41 PM - LFADS_Logger - INFO - kl_loss: 0.00001
04/01/2025 08:43:44 PM - LFADS_Logger - INFO - Epoch 8, TRAIN
04/01/2025 08:43:44 PM - LFADS_Logger - INFO - total_loss: 2.27885
04/01/2025 08:43:44 PM - LFADS_Logger - INFO - recon_loss: 2.27884
04/01/2025 08:43:44 PM - LFADS_Logger - INFO - l2_loss: 0.00000
04/01/2025 08:43:44 PM - LFADS_Logger - INFO - kl_loss: 0.00001
04/01/2025 08:43:47 PM - LFADS_Logger - INFO - Epoch 9, TRAIN
04/01/2025 08:43:47 PM - LFADS_Logger - INFO - total_loss: 2.23338
04/01/2025 08:43:47 PM - LFADS_Logger - INFO - recon_loss: 2.23338
04/01/2025 08:43:47 PM - LFADS_Logger - INFO - l2_loss: 0.00000
04/01/2025 08:43:47 PM - LFADS_Logger - INFO - kl_loss: 0.00000
04/01/2025 08:43:49 PM - LFADS_Logger - INFO - Epoch 10, TRAIN
04/01/2025 08:43:49 PM - LFADS_Logger - INFO - total_loss: 2.13867
04/01/2025 08:43:49 PM - LFADS_Logger - INFO - recon_loss: 2.13867
04/01/2025 08:43:49 PM - LFADS_Logger - INFO - l2_loss: 0.00000
04/01/2025 08:43:49 PM - LFADS_Logger - INFO - kl_loss: 0.00000
04/01/2025 08:43:49 PM - LFADS_Logger - INFO - Epoch 10, VALID
04/01/2025 08:43:49 PM - LFADS_Logger - INFO - total_loss: 1.93583
04/01/2025 08:43:49 PM - LFADS_Logger - INFO - recon_loss: 1.93583
04/01/2025 08:43:49 PM - LFADS_Logger - INFO - l2_loss: 0.00000
04/01/2025 08:43:49 PM - LFADS_Logger - INFO - kl_loss: 0.00000
04/01/2025 08:43:52 PM - LFADS_Logger - INFO - Epoch 11, TRAIN
04/01/2025 08:43:52 PM - LFADS_Logger - INFO - total_loss: 2.12540
04/01/2025 08:43:52 PM - LFADS_Logger - INFO - recon_loss: 2.12540
04/01/2025 08:43:52 PM - LFADS_Logger - INFO - l2_loss: 0.00000
04/01/2025 08:43:52 PM - LFADS_Logger - INFO - kl_loss: 0.00000
04/01/2025 08:43:55 PM - LFADS_Logger - INFO - Epoch 12, TRAIN
04/01/2025 08:43:55 PM - LFADS_Logger - INFO - total_loss: 2.08713
04/01/2025 08:43:55 PM - LFADS_Logger - INFO - recon_loss: 2.08713
04/01/2025 08:43:55 PM - LFADS_Logger - INFO - l2_loss: 0.00000
04/01/2025 08:43:55 PM - LFADS_Logger - INFO - kl_loss: 0.00000
04/01/2025 08:43:58 PM - LFADS_Logger - INFO - Epoch 13, TRAIN
04/01/2025 08:43:58 PM - LFADS_Logger - INFO - total_loss: 2.03362
04/01/2025 08:43:58 PM - LFADS_Logger - INFO - recon_loss: 2.03362
04/01/2025 08:43:58 PM - LFADS_Logger - INFO - l2_loss: 0.00000
04/01/2025 08:43:58 PM - LFADS_Logger - INFO - kl_loss: 0.00000
04/01/2025 08:44:00 PM - LFADS_Logger - INFO - Epoch 14, TRAIN
04/01/2025 08:44:00 PM - LFADS_Logger - INFO - total_loss: 2.02800
04/01/2025 08:44:00 PM - LFADS_Logger - INFO - recon_loss: 2.02800
04/01/2025 08:44:00 PM - LFADS_Logger - INFO - l2_loss: 0.00000
04/01/2025 08:44:00 PM - LFADS_Logger - INFO - kl_loss: 0.00000
04/01/2025 08:44:03 PM - LFADS_Logger - INFO - Epoch 15, TRAIN
04/01/2025 08:44:03 PM - LFADS_Logger - INFO - total_loss: 2.00513
04/01/2025 08:44:03 PM - LFADS_Logger - INFO - recon_loss: 2.00513
04/01/2025 08:44:03 PM - LFADS_Logger - INFO - l2_loss: 0.00000
04/01/2025 08:44:03 PM - LFADS_Logger - INFO - kl_loss: 0.00000
04/01/2025 08:44:03 PM - LFADS_Logger - INFO - Epoch 15, VALID
04/01/2025 08:44:03 PM - LFADS_Logger - INFO - total_loss: 1.86054
04/01/2025 08:44:03 PM - LFADS_Logger - INFO - recon_loss: 1.86054
04/01/2025 08:44:03 PM - LFADS_Logger - INFO - l2_loss: 0.00000
04/01/2025 08:44:03 PM - LFADS_Logger - INFO - kl_loss: 0.00000
04/01/2025 08:44:06 PM - LFADS_Logger - INFO - Epoch 16, TRAIN
04/01/2025 08:44:06 PM - LFADS_Logger - INFO - total_loss: 1.95289
04/01/2025 08:44:06 PM - LFADS_Logger - INFO - recon_loss: 1.95288
04/01/2025 08:44:06 PM - LFADS_Logger - INFO - l2_loss: 0.00000
04/01/2025 08:44:06 PM - LFADS_Logger - INFO - kl_loss: 0.00000
04/01/2025 08:44:09 PM - LFADS_Logger - INFO - Epoch 17, TRAIN
04/01/2025 08:44:09 PM - LFADS_Logger - INFO - total_loss: 1.89966
04/01/2025 08:44:09 PM - LFADS_Logger - INFO - recon_loss: 1.89966
04/01/2025 08:44:09 PM - LFADS_Logger - INFO - l2_loss: 0.00000
04/01/2025 08:44:09 PM - LFADS_Logger - INFO - kl_loss: 0.00000
04/01/2025 08:44:11 PM - LFADS_Logger - INFO - Epoch 18, TRAIN
04/01/2025 08:44:11 PM - LFADS_Logger - INFO - total_loss: 1.85355
04/01/2025 08:44:11 PM - LFADS_Logger - INFO - recon_loss: 1.85355
04/01/2025 08:44:11 PM - LFADS_Logger - INFO - l2_loss: 0.00000
04/01/2025 08:44:11 PM - LFADS_Logger - INFO - kl_loss: 0.00000
04/01/2025 08:44:14 PM - LFADS_Logger - INFO - Epoch 19, TRAIN
04/01/2025 08:44:14 PM - LFADS_Logger - INFO - total_loss: 1.90326
04/01/2025 08:44:14 PM - LFADS_Logger - INFO - recon_loss: 1.90326
04/01/2025 08:44:14 PM - LFADS_Logger - INFO - l2_loss: 0.00000
04/01/2025 08:44:14 PM - LFADS_Logger - INFO - kl_loss: 0.00000
04/01/2025 08:44:17 PM - LFADS_Logger - INFO - Epoch 20, TRAIN
04/01/2025 08:44:17 PM - LFADS_Logger - INFO - total_loss: 1.82501
04/01/2025 08:44:17 PM - LFADS_Logger - INFO - recon_loss: 1.82501
04/01/2025 08:44:17 PM - LFADS_Logger - INFO - l2_loss: 0.00000
04/01/2025 08:44:17 PM - LFADS_Logger - INFO - kl_loss: 0.00000
04/01/2025 08:44:17 PM - LFADS_Logger - INFO - Epoch 20, VALID
04/01/2025 08:44:17 PM - LFADS_Logger - INFO - total_loss: 1.73490
04/01/2025 08:44:17 PM - LFADS_Logger - INFO - recon_loss: 1.73490
04/01/2025 08:44:17 PM - LFADS_Logger - INFO - l2_loss: 0.00000
04/01/2025 08:44:17 PM - LFADS_Logger - INFO - kl_loss: 0.00000
04/01/2025 08:44:20 PM - LFADS_Logger - INFO - Epoch 21, TRAIN
04/01/2025 08:44:20 PM - LFADS_Logger - INFO - total_loss: 1.84161
04/01/2025 08:44:20 PM - LFADS_Logger - INFO - recon_loss: 1.84161
04/01/2025 08:44:20 PM - LFADS_Logger - INFO - l2_loss: 0.00000
04/01/2025 08:44:20 PM - LFADS_Logger - INFO - kl_loss: 0.00000
04/01/2025 08:44:23 PM - LFADS_Logger - INFO - Epoch 22, TRAIN
04/01/2025 08:44:23 PM - LFADS_Logger - INFO - total_loss: 1.77583
04/01/2025 08:44:23 PM - LFADS_Logger - INFO - recon_loss: 1.77583
04/01/2025 08:44:23 PM - LFADS_Logger - INFO - l2_loss: 0.00000
04/01/2025 08:44:23 PM - LFADS_Logger - INFO - kl_loss: 0.00000
04/01/2025 08:44:25 PM - LFADS_Logger - INFO - Epoch 23, TRAIN
04/01/2025 08:44:25 PM - LFADS_Logger - INFO - total_loss: 1.82555
04/01/2025 08:44:25 PM - LFADS_Logger - INFO - recon_loss: 1.82555
04/01/2025 08:44:25 PM - LFADS_Logger - INFO - l2_loss: 0.00000
04/01/2025 08:44:25 PM - LFADS_Logger - INFO - kl_loss: 0.00000
04/01/2025 08:44:28 PM - LFADS_Logger - INFO - Epoch 24, TRAIN
04/01/2025 08:44:28 PM - LFADS_Logger - INFO - total_loss: 1.84084
04/01/2025 08:44:28 PM - LFADS_Logger - INFO - recon_loss: 1.84084
04/01/2025 08:44:28 PM - LFADS_Logger - INFO - l2_loss: 0.00000
04/01/2025 08:44:28 PM - LFADS_Logger - INFO - kl_loss: 0.00000
04/01/2025 08:44:31 PM - LFADS_Logger - INFO - Epoch 25, TRAIN
04/01/2025 08:44:31 PM - LFADS_Logger - INFO - total_loss: 1.79259
04/01/2025 08:44:31 PM - LFADS_Logger - INFO - recon_loss: 1.79259
04/01/2025 08:44:31 PM - LFADS_Logger - INFO - l2_loss: 0.00000
04/01/2025 08:44:31 PM - LFADS_Logger - INFO - kl_loss: 0.00000
04/01/2025 08:44:31 PM - LFADS_Logger - INFO - Epoch 25, VALID
04/01/2025 08:44:31 PM - LFADS_Logger - INFO - total_loss: 1.72732
04/01/2025 08:44:31 PM - LFADS_Logger - INFO - recon_loss: 1.72732
04/01/2025 08:44:31 PM - LFADS_Logger - INFO - l2_loss: 0.00000
04/01/2025 08:44:31 PM - LFADS_Logger - INFO - kl_loss: 0.00000
04/01/2025 08:44:34 PM - LFADS_Logger - INFO - Epoch 26, TRAIN
04/01/2025 08:44:34 PM - LFADS_Logger - INFO - total_loss: 1.78702
04/01/2025 08:44:34 PM - LFADS_Logger - INFO - recon_loss: 1.78702
04/01/2025 08:44:34 PM - LFADS_Logger - INFO - l2_loss: 0.00000
04/01/2025 08:44:34 PM - LFADS_Logger - INFO - kl_loss: 0.00000
04/01/2025 08:44:37 PM - LFADS_Logger - INFO - Epoch 27, TRAIN
04/01/2025 08:44:37 PM - LFADS_Logger - INFO - total_loss: 1.78399
04/01/2025 08:44:37 PM - LFADS_Logger - INFO - recon_loss: 1.78399
04/01/2025 08:44:37 PM - LFADS_Logger - INFO - l2_loss: 0.00000
04/01/2025 08:44:37 PM - LFADS_Logger - INFO - kl_loss: 0.00000
04/01/2025 08:44:39 PM - LFADS_Logger - INFO - Epoch 28, TRAIN
04/01/2025 08:44:39 PM - LFADS_Logger - INFO - total_loss: 1.72172
04/01/2025 08:44:39 PM - LFADS_Logger - INFO - recon_loss: 1.72172
04/01/2025 08:44:39 PM - LFADS_Logger - INFO - l2_loss: 0.00000
04/01/2025 08:44:39 PM - LFADS_Logger - INFO - kl_loss: 0.00000
04/01/2025 08:44:42 PM - LFADS_Logger - INFO - Epoch 29, TRAIN
04/01/2025 08:44:42 PM - LFADS_Logger - INFO - total_loss: 1.71975
04/01/2025 08:44:42 PM - LFADS_Logger - INFO - recon_loss: 1.71975
04/01/2025 08:44:42 PM - LFADS_Logger - INFO - l2_loss: 0.00000
04/01/2025 08:44:42 PM - LFADS_Logger - INFO - kl_loss: 0.00000
04/01/2025 08:44:45 PM - LFADS_Logger - INFO - Epoch 30, TRAIN
04/01/2025 08:44:45 PM - LFADS_Logger - INFO - total_loss: 1.70648
04/01/2025 08:44:45 PM - LFADS_Logger - INFO - recon_loss: 1.70648
04/01/2025 08:44:45 PM - LFADS_Logger - INFO - l2_loss: 0.00000
04/01/2025 08:44:45 PM - LFADS_Logger - INFO - kl_loss: 0.00000
04/01/2025 08:44:45 PM - LFADS_Logger - INFO - Epoch 30, VALID
04/01/2025 08:44:45 PM - LFADS_Logger - INFO - total_loss: 1.70724
04/01/2025 08:44:45 PM - LFADS_Logger - INFO - recon_loss: 1.70724
04/01/2025 08:44:45 PM - LFADS_Logger - INFO - l2_loss: 0.00000
04/01/2025 08:44:45 PM - LFADS_Logger - INFO - kl_loss: 0.00000
04/01/2025 08:44:48 PM - LFADS_Logger - INFO - Epoch 31, TRAIN
04/01/2025 08:44:48 PM - LFADS_Logger - INFO - total_loss: 1.72517
04/01/2025 08:44:48 PM - LFADS_Logger - INFO - recon_loss: 1.72517
04/01/2025 08:44:48 PM - LFADS_Logger - INFO - l2_loss: 0.00000
04/01/2025 08:44:48 PM - LFADS_Logger - INFO - kl_loss: 0.00000
04/01/2025 08:44:51 PM - LFADS_Logger - INFO - Epoch 32, TRAIN
04/01/2025 08:44:51 PM - LFADS_Logger - INFO - total_loss: 1.70899
04/01/2025 08:44:51 PM - LFADS_Logger - INFO - recon_loss: 1.70899
04/01/2025 08:44:51 PM - LFADS_Logger - INFO - l2_loss: 0.00000
04/01/2025 08:44:51 PM - LFADS_Logger - INFO - kl_loss: 0.00000
04/01/2025 08:44:53 PM - LFADS_Logger - INFO - Epoch 33, TRAIN
04/01/2025 08:44:53 PM - LFADS_Logger - INFO - total_loss: 1.69641
04/01/2025 08:44:53 PM - LFADS_Logger - INFO - recon_loss: 1.69641
04/01/2025 08:44:53 PM - LFADS_Logger - INFO - l2_loss: 0.00000
04/01/2025 08:44:53 PM - LFADS_Logger - INFO - kl_loss: 0.00000
04/01/2025 08:44:56 PM - LFADS_Logger - INFO - Epoch 34, TRAIN
04/01/2025 08:44:56 PM - LFADS_Logger - INFO - total_loss: 1.66910
04/01/2025 08:44:56 PM - LFADS_Logger - INFO - recon_loss: 1.66910
04/01/2025 08:44:56 PM - LFADS_Logger - INFO - l2_loss: 0.00000
04/01/2025 08:44:56 PM - LFADS_Logger - INFO - kl_loss: 0.00000
04/01/2025 08:44:59 PM - LFADS_Logger - INFO - Epoch 35, TRAIN
04/01/2025 08:44:59 PM - LFADS_Logger - INFO - total_loss: 1.65342
04/01/2025 08:44:59 PM - LFADS_Logger - INFO - recon_loss: 1.65342
04/01/2025 08:44:59 PM - LFADS_Logger - INFO - l2_loss: 0.00000
04/01/2025 08:44:59 PM - LFADS_Logger - INFO - kl_loss: 0.00000
04/01/2025 08:44:59 PM - LFADS_Logger - INFO - Epoch 35, VALID
04/01/2025 08:44:59 PM - LFADS_Logger - INFO - total_loss: 1.78584
04/01/2025 08:44:59 PM - LFADS_Logger - INFO - recon_loss: 1.78584
04/01/2025 08:44:59 PM - LFADS_Logger - INFO - l2_loss: 0.00000
04/01/2025 08:44:59 PM - LFADS_Logger - INFO - kl_loss: 0.00000
04/01/2025 08:45:02 PM - LFADS_Logger - INFO - Epoch 36, TRAIN
04/01/2025 08:45:02 PM - LFADS_Logger - INFO - total_loss: 1.67413
04/01/2025 08:45:02 PM - LFADS_Logger - INFO - recon_loss: 1.67413
04/01/2025 08:45:02 PM - LFADS_Logger - INFO - l2_loss: 0.00000
04/01/2025 08:45:02 PM - LFADS_Logger - INFO - kl_loss: 0.00000
04/01/2025 08:45:05 PM - LFADS_Logger - INFO - Epoch 37, TRAIN
04/01/2025 08:45:05 PM - LFADS_Logger - INFO - total_loss: 1.67520
04/01/2025 08:45:05 PM - LFADS_Logger - INFO - recon_loss: 1.67520
04/01/2025 08:45:05 PM - LFADS_Logger - INFO - l2_loss: 0.00000
04/01/2025 08:45:05 PM - LFADS_Logger - INFO - kl_loss: 0.00000
04/01/2025 08:45:08 PM - LFADS_Logger - INFO - Epoch 38, TRAIN
04/01/2025 08:45:08 PM - LFADS_Logger - INFO - total_loss: 1.69261
04/01/2025 08:45:08 PM - LFADS_Logger - INFO - recon_loss: 1.69261
04/01/2025 08:45:08 PM - LFADS_Logger - INFO - l2_loss: 0.00000
04/01/2025 08:45:08 PM - LFADS_Logger - INFO - kl_loss: 0.00000
04/01/2025 08:45:10 PM - LFADS_Logger - INFO - Epoch 39, TRAIN
04/01/2025 08:45:10 PM - LFADS_Logger - INFO - total_loss: 1.67285
04/01/2025 08:45:10 PM - LFADS_Logger - INFO - recon_loss: 1.67285
04/01/2025 08:45:10 PM - LFADS_Logger - INFO - l2_loss: 0.00000
04/01/2025 08:45:10 PM - LFADS_Logger - INFO - kl_loss: 0.00000
04/01/2025 08:45:13 PM - LFADS_Logger - INFO - Epoch 40, TRAIN
04/01/2025 08:45:13 PM - LFADS_Logger - INFO - total_loss: 1.63635
04/01/2025 08:45:13 PM - LFADS_Logger - INFO - recon_loss: 1.63635
04/01/2025 08:45:13 PM - LFADS_Logger - INFO - l2_loss: 0.00000
04/01/2025 08:45:13 PM - LFADS_Logger - INFO - kl_loss: 0.00000
04/01/2025 08:45:13 PM - LFADS_Logger - INFO - Epoch 40, VALID
04/01/2025 08:45:13 PM - LFADS_Logger - INFO - total_loss: 1.63278
04/01/2025 08:45:13 PM - LFADS_Logger - INFO - recon_loss: 1.63278
04/01/2025 08:45:13 PM - LFADS_Logger - INFO - l2_loss: 0.00000
04/01/2025 08:45:13 PM - LFADS_Logger - INFO - kl_loss: 0.00000
04/01/2025 08:45:16 PM - LFADS_Logger - INFO - Epoch 41, TRAIN
04/01/2025 08:45:16 PM - LFADS_Logger - INFO - total_loss: 1.60882
04/01/2025 08:45:16 PM - LFADS_Logger - INFO - recon_loss: 1.60882
04/01/2025 08:45:16 PM - LFADS_Logger - INFO - l2_loss: 0.00000
04/01/2025 08:45:16 PM - LFADS_Logger - INFO - kl_loss: 0.00000
04/01/2025 08:45:19 PM - LFADS_Logger - INFO - Epoch 42, TRAIN
04/01/2025 08:45:19 PM - LFADS_Logger - INFO - total_loss: 1.64707
04/01/2025 08:45:19 PM - LFADS_Logger - INFO - recon_loss: 1.64707
04/01/2025 08:45:19 PM - LFADS_Logger - INFO - l2_loss: 0.00000
04/01/2025 08:45:19 PM - LFADS_Logger - INFO - kl_loss: 0.00000
04/01/2025 08:45:22 PM - LFADS_Logger - INFO - Epoch 43, TRAIN
04/01/2025 08:45:22 PM - LFADS_Logger - INFO - total_loss: 1.63346
04/01/2025 08:45:22 PM - LFADS_Logger - INFO - recon_loss: 1.63346
04/01/2025 08:45:22 PM - LFADS_Logger - INFO - l2_loss: 0.00000
04/01/2025 08:45:22 PM - LFADS_Logger - INFO - kl_loss: 0.00000
04/01/2025 08:45:24 PM - LFADS_Logger - INFO - Epoch 44, TRAIN
04/01/2025 08:45:24 PM - LFADS_Logger - INFO - total_loss: 1.62364
04/01/2025 08:45:24 PM - LFADS_Logger - INFO - recon_loss: 1.62363
04/01/2025 08:45:24 PM - LFADS_Logger - INFO - l2_loss: 0.00000
04/01/2025 08:45:24 PM - LFADS_Logger - INFO - kl_loss: 0.00000
04/01/2025 08:45:27 PM - LFADS_Logger - INFO - Epoch 45, TRAIN
04/01/2025 08:45:27 PM - LFADS_Logger - INFO - total_loss: 1.62883
04/01/2025 08:45:27 PM - LFADS_Logger - INFO - recon_loss: 1.62883
04/01/2025 08:45:27 PM - LFADS_Logger - INFO - l2_loss: 0.00000
04/01/2025 08:45:27 PM - LFADS_Logger - INFO - kl_loss: 0.00000
04/01/2025 08:45:27 PM - LFADS_Logger - INFO - Epoch 45, VALID
04/01/2025 08:45:27 PM - LFADS_Logger - INFO - total_loss: 1.59182
04/01/2025 08:45:27 PM - LFADS_Logger - INFO - recon_loss: 1.59182
04/01/2025 08:45:27 PM - LFADS_Logger - INFO - l2_loss: 0.00000
04/01/2025 08:45:27 PM - LFADS_Logger - INFO - kl_loss: 0.00000
04/01/2025 08:45:30 PM - LFADS_Logger - INFO - Epoch 46, TRAIN
04/01/2025 08:45:30 PM - LFADS_Logger - INFO - total_loss: 1.63323
04/01/2025 08:45:30 PM - LFADS_Logger - INFO - recon_loss: 1.63323
04/01/2025 08:45:30 PM - LFADS_Logger - INFO - l2_loss: 0.00000
04/01/2025 08:45:30 PM - LFADS_Logger - INFO - kl_loss: 0.00000
04/01/2025 08:45:33 PM - LFADS_Logger - INFO - Epoch 47, TRAIN
04/01/2025 08:45:33 PM - LFADS_Logger - INFO - total_loss: 1.62423
04/01/2025 08:45:33 PM - LFADS_Logger - INFO - recon_loss: 1.62423
04/01/2025 08:45:33 PM - LFADS_Logger - INFO - l2_loss: 0.00000
04/01/2025 08:45:33 PM - LFADS_Logger - INFO - kl_loss: 0.00000
04/01/2025 08:45:36 PM - LFADS_Logger - INFO - Epoch 48, TRAIN
04/01/2025 08:45:36 PM - LFADS_Logger - INFO - total_loss: 1.65001
04/01/2025 08:45:36 PM - LFADS_Logger - INFO - recon_loss: 1.65001
04/01/2025 08:45:36 PM - LFADS_Logger - INFO - l2_loss: 0.00000
04/01/2025 08:45:36 PM - LFADS_Logger - INFO - kl_loss: 0.00000
04/01/2025 08:45:38 PM - LFADS_Logger - INFO - Epoch 49, TRAIN
04/01/2025 08:45:38 PM - LFADS_Logger - INFO - total_loss: 1.61433
04/01/2025 08:45:38 PM - LFADS_Logger - INFO - recon_loss: 1.61433
04/01/2025 08:45:38 PM - LFADS_Logger - INFO - l2_loss: 0.00000
04/01/2025 08:45:38 PM - LFADS_Logger - INFO - kl_loss: 0.00000
04/01/2025 08:45:41 PM - LFADS_Logger - INFO - Epoch 50, TRAIN
04/01/2025 08:45:41 PM - LFADS_Logger - INFO - total_loss: 1.62088
04/01/2025 08:45:41 PM - LFADS_Logger - INFO - recon_loss: 1.62088
04/01/2025 08:45:41 PM - LFADS_Logger - INFO - l2_loss: 0.00000
04/01/2025 08:45:41 PM - LFADS_Logger - INFO - kl_loss: 0.00000
04/01/2025 08:45:41 PM - LFADS_Logger - INFO - Epoch 50, VALID
04/01/2025 08:45:41 PM - LFADS_Logger - INFO - total_loss: 1.60054
04/01/2025 08:45:41 PM - LFADS_Logger - INFO - recon_loss: 1.60054
04/01/2025 08:45:41 PM - LFADS_Logger - INFO - l2_loss: 0.00000
04/01/2025 08:45:41 PM - LFADS_Logger - INFO - kl_loss: 0.00000
04/01/2025 08:45:45 PM - LFADS_Logger - INFO - Training completed | train loss 1.62088 | valid loss 1.60054
