04/01/2025 10:06:18 PM - stVAE_Logger - INFO - Epoch 1, TRAIN
04/01/2025 10:06:18 PM - stVAE_Logger - INFO - loss: 17.09593
04/01/2025 10:06:18 PM - stVAE_Logger - INFO - mse: 16.90584
04/01/2025 10:06:18 PM - stVAE_Logger - INFO - kld: 1.90095
04/01/2025 10:06:19 PM - stVAE_Logger - INFO - Epoch 2, TRAIN
04/01/2025 10:06:19 PM - stVAE_Logger - INFO - loss: 7.79534
04/01/2025 10:06:19 PM - stVAE_Logger - INFO - mse: 7.77613
04/01/2025 10:06:19 PM - stVAE_Logger - INFO - kld: 0.19215
04/01/2025 10:06:19 PM - stVAE_Logger - INFO - Epoch 3, TRAIN
04/01/2025 10:06:19 PM - stVAE_Logger - INFO - loss: 3.66375
04/01/2025 10:06:19 PM - stVAE_Logger - INFO - mse: 3.65702
04/01/2025 10:06:19 PM - stVAE_Logger - INFO - kld: 0.06730
04/01/2025 10:06:19 PM - stVAE_Logger - INFO - Epoch 4, TRAIN
04/01/2025 10:06:19 PM - stVAE_Logger - INFO - loss: 2.10142
04/01/2025 10:06:19 PM - stVAE_Logger - INFO - mse: 2.08193
04/01/2025 10:06:19 PM - stVAE_Logger - INFO - kld: 0.19489
04/01/2025 10:06:19 PM - stVAE_Logger - INFO - Epoch 4, VALID
04/01/2025 10:06:19 PM - stVAE_Logger - INFO - loss: 1.95881
04/01/2025 10:06:19 PM - stVAE_Logger - INFO - mse: 1.93229
04/01/2025 10:06:19 PM - stVAE_Logger - INFO - kld: 0.26519
04/01/2025 10:06:19 PM - stVAE_Logger - INFO - Epoch 5, TRAIN
04/01/2025 10:06:19 PM - stVAE_Logger - INFO - loss: 1.55911
04/01/2025 10:06:19 PM - stVAE_Logger - INFO - mse: 1.52317
04/01/2025 10:06:19 PM - stVAE_Logger - INFO - kld: 0.35945
04/01/2025 10:06:20 PM - stVAE_Logger - INFO - Epoch 6, TRAIN
04/01/2025 10:06:20 PM - stVAE_Logger - INFO - loss: 1.24952
04/01/2025 10:06:20 PM - stVAE_Logger - INFO - mse: 1.21367
04/01/2025 10:06:20 PM - stVAE_Logger - INFO - kld: 0.35852
04/01/2025 10:06:20 PM - stVAE_Logger - INFO - Epoch 7, TRAIN
04/01/2025 10:06:20 PM - stVAE_Logger - INFO - loss: 1.03751
04/01/2025 10:06:20 PM - stVAE_Logger - INFO - mse: 0.99963
04/01/2025 10:06:20 PM - stVAE_Logger - INFO - kld: 0.37873
04/01/2025 10:06:20 PM - stVAE_Logger - INFO - Epoch 8, TRAIN
04/01/2025 10:06:20 PM - stVAE_Logger - INFO - loss: 0.91206
04/01/2025 10:06:20 PM - stVAE_Logger - INFO - mse: 0.87431
04/01/2025 10:06:20 PM - stVAE_Logger - INFO - kld: 0.37743
04/01/2025 10:06:20 PM - stVAE_Logger - INFO - Epoch 8, VALID
04/01/2025 10:06:20 PM - stVAE_Logger - INFO - loss: 0.85568
04/01/2025 10:06:20 PM - stVAE_Logger - INFO - mse: 0.82079
04/01/2025 10:06:20 PM - stVAE_Logger - INFO - kld: 0.34896
04/01/2025 10:06:20 PM - stVAE_Logger - INFO - Epoch 9, TRAIN
04/01/2025 10:06:20 PM - stVAE_Logger - INFO - loss: 0.84406
04/01/2025 10:06:20 PM - stVAE_Logger - INFO - mse: 0.80774
04/01/2025 10:06:20 PM - stVAE_Logger - INFO - kld: 0.36325
04/01/2025 10:06:21 PM - stVAE_Logger - INFO - Epoch 10, TRAIN
04/01/2025 10:06:21 PM - stVAE_Logger - INFO - loss: 0.78758
04/01/2025 10:06:21 PM - stVAE_Logger - INFO - mse: 0.75040
04/01/2025 10:06:21 PM - stVAE_Logger - INFO - kld: 0.37184
04/01/2025 10:06:21 PM - stVAE_Logger - INFO - Epoch 11, TRAIN
04/01/2025 10:06:21 PM - stVAE_Logger - INFO - loss: 0.76167
04/01/2025 10:06:21 PM - stVAE_Logger - INFO - mse: 0.72565
04/01/2025 10:06:21 PM - stVAE_Logger - INFO - kld: 0.36016
04/01/2025 10:06:21 PM - stVAE_Logger - INFO - Epoch 12, TRAIN
04/01/2025 10:06:21 PM - stVAE_Logger - INFO - loss: 0.74756
04/01/2025 10:06:21 PM - stVAE_Logger - INFO - mse: 0.71026
04/01/2025 10:06:21 PM - stVAE_Logger - INFO - kld: 0.37297
04/01/2025 10:06:21 PM - stVAE_Logger - INFO - Epoch 12, VALID
04/01/2025 10:06:21 PM - stVAE_Logger - INFO - loss: 0.73055
04/01/2025 10:06:21 PM - stVAE_Logger - INFO - mse: 0.69419
04/01/2025 10:06:21 PM - stVAE_Logger - INFO - kld: 0.36358
04/01/2025 10:06:22 PM - stVAE_Logger - INFO - Epoch 13, TRAIN
04/01/2025 10:06:22 PM - stVAE_Logger - INFO - loss: 0.66109
04/01/2025 10:06:22 PM - stVAE_Logger - INFO - mse: 0.62234
04/01/2025 10:06:22 PM - stVAE_Logger - INFO - kld: 0.38744
04/01/2025 10:06:22 PM - stVAE_Logger - INFO - Epoch 14, TRAIN
04/01/2025 10:06:22 PM - stVAE_Logger - INFO - loss: 0.63380
04/01/2025 10:06:22 PM - stVAE_Logger - INFO - mse: 0.59595
04/01/2025 10:06:22 PM - stVAE_Logger - INFO - kld: 0.37851
04/01/2025 10:06:22 PM - stVAE_Logger - INFO - Epoch 15, TRAIN
04/01/2025 10:06:22 PM - stVAE_Logger - INFO - loss: 0.60460
04/01/2025 10:06:22 PM - stVAE_Logger - INFO - mse: 0.56557
04/01/2025 10:06:22 PM - stVAE_Logger - INFO - kld: 0.39028
04/01/2025 10:06:22 PM - stVAE_Logger - INFO - Epoch 16, TRAIN
04/01/2025 10:06:22 PM - stVAE_Logger - INFO - loss: 0.58691
04/01/2025 10:06:22 PM - stVAE_Logger - INFO - mse: 0.54831
04/01/2025 10:06:22 PM - stVAE_Logger - INFO - kld: 0.38602
04/01/2025 10:06:22 PM - stVAE_Logger - INFO - Epoch 16, VALID
04/01/2025 10:06:22 PM - stVAE_Logger - INFO - loss: 0.59019
04/01/2025 10:06:22 PM - stVAE_Logger - INFO - mse: 0.55428
04/01/2025 10:06:22 PM - stVAE_Logger - INFO - kld: 0.35909
04/01/2025 10:06:23 PM - stVAE_Logger - INFO - Epoch 17, TRAIN
04/01/2025 10:06:23 PM - stVAE_Logger - INFO - loss: 0.57934
04/01/2025 10:06:23 PM - stVAE_Logger - INFO - mse: 0.54051
04/01/2025 10:06:23 PM - stVAE_Logger - INFO - kld: 0.38827
04/01/2025 10:06:23 PM - stVAE_Logger - INFO - Epoch 18, TRAIN
04/01/2025 10:06:23 PM - stVAE_Logger - INFO - loss: 0.55575
04/01/2025 10:06:23 PM - stVAE_Logger - INFO - mse: 0.51651
04/01/2025 10:06:23 PM - stVAE_Logger - INFO - kld: 0.39247
04/01/2025 10:06:23 PM - stVAE_Logger - INFO - Epoch 19, TRAIN
04/01/2025 10:06:23 PM - stVAE_Logger - INFO - loss: 0.54329
04/01/2025 10:06:23 PM - stVAE_Logger - INFO - mse: 0.50379
04/01/2025 10:06:23 PM - stVAE_Logger - INFO - kld: 0.39499
04/01/2025 10:06:23 PM - stVAE_Logger - INFO - Epoch 20, TRAIN
04/01/2025 10:06:23 PM - stVAE_Logger - INFO - loss: 0.53149
04/01/2025 10:06:23 PM - stVAE_Logger - INFO - mse: 0.49156
04/01/2025 10:06:23 PM - stVAE_Logger - INFO - kld: 0.39937
04/01/2025 10:06:23 PM - stVAE_Logger - INFO - Epoch 20, VALID
04/01/2025 10:06:23 PM - stVAE_Logger - INFO - loss: 0.52310
04/01/2025 10:06:23 PM - stVAE_Logger - INFO - mse: 0.48363
04/01/2025 10:06:23 PM - stVAE_Logger - INFO - kld: 0.39472
04/01/2025 10:06:24 PM - stVAE_Logger - INFO - Epoch 21, TRAIN
04/01/2025 10:06:24 PM - stVAE_Logger - INFO - loss: 0.51524
04/01/2025 10:06:24 PM - stVAE_Logger - INFO - mse: 0.47576
04/01/2025 10:06:24 PM - stVAE_Logger - INFO - kld: 0.39479
04/01/2025 10:06:24 PM - stVAE_Logger - INFO - Epoch 22, TRAIN
04/01/2025 10:06:24 PM - stVAE_Logger - INFO - loss: 0.50064
04/01/2025 10:06:24 PM - stVAE_Logger - INFO - mse: 0.46067
04/01/2025 10:06:24 PM - stVAE_Logger - INFO - kld: 0.39968
04/01/2025 10:06:24 PM - stVAE_Logger - INFO - Epoch 23, TRAIN
04/01/2025 10:06:24 PM - stVAE_Logger - INFO - loss: 0.49819
04/01/2025 10:06:24 PM - stVAE_Logger - INFO - mse: 0.45814
04/01/2025 10:06:24 PM - stVAE_Logger - INFO - kld: 0.40044
04/01/2025 10:06:25 PM - stVAE_Logger - INFO - Epoch 24, TRAIN
04/01/2025 10:06:25 PM - stVAE_Logger - INFO - loss: 0.49303
04/01/2025 10:06:25 PM - stVAE_Logger - INFO - mse: 0.45327
04/01/2025 10:06:25 PM - stVAE_Logger - INFO - kld: 0.39762
04/01/2025 10:06:25 PM - stVAE_Logger - INFO - Epoch 24, VALID
04/01/2025 10:06:25 PM - stVAE_Logger - INFO - loss: 0.49394
04/01/2025 10:06:25 PM - stVAE_Logger - INFO - mse: 0.45268
04/01/2025 10:06:25 PM - stVAE_Logger - INFO - kld: 0.41257
04/01/2025 10:06:25 PM - stVAE_Logger - INFO - Epoch 25, TRAIN
04/01/2025 10:06:25 PM - stVAE_Logger - INFO - loss: 0.48148
04/01/2025 10:06:25 PM - stVAE_Logger - INFO - mse: 0.44101
04/01/2025 10:06:25 PM - stVAE_Logger - INFO - kld: 0.40469
04/01/2025 10:06:25 PM - stVAE_Logger - INFO - Epoch 26, TRAIN
04/01/2025 10:06:25 PM - stVAE_Logger - INFO - loss: 0.47567
04/01/2025 10:06:25 PM - stVAE_Logger - INFO - mse: 0.43556
04/01/2025 10:06:25 PM - stVAE_Logger - INFO - kld: 0.40104
04/01/2025 10:06:25 PM - stVAE_Logger - INFO - Epoch 27, TRAIN
04/01/2025 10:06:25 PM - stVAE_Logger - INFO - loss: 0.47543
04/01/2025 10:06:25 PM - stVAE_Logger - INFO - mse: 0.43511
04/01/2025 10:06:25 PM - stVAE_Logger - INFO - kld: 0.40322
04/01/2025 10:06:26 PM - stVAE_Logger - INFO - Epoch 28, TRAIN
04/01/2025 10:06:26 PM - stVAE_Logger - INFO - loss: 0.46580
04/01/2025 10:06:26 PM - stVAE_Logger - INFO - mse: 0.42489
04/01/2025 10:06:26 PM - stVAE_Logger - INFO - kld: 0.40910
04/01/2025 10:06:26 PM - stVAE_Logger - INFO - Epoch 28, VALID
04/01/2025 10:06:26 PM - stVAE_Logger - INFO - loss: 0.45977
04/01/2025 10:06:26 PM - stVAE_Logger - INFO - mse: 0.41886
04/01/2025 10:06:26 PM - stVAE_Logger - INFO - kld: 0.40911
04/01/2025 10:06:26 PM - stVAE_Logger - INFO - Epoch 29, TRAIN
04/01/2025 10:06:26 PM - stVAE_Logger - INFO - loss: 0.44883
04/01/2025 10:06:26 PM - stVAE_Logger - INFO - mse: 0.40883
04/01/2025 10:06:26 PM - stVAE_Logger - INFO - kld: 0.40002
04/01/2025 10:06:26 PM - stVAE_Logger - INFO - Epoch 30, TRAIN
04/01/2025 10:06:26 PM - stVAE_Logger - INFO - loss: 0.44285
04/01/2025 10:06:26 PM - stVAE_Logger - INFO - mse: 0.40262
04/01/2025 10:06:26 PM - stVAE_Logger - INFO - kld: 0.40233
04/01/2025 10:06:26 PM - stVAE_Logger - INFO - Epoch 31, TRAIN
04/01/2025 10:06:26 PM - stVAE_Logger - INFO - loss: 0.44748
04/01/2025 10:06:26 PM - stVAE_Logger - INFO - mse: 0.40696
04/01/2025 10:06:26 PM - stVAE_Logger - INFO - kld: 0.40527
04/01/2025 10:06:27 PM - stVAE_Logger - INFO - Epoch 32, TRAIN
04/01/2025 10:06:27 PM - stVAE_Logger - INFO - loss: 0.43591
04/01/2025 10:06:27 PM - stVAE_Logger - INFO - mse: 0.39552
04/01/2025 10:06:27 PM - stVAE_Logger - INFO - kld: 0.40399
04/01/2025 10:06:27 PM - stVAE_Logger - INFO - Epoch 32, VALID
04/01/2025 10:06:27 PM - stVAE_Logger - INFO - loss: 0.47785
04/01/2025 10:06:27 PM - stVAE_Logger - INFO - mse: 0.39455
04/01/2025 10:06:27 PM - stVAE_Logger - INFO - kld: 0.41649
04/01/2025 10:06:27 PM - stVAE_Logger - INFO - Epoch 33, TRAIN
04/01/2025 10:06:27 PM - stVAE_Logger - INFO - loss: 0.46734
04/01/2025 10:06:27 PM - stVAE_Logger - INFO - mse: 0.41637
04/01/2025 10:06:27 PM - stVAE_Logger - INFO - kld: 0.25482
04/01/2025 10:06:27 PM - stVAE_Logger - INFO - Epoch 34, TRAIN
04/01/2025 10:06:27 PM - stVAE_Logger - INFO - loss: 0.48465
04/01/2025 10:06:27 PM - stVAE_Logger - INFO - mse: 0.42975
04/01/2025 10:06:27 PM - stVAE_Logger - INFO - kld: 0.18300
04/01/2025 10:06:27 PM - stVAE_Logger - INFO - Epoch 35, TRAIN
04/01/2025 10:06:27 PM - stVAE_Logger - INFO - loss: 0.51449
04/01/2025 10:06:27 PM - stVAE_Logger - INFO - mse: 0.45569
04/01/2025 10:06:27 PM - stVAE_Logger - INFO - kld: 0.14700
04/01/2025 10:06:28 PM - stVAE_Logger - INFO - Epoch 36, TRAIN
04/01/2025 10:06:28 PM - stVAE_Logger - INFO - loss: 0.53045
04/01/2025 10:06:28 PM - stVAE_Logger - INFO - mse: 0.46828
04/01/2025 10:06:28 PM - stVAE_Logger - INFO - kld: 0.12434
04/01/2025 10:06:28 PM - stVAE_Logger - INFO - Epoch 36, VALID
04/01/2025 10:06:28 PM - stVAE_Logger - INFO - loss: 0.48622
04/01/2025 10:06:28 PM - stVAE_Logger - INFO - mse: 0.40695
04/01/2025 10:06:28 PM - stVAE_Logger - INFO - kld: 0.13212
04/01/2025 10:06:28 PM - stVAE_Logger - INFO - Epoch 37, TRAIN
04/01/2025 10:06:28 PM - stVAE_Logger - INFO - loss: 0.54727
04/01/2025 10:06:28 PM - stVAE_Logger - INFO - mse: 0.48297
04/01/2025 10:06:28 PM - stVAE_Logger - INFO - kld: 0.10716
04/01/2025 10:06:28 PM - stVAE_Logger - INFO - Epoch 38, TRAIN
04/01/2025 10:06:28 PM - stVAE_Logger - INFO - loss: 0.56513
04/01/2025 10:06:28 PM - stVAE_Logger - INFO - mse: 0.49960
04/01/2025 10:06:28 PM - stVAE_Logger - INFO - kld: 0.09361
04/01/2025 10:06:29 PM - stVAE_Logger - INFO - Epoch 39, TRAIN
04/01/2025 10:06:29 PM - stVAE_Logger - INFO - loss: 0.56701
04/01/2025 10:06:29 PM - stVAE_Logger - INFO - mse: 0.50245
04/01/2025 10:06:29 PM - stVAE_Logger - INFO - kld: 0.08070
04/01/2025 10:06:29 PM - stVAE_Logger - INFO - Epoch 40, TRAIN
04/01/2025 10:06:29 PM - stVAE_Logger - INFO - loss: 0.57923
04/01/2025 10:06:29 PM - stVAE_Logger - INFO - mse: 0.51203
04/01/2025 10:06:29 PM - stVAE_Logger - INFO - kld: 0.07467
04/01/2025 10:06:29 PM - stVAE_Logger - INFO - Epoch 40, VALID
04/01/2025 10:06:29 PM - stVAE_Logger - INFO - loss: 0.50796
04/01/2025 10:06:29 PM - stVAE_Logger - INFO - mse: 0.42932
04/01/2025 10:06:29 PM - stVAE_Logger - INFO - kld: 0.07864
04/01/2025 10:06:29 PM - stVAE_Logger - INFO - Epoch 41, TRAIN
04/01/2025 10:06:29 PM - stVAE_Logger - INFO - loss: 0.59155
04/01/2025 10:06:29 PM - stVAE_Logger - INFO - mse: 0.52372
04/01/2025 10:06:29 PM - stVAE_Logger - INFO - kld: 0.06782
04/01/2025 10:06:29 PM - stVAE_Logger - INFO - Epoch 42, TRAIN
04/01/2025 10:06:29 PM - stVAE_Logger - INFO - loss: 0.59478
04/01/2025 10:06:29 PM - stVAE_Logger - INFO - mse: 0.52636
04/01/2025 10:06:29 PM - stVAE_Logger - INFO - kld: 0.06220
04/01/2025 10:06:30 PM - stVAE_Logger - INFO - Epoch 43, TRAIN
04/01/2025 10:06:30 PM - stVAE_Logger - INFO - loss: 0.61066
04/01/2025 10:06:30 PM - stVAE_Logger - INFO - mse: 0.54083
04/01/2025 10:06:30 PM - stVAE_Logger - INFO - kld: 0.05819
04/01/2025 10:06:30 PM - stVAE_Logger - INFO - Epoch 44, TRAIN
04/01/2025 10:06:30 PM - stVAE_Logger - INFO - loss: 0.62437
04/01/2025 10:06:30 PM - stVAE_Logger - INFO - mse: 0.55300
04/01/2025 10:06:30 PM - stVAE_Logger - INFO - kld: 0.05490
04/01/2025 10:06:30 PM - stVAE_Logger - INFO - Epoch 44, VALID
04/01/2025 10:06:30 PM - stVAE_Logger - INFO - loss: 0.51939
04/01/2025 10:06:30 PM - stVAE_Logger - INFO - mse: 0.43974
04/01/2025 10:06:30 PM - stVAE_Logger - INFO - kld: 0.05689
04/01/2025 10:06:30 PM - stVAE_Logger - INFO - Epoch 45, TRAIN
04/01/2025 10:06:30 PM - stVAE_Logger - INFO - loss: 0.62365
04/01/2025 10:06:30 PM - stVAE_Logger - INFO - mse: 0.55184
04/01/2025 10:06:30 PM - stVAE_Logger - INFO - kld: 0.05130
04/01/2025 10:06:30 PM - stVAE_Logger - INFO - Epoch 46, TRAIN
04/01/2025 10:06:30 PM - stVAE_Logger - INFO - loss: 0.63438
04/01/2025 10:06:30 PM - stVAE_Logger - INFO - mse: 0.56176
04/01/2025 10:06:30 PM - stVAE_Logger - INFO - kld: 0.04842
04/01/2025 10:06:31 PM - stVAE_Logger - INFO - Epoch 47, TRAIN
04/01/2025 10:06:31 PM - stVAE_Logger - INFO - loss: 0.64145
04/01/2025 10:06:31 PM - stVAE_Logger - INFO - mse: 0.56704
04/01/2025 10:06:31 PM - stVAE_Logger - INFO - kld: 0.04651
04/01/2025 10:06:31 PM - stVAE_Logger - INFO - Epoch 48, TRAIN
04/01/2025 10:06:31 PM - stVAE_Logger - INFO - loss: 0.64631
04/01/2025 10:06:31 PM - stVAE_Logger - INFO - mse: 0.57068
04/01/2025 10:06:31 PM - stVAE_Logger - INFO - kld: 0.04449
04/01/2025 10:06:31 PM - stVAE_Logger - INFO - Epoch 48, VALID
04/01/2025 10:06:31 PM - stVAE_Logger - INFO - loss: 0.53467
04/01/2025 10:06:31 PM - stVAE_Logger - INFO - mse: 0.45084
04/01/2025 10:06:31 PM - stVAE_Logger - INFO - kld: 0.04657
04/01/2025 10:06:31 PM - stVAE_Logger - INFO - Epoch 49, TRAIN
04/01/2025 10:06:31 PM - stVAE_Logger - INFO - loss: 0.65370
04/01/2025 10:06:31 PM - stVAE_Logger - INFO - mse: 0.57765
04/01/2025 10:06:31 PM - stVAE_Logger - INFO - kld: 0.04225
04/01/2025 10:06:31 PM - stVAE_Logger - INFO - Epoch 50, TRAIN
04/01/2025 10:06:31 PM - stVAE_Logger - INFO - loss: 0.66008
04/01/2025 10:06:31 PM - stVAE_Logger - INFO - mse: 0.58091
04/01/2025 10:06:31 PM - stVAE_Logger - INFO - kld: 0.04166
04/01/2025 10:06:35 PM - stVAE_Logger - INFO - Training completed | train loss 0.66008 | valid loss 0.53467
