04/01/2025 09:48:21 PM - DFINE_Logger - INFO - Epoch 1, TRAIN
04/01/2025 09:48:21 PM - DFINE_Logger - INFO - total_loss: 18.21388
04/01/2025 09:48:21 PM - DFINE_Logger - INFO - recon_loss: 14.08355
04/01/2025 09:48:21 PM - DFINE_Logger - INFO - reg_loss: 4.13033
04/01/2025 09:48:21 PM - DFINE_Logger - INFO - behv_loss: 0.00000
04/01/2025 09:48:23 PM - DFINE_Logger - INFO - Epoch 2, TRAIN
04/01/2025 09:48:23 PM - DFINE_Logger - INFO - total_loss: 15.89135
04/01/2025 09:48:23 PM - DFINE_Logger - INFO - recon_loss: 11.84586
04/01/2025 09:48:23 PM - DFINE_Logger - INFO - reg_loss: 4.04549
04/01/2025 09:48:23 PM - DFINE_Logger - INFO - behv_loss: 0.00000
04/01/2025 09:48:25 PM - DFINE_Logger - INFO - Epoch 3, TRAIN
04/01/2025 09:48:25 PM - DFINE_Logger - INFO - total_loss: 9.60023
04/01/2025 09:48:25 PM - DFINE_Logger - INFO - recon_loss: 5.58842
04/01/2025 09:48:25 PM - DFINE_Logger - INFO - reg_loss: 4.01180
04/01/2025 09:48:25 PM - DFINE_Logger - INFO - behv_loss: 0.00000
04/01/2025 09:48:27 PM - DFINE_Logger - INFO - Epoch 4, TRAIN
04/01/2025 09:48:27 PM - DFINE_Logger - INFO - total_loss: 6.80086
04/01/2025 09:48:27 PM - DFINE_Logger - INFO - recon_loss: 3.38385
04/01/2025 09:48:27 PM - DFINE_Logger - INFO - reg_loss: 3.41701
04/01/2025 09:48:27 PM - DFINE_Logger - INFO - behv_loss: 0.00000
04/01/2025 09:48:29 PM - DFINE_Logger - INFO - Epoch 5, TRAIN
04/01/2025 09:48:29 PM - DFINE_Logger - INFO - total_loss: 5.20258
04/01/2025 09:48:29 PM - DFINE_Logger - INFO - recon_loss: 2.91286
04/01/2025 09:48:29 PM - DFINE_Logger - INFO - reg_loss: 2.28972
04/01/2025 09:48:29 PM - DFINE_Logger - INFO - behv_loss: 0.00000
04/01/2025 09:48:29 PM - DFINE_Logger - INFO - Epoch 5, VALID
04/01/2025 09:48:29 PM - DFINE_Logger - INFO - total_loss: 4.74524
04/01/2025 09:48:29 PM - DFINE_Logger - INFO - recon_loss: 2.56287
04/01/2025 09:48:29 PM - DFINE_Logger - INFO - reg_loss: 2.18237
04/01/2025 09:48:29 PM - DFINE_Logger - INFO - behv_loss: 0.00000
04/01/2025 09:48:31 PM - DFINE_Logger - INFO - Epoch 6, TRAIN
04/01/2025 09:48:31 PM - DFINE_Logger - INFO - total_loss: 4.47191
04/01/2025 09:48:31 PM - DFINE_Logger - INFO - recon_loss: 2.64294
04/01/2025 09:48:31 PM - DFINE_Logger - INFO - reg_loss: 1.82897
04/01/2025 09:48:31 PM - DFINE_Logger - INFO - behv_loss: 0.00000
04/01/2025 09:48:33 PM - DFINE_Logger - INFO - Epoch 7, TRAIN
04/01/2025 09:48:33 PM - DFINE_Logger - INFO - total_loss: 3.87782
04/01/2025 09:48:33 PM - DFINE_Logger - INFO - recon_loss: 2.21068
04/01/2025 09:48:33 PM - DFINE_Logger - INFO - reg_loss: 1.66714
04/01/2025 09:48:33 PM - DFINE_Logger - INFO - behv_loss: 0.00000
04/01/2025 09:48:35 PM - DFINE_Logger - INFO - Epoch 8, TRAIN
04/01/2025 09:48:35 PM - DFINE_Logger - INFO - total_loss: 3.62575
04/01/2025 09:48:35 PM - DFINE_Logger - INFO - recon_loss: 2.02398
04/01/2025 09:48:35 PM - DFINE_Logger - INFO - reg_loss: 1.60176
04/01/2025 09:48:35 PM - DFINE_Logger - INFO - behv_loss: 0.00000
04/01/2025 09:48:37 PM - DFINE_Logger - INFO - Epoch 9, TRAIN
04/01/2025 09:48:37 PM - DFINE_Logger - INFO - total_loss: 3.57089
04/01/2025 09:48:37 PM - DFINE_Logger - INFO - recon_loss: 2.06609
04/01/2025 09:48:37 PM - DFINE_Logger - INFO - reg_loss: 1.50480
04/01/2025 09:48:37 PM - DFINE_Logger - INFO - behv_loss: 0.00000
04/01/2025 09:48:40 PM - DFINE_Logger - INFO - Epoch 10, TRAIN
04/01/2025 09:48:40 PM - DFINE_Logger - INFO - total_loss: 3.47795
04/01/2025 09:48:40 PM - DFINE_Logger - INFO - recon_loss: 2.05266
04/01/2025 09:48:40 PM - DFINE_Logger - INFO - reg_loss: 1.42530
04/01/2025 09:48:40 PM - DFINE_Logger - INFO - behv_loss: 0.00000
04/01/2025 09:48:40 PM - DFINE_Logger - INFO - Epoch 10, VALID
04/01/2025 09:48:40 PM - DFINE_Logger - INFO - total_loss: 3.30917
04/01/2025 09:48:40 PM - DFINE_Logger - INFO - recon_loss: 1.88426
04/01/2025 09:48:40 PM - DFINE_Logger - INFO - reg_loss: 1.42490
04/01/2025 09:48:40 PM - DFINE_Logger - INFO - behv_loss: 0.00000
04/01/2025 09:48:42 PM - DFINE_Logger - INFO - Epoch 11, TRAIN
04/01/2025 09:48:42 PM - DFINE_Logger - INFO - total_loss: 3.42182
04/01/2025 09:48:42 PM - DFINE_Logger - INFO - recon_loss: 2.04816
04/01/2025 09:48:42 PM - DFINE_Logger - INFO - reg_loss: 1.37367
04/01/2025 09:48:42 PM - DFINE_Logger - INFO - behv_loss: 0.00000
04/01/2025 09:48:44 PM - DFINE_Logger - INFO - Epoch 12, TRAIN
04/01/2025 09:48:44 PM - DFINE_Logger - INFO - total_loss: 3.39125
04/01/2025 09:48:44 PM - DFINE_Logger - INFO - recon_loss: 2.06903
04/01/2025 09:48:44 PM - DFINE_Logger - INFO - reg_loss: 1.32222
04/01/2025 09:48:44 PM - DFINE_Logger - INFO - behv_loss: 0.00000
04/01/2025 09:48:46 PM - DFINE_Logger - INFO - Epoch 13, TRAIN
04/01/2025 09:48:46 PM - DFINE_Logger - INFO - total_loss: 3.29358
04/01/2025 09:48:46 PM - DFINE_Logger - INFO - recon_loss: 2.01004
04/01/2025 09:48:46 PM - DFINE_Logger - INFO - reg_loss: 1.28354
04/01/2025 09:48:46 PM - DFINE_Logger - INFO - behv_loss: 0.00000
04/01/2025 09:48:48 PM - DFINE_Logger - INFO - Epoch 14, TRAIN
04/01/2025 09:48:48 PM - DFINE_Logger - INFO - total_loss: 3.34795
04/01/2025 09:48:48 PM - DFINE_Logger - INFO - recon_loss: 2.07188
04/01/2025 09:48:48 PM - DFINE_Logger - INFO - reg_loss: 1.27607
04/01/2025 09:48:48 PM - DFINE_Logger - INFO - behv_loss: 0.00000
04/01/2025 09:48:50 PM - DFINE_Logger - INFO - Epoch 15, TRAIN
04/01/2025 09:48:50 PM - DFINE_Logger - INFO - total_loss: 3.30019
04/01/2025 09:48:50 PM - DFINE_Logger - INFO - recon_loss: 2.05338
04/01/2025 09:48:50 PM - DFINE_Logger - INFO - reg_loss: 1.24681
04/01/2025 09:48:50 PM - DFINE_Logger - INFO - behv_loss: 0.00000
04/01/2025 09:48:50 PM - DFINE_Logger - INFO - Epoch 15, VALID
04/01/2025 09:48:50 PM - DFINE_Logger - INFO - total_loss: 3.08309
04/01/2025 09:48:50 PM - DFINE_Logger - INFO - recon_loss: 1.84141
04/01/2025 09:48:50 PM - DFINE_Logger - INFO - reg_loss: 1.24168
04/01/2025 09:48:50 PM - DFINE_Logger - INFO - behv_loss: 0.00000
04/01/2025 09:48:52 PM - DFINE_Logger - INFO - Epoch 16, TRAIN
04/01/2025 09:48:52 PM - DFINE_Logger - INFO - total_loss: 3.23408
04/01/2025 09:48:52 PM - DFINE_Logger - INFO - recon_loss: 2.02050
04/01/2025 09:48:52 PM - DFINE_Logger - INFO - reg_loss: 1.21358
04/01/2025 09:48:52 PM - DFINE_Logger - INFO - behv_loss: 0.00000
04/01/2025 09:48:54 PM - DFINE_Logger - INFO - Epoch 17, TRAIN
04/01/2025 09:48:54 PM - DFINE_Logger - INFO - total_loss: 3.20513
04/01/2025 09:48:54 PM - DFINE_Logger - INFO - recon_loss: 2.00896
04/01/2025 09:48:54 PM - DFINE_Logger - INFO - reg_loss: 1.19617
04/01/2025 09:48:54 PM - DFINE_Logger - INFO - behv_loss: 0.00000
04/01/2025 09:48:56 PM - DFINE_Logger - INFO - Epoch 18, TRAIN
04/01/2025 09:48:56 PM - DFINE_Logger - INFO - total_loss: 3.26284
04/01/2025 09:48:56 PM - DFINE_Logger - INFO - recon_loss: 2.05027
04/01/2025 09:48:56 PM - DFINE_Logger - INFO - reg_loss: 1.21257
04/01/2025 09:48:56 PM - DFINE_Logger - INFO - behv_loss: 0.00000
04/01/2025 09:48:58 PM - DFINE_Logger - INFO - Epoch 19, TRAIN
04/01/2025 09:48:58 PM - DFINE_Logger - INFO - total_loss: 3.17062
04/01/2025 09:48:58 PM - DFINE_Logger - INFO - recon_loss: 1.99822
04/01/2025 09:48:58 PM - DFINE_Logger - INFO - reg_loss: 1.17239
04/01/2025 09:48:58 PM - DFINE_Logger - INFO - behv_loss: 0.00000
04/01/2025 09:49:00 PM - DFINE_Logger - INFO - Epoch 20, TRAIN
04/01/2025 09:49:00 PM - DFINE_Logger - INFO - total_loss: 3.19569
04/01/2025 09:49:00 PM - DFINE_Logger - INFO - recon_loss: 2.03462
04/01/2025 09:49:00 PM - DFINE_Logger - INFO - reg_loss: 1.16107
04/01/2025 09:49:00 PM - DFINE_Logger - INFO - behv_loss: 0.00000
04/01/2025 09:49:00 PM - DFINE_Logger - INFO - Epoch 20, VALID
04/01/2025 09:49:00 PM - DFINE_Logger - INFO - total_loss: 3.00369
04/01/2025 09:49:00 PM - DFINE_Logger - INFO - recon_loss: 1.84624
04/01/2025 09:49:00 PM - DFINE_Logger - INFO - reg_loss: 1.15745
04/01/2025 09:49:00 PM - DFINE_Logger - INFO - behv_loss: 0.00000
04/01/2025 09:49:02 PM - DFINE_Logger - INFO - Epoch 21, TRAIN
04/01/2025 09:49:02 PM - DFINE_Logger - INFO - total_loss: 3.17161
04/01/2025 09:49:02 PM - DFINE_Logger - INFO - recon_loss: 2.02385
04/01/2025 09:49:02 PM - DFINE_Logger - INFO - reg_loss: 1.14776
04/01/2025 09:49:02 PM - DFINE_Logger - INFO - behv_loss: 0.00000
04/01/2025 09:49:05 PM - DFINE_Logger - INFO - Epoch 22, TRAIN
04/01/2025 09:49:05 PM - DFINE_Logger - INFO - total_loss: 3.13218
04/01/2025 09:49:05 PM - DFINE_Logger - INFO - recon_loss: 1.99186
04/01/2025 09:49:05 PM - DFINE_Logger - INFO - reg_loss: 1.14032
04/01/2025 09:49:05 PM - DFINE_Logger - INFO - behv_loss: 0.00000
04/01/2025 09:49:07 PM - DFINE_Logger - INFO - Epoch 23, TRAIN
04/01/2025 09:49:07 PM - DFINE_Logger - INFO - total_loss: 3.13918
04/01/2025 09:49:07 PM - DFINE_Logger - INFO - recon_loss: 2.00414
04/01/2025 09:49:07 PM - DFINE_Logger - INFO - reg_loss: 1.13504
04/01/2025 09:49:07 PM - DFINE_Logger - INFO - behv_loss: 0.00000
04/01/2025 09:49:09 PM - DFINE_Logger - INFO - Epoch 24, TRAIN
04/01/2025 09:49:09 PM - DFINE_Logger - INFO - total_loss: 3.15718
04/01/2025 09:49:09 PM - DFINE_Logger - INFO - recon_loss: 2.02556
04/01/2025 09:49:09 PM - DFINE_Logger - INFO - reg_loss: 1.13162
04/01/2025 09:49:09 PM - DFINE_Logger - INFO - behv_loss: 0.00000
04/01/2025 09:49:11 PM - DFINE_Logger - INFO - Epoch 25, TRAIN
04/01/2025 09:49:11 PM - DFINE_Logger - INFO - total_loss: 3.11602
04/01/2025 09:49:11 PM - DFINE_Logger - INFO - recon_loss: 1.98403
04/01/2025 09:49:11 PM - DFINE_Logger - INFO - reg_loss: 1.13199
04/01/2025 09:49:11 PM - DFINE_Logger - INFO - behv_loss: 0.00000
04/01/2025 09:49:11 PM - DFINE_Logger - INFO - Epoch 25, VALID
04/01/2025 09:49:11 PM - DFINE_Logger - INFO - total_loss: 2.96468
04/01/2025 09:49:11 PM - DFINE_Logger - INFO - recon_loss: 1.83298
04/01/2025 09:49:11 PM - DFINE_Logger - INFO - reg_loss: 1.13170
04/01/2025 09:49:11 PM - DFINE_Logger - INFO - behv_loss: 0.00000
04/01/2025 09:49:15 PM - DFINE_Logger - INFO - Training completed | train loss 3.11602 | valid loss 2.96468
