03/26/2025 09:59:22 AM - DFINE_Logger - INFO - Epoch 1, TRAIN
03/26/2025 09:59:22 AM - DFINE_Logger - INFO - total_loss: 18.29425
03/26/2025 09:59:22 AM - DFINE_Logger - INFO - recon_loss: 14.17299
03/26/2025 09:59:22 AM - DFINE_Logger - INFO - reg_loss: 4.12125
03/26/2025 09:59:22 AM - DFINE_Logger - INFO - behv_loss: 0.00000
03/26/2025 09:59:24 AM - DFINE_Logger - INFO - Epoch 2, TRAIN
03/26/2025 09:59:24 AM - DFINE_Logger - INFO - total_loss: 16.14658
03/26/2025 09:59:24 AM - DFINE_Logger - INFO - recon_loss: 12.10112
03/26/2025 09:59:24 AM - DFINE_Logger - INFO - reg_loss: 4.04546
03/26/2025 09:59:24 AM - DFINE_Logger - INFO - behv_loss: 0.00000
03/26/2025 09:59:26 AM - DFINE_Logger - INFO - Epoch 3, TRAIN
03/26/2025 09:59:26 AM - DFINE_Logger - INFO - total_loss: 10.29618
03/26/2025 09:59:26 AM - DFINE_Logger - INFO - recon_loss: 6.26302
03/26/2025 09:59:26 AM - DFINE_Logger - INFO - reg_loss: 4.03316
03/26/2025 09:59:26 AM - DFINE_Logger - INFO - behv_loss: 0.00000
03/26/2025 09:59:28 AM - DFINE_Logger - INFO - Epoch 4, TRAIN
03/26/2025 09:59:28 AM - DFINE_Logger - INFO - total_loss: 6.89986
03/26/2025 09:59:28 AM - DFINE_Logger - INFO - recon_loss: 3.36834
03/26/2025 09:59:28 AM - DFINE_Logger - INFO - reg_loss: 3.53152
03/26/2025 09:59:28 AM - DFINE_Logger - INFO - behv_loss: 0.00000
03/26/2025 09:59:30 AM - DFINE_Logger - INFO - Epoch 5, TRAIN
03/26/2025 09:59:30 AM - DFINE_Logger - INFO - total_loss: 5.24410
03/26/2025 09:59:30 AM - DFINE_Logger - INFO - recon_loss: 2.94989
03/26/2025 09:59:30 AM - DFINE_Logger - INFO - reg_loss: 2.29421
03/26/2025 09:59:30 AM - DFINE_Logger - INFO - behv_loss: 0.00000
03/26/2025 09:59:30 AM - DFINE_Logger - INFO - Epoch 5, VALID
03/26/2025 09:59:30 AM - DFINE_Logger - INFO - total_loss: 4.78823
03/26/2025 09:59:30 AM - DFINE_Logger - INFO - recon_loss: 2.61957
03/26/2025 09:59:30 AM - DFINE_Logger - INFO - reg_loss: 2.16866
03/26/2025 09:59:30 AM - DFINE_Logger - INFO - behv_loss: 0.00000
03/26/2025 09:59:32 AM - DFINE_Logger - INFO - Epoch 6, TRAIN
03/26/2025 09:59:32 AM - DFINE_Logger - INFO - total_loss: 4.54391
03/26/2025 09:59:32 AM - DFINE_Logger - INFO - recon_loss: 2.67953
03/26/2025 09:59:32 AM - DFINE_Logger - INFO - reg_loss: 1.86438
03/26/2025 09:59:32 AM - DFINE_Logger - INFO - behv_loss: 0.00000
03/26/2025 09:59:34 AM - DFINE_Logger - INFO - Epoch 7, TRAIN
03/26/2025 09:59:34 AM - DFINE_Logger - INFO - total_loss: 4.12425
03/26/2025 09:59:34 AM - DFINE_Logger - INFO - recon_loss: 2.39651
03/26/2025 09:59:34 AM - DFINE_Logger - INFO - reg_loss: 1.72774
03/26/2025 09:59:34 AM - DFINE_Logger - INFO - behv_loss: 0.00000
03/26/2025 09:59:36 AM - DFINE_Logger - INFO - Epoch 8, TRAIN
03/26/2025 09:59:36 AM - DFINE_Logger - INFO - total_loss: 3.79183
03/26/2025 09:59:36 AM - DFINE_Logger - INFO - recon_loss: 2.11022
03/26/2025 09:59:36 AM - DFINE_Logger - INFO - reg_loss: 1.68161
03/26/2025 09:59:36 AM - DFINE_Logger - INFO - behv_loss: 0.00000
03/26/2025 09:59:38 AM - DFINE_Logger - INFO - Epoch 9, TRAIN
03/26/2025 09:59:38 AM - DFINE_Logger - INFO - total_loss: 3.58701
03/26/2025 09:59:38 AM - DFINE_Logger - INFO - recon_loss: 2.02390
03/26/2025 09:59:38 AM - DFINE_Logger - INFO - reg_loss: 1.56310
03/26/2025 09:59:38 AM - DFINE_Logger - INFO - behv_loss: 0.00000
03/26/2025 09:59:40 AM - DFINE_Logger - INFO - Epoch 10, TRAIN
03/26/2025 09:59:40 AM - DFINE_Logger - INFO - total_loss: 3.54509
03/26/2025 09:59:40 AM - DFINE_Logger - INFO - recon_loss: 2.06555
03/26/2025 09:59:40 AM - DFINE_Logger - INFO - reg_loss: 1.47954
03/26/2025 09:59:40 AM - DFINE_Logger - INFO - behv_loss: 0.00000
03/26/2025 09:59:40 AM - DFINE_Logger - INFO - Epoch 10, VALID
03/26/2025 09:59:40 AM - DFINE_Logger - INFO - total_loss: 3.40635
03/26/2025 09:59:40 AM - DFINE_Logger - INFO - recon_loss: 1.94102
03/26/2025 09:59:40 AM - DFINE_Logger - INFO - reg_loss: 1.46534
03/26/2025 09:59:40 AM - DFINE_Logger - INFO - behv_loss: 0.00000
03/26/2025 09:59:42 AM - DFINE_Logger - INFO - Epoch 11, TRAIN
03/26/2025 09:59:42 AM - DFINE_Logger - INFO - total_loss: 3.49738
03/26/2025 09:59:42 AM - DFINE_Logger - INFO - recon_loss: 2.05850
03/26/2025 09:59:42 AM - DFINE_Logger - INFO - reg_loss: 1.43888
03/26/2025 09:59:42 AM - DFINE_Logger - INFO - behv_loss: 0.00000
03/26/2025 09:59:44 AM - DFINE_Logger - INFO - Epoch 12, TRAIN
03/26/2025 09:59:44 AM - DFINE_Logger - INFO - total_loss: 3.45135
03/26/2025 09:59:44 AM - DFINE_Logger - INFO - recon_loss: 2.04816
03/26/2025 09:59:44 AM - DFINE_Logger - INFO - reg_loss: 1.40318
03/26/2025 09:59:44 AM - DFINE_Logger - INFO - behv_loss: 0.00000
03/26/2025 09:59:46 AM - DFINE_Logger - INFO - Epoch 13, TRAIN
03/26/2025 09:59:46 AM - DFINE_Logger - INFO - total_loss: 3.36807
03/26/2025 09:59:46 AM - DFINE_Logger - INFO - recon_loss: 2.00397
03/26/2025 09:59:46 AM - DFINE_Logger - INFO - reg_loss: 1.36410
03/26/2025 09:59:46 AM - DFINE_Logger - INFO - behv_loss: 0.00000
03/26/2025 09:59:48 AM - DFINE_Logger - INFO - Epoch 14, TRAIN
03/26/2025 09:59:48 AM - DFINE_Logger - INFO - total_loss: 3.39711
03/26/2025 09:59:48 AM - DFINE_Logger - INFO - recon_loss: 2.06852
03/26/2025 09:59:48 AM - DFINE_Logger - INFO - reg_loss: 1.32859
03/26/2025 09:59:48 AM - DFINE_Logger - INFO - behv_loss: 0.00000
03/26/2025 09:59:50 AM - DFINE_Logger - INFO - Epoch 15, TRAIN
03/26/2025 09:59:50 AM - DFINE_Logger - INFO - total_loss: 3.30704
03/26/2025 09:59:50 AM - DFINE_Logger - INFO - recon_loss: 2.00365
03/26/2025 09:59:50 AM - DFINE_Logger - INFO - reg_loss: 1.30339
03/26/2025 09:59:50 AM - DFINE_Logger - INFO - behv_loss: 0.00000
03/26/2025 09:59:50 AM - DFINE_Logger - INFO - Epoch 15, VALID
03/26/2025 09:59:50 AM - DFINE_Logger - INFO - total_loss: 3.15915
03/26/2025 09:59:50 AM - DFINE_Logger - INFO - recon_loss: 1.86381
03/26/2025 09:59:50 AM - DFINE_Logger - INFO - reg_loss: 1.29534
03/26/2025 09:59:50 AM - DFINE_Logger - INFO - behv_loss: 0.00000
03/26/2025 09:59:52 AM - DFINE_Logger - INFO - Epoch 16, TRAIN
03/26/2025 09:59:52 AM - DFINE_Logger - INFO - total_loss: 3.28478
03/26/2025 09:59:52 AM - DFINE_Logger - INFO - recon_loss: 2.00805
03/26/2025 09:59:52 AM - DFINE_Logger - INFO - reg_loss: 1.27673
03/26/2025 09:59:52 AM - DFINE_Logger - INFO - behv_loss: 0.00000
03/26/2025 09:59:54 AM - DFINE_Logger - INFO - Epoch 17, TRAIN
03/26/2025 09:59:54 AM - DFINE_Logger - INFO - total_loss: 3.26503
03/26/2025 09:59:54 AM - DFINE_Logger - INFO - recon_loss: 2.00710
03/26/2025 09:59:54 AM - DFINE_Logger - INFO - reg_loss: 1.25792
03/26/2025 09:59:54 AM - DFINE_Logger - INFO - behv_loss: 0.00000
03/26/2025 09:59:56 AM - DFINE_Logger - INFO - Epoch 18, TRAIN
03/26/2025 09:59:56 AM - DFINE_Logger - INFO - total_loss: 3.18781
03/26/2025 09:59:56 AM - DFINE_Logger - INFO - recon_loss: 1.95431
03/26/2025 09:59:56 AM - DFINE_Logger - INFO - reg_loss: 1.23350
03/26/2025 09:59:56 AM - DFINE_Logger - INFO - behv_loss: 0.00000
03/26/2025 09:59:58 AM - DFINE_Logger - INFO - Epoch 19, TRAIN
03/26/2025 09:59:58 AM - DFINE_Logger - INFO - total_loss: 3.18056
03/26/2025 09:59:58 AM - DFINE_Logger - INFO - recon_loss: 1.97285
03/26/2025 09:59:58 AM - DFINE_Logger - INFO - reg_loss: 1.20771
03/26/2025 09:59:58 AM - DFINE_Logger - INFO - behv_loss: 0.00000
03/26/2025 10:00:00 AM - DFINE_Logger - INFO - Epoch 20, TRAIN
03/26/2025 10:00:00 AM - DFINE_Logger - INFO - total_loss: 3.24070
03/26/2025 10:00:00 AM - DFINE_Logger - INFO - recon_loss: 2.05471
03/26/2025 10:00:00 AM - DFINE_Logger - INFO - reg_loss: 1.18599
03/26/2025 10:00:00 AM - DFINE_Logger - INFO - behv_loss: 0.00000
03/26/2025 10:00:00 AM - DFINE_Logger - INFO - Epoch 20, VALID
03/26/2025 10:00:00 AM - DFINE_Logger - INFO - total_loss: 3.03485
03/26/2025 10:00:00 AM - DFINE_Logger - INFO - recon_loss: 1.84667
03/26/2025 10:00:00 AM - DFINE_Logger - INFO - reg_loss: 1.18819
03/26/2025 10:00:00 AM - DFINE_Logger - INFO - behv_loss: 0.00000
03/26/2025 10:00:02 AM - DFINE_Logger - INFO - Epoch 21, TRAIN
03/26/2025 10:00:02 AM - DFINE_Logger - INFO - total_loss: 3.18899
03/26/2025 10:00:02 AM - DFINE_Logger - INFO - recon_loss: 2.02586
03/26/2025 10:00:02 AM - DFINE_Logger - INFO - reg_loss: 1.16314
03/26/2025 10:00:02 AM - DFINE_Logger - INFO - behv_loss: 0.00000
03/26/2025 10:00:04 AM - DFINE_Logger - INFO - Epoch 22, TRAIN
03/26/2025 10:00:04 AM - DFINE_Logger - INFO - total_loss: 3.20169
03/26/2025 10:00:04 AM - DFINE_Logger - INFO - recon_loss: 2.04890
03/26/2025 10:00:04 AM - DFINE_Logger - INFO - reg_loss: 1.15279
03/26/2025 10:00:04 AM - DFINE_Logger - INFO - behv_loss: 0.00000
03/26/2025 10:00:06 AM - DFINE_Logger - INFO - Epoch 23, TRAIN
03/26/2025 10:00:06 AM - DFINE_Logger - INFO - total_loss: 3.17383
03/26/2025 10:00:06 AM - DFINE_Logger - INFO - recon_loss: 2.02885
03/26/2025 10:00:06 AM - DFINE_Logger - INFO - reg_loss: 1.14498
03/26/2025 10:00:06 AM - DFINE_Logger - INFO - behv_loss: 0.00000
03/26/2025 10:00:08 AM - DFINE_Logger - INFO - Epoch 24, TRAIN
03/26/2025 10:00:08 AM - DFINE_Logger - INFO - total_loss: 3.14349
03/26/2025 10:00:08 AM - DFINE_Logger - INFO - recon_loss: 2.00167
03/26/2025 10:00:08 AM - DFINE_Logger - INFO - reg_loss: 1.14182
03/26/2025 10:00:08 AM - DFINE_Logger - INFO - behv_loss: 0.00000
03/26/2025 10:00:10 AM - DFINE_Logger - INFO - Epoch 25, TRAIN
03/26/2025 10:00:10 AM - DFINE_Logger - INFO - total_loss: 3.15924
03/26/2025 10:00:10 AM - DFINE_Logger - INFO - recon_loss: 2.01947
03/26/2025 10:00:10 AM - DFINE_Logger - INFO - reg_loss: 1.13977
03/26/2025 10:00:10 AM - DFINE_Logger - INFO - behv_loss: 0.00000
03/26/2025 10:00:10 AM - DFINE_Logger - INFO - Epoch 25, VALID
03/26/2025 10:00:10 AM - DFINE_Logger - INFO - total_loss: 2.98368
03/26/2025 10:00:10 AM - DFINE_Logger - INFO - recon_loss: 1.84417
03/26/2025 10:00:10 AM - DFINE_Logger - INFO - reg_loss: 1.13951
03/26/2025 10:00:10 AM - DFINE_Logger - INFO - behv_loss: 0.00000
03/26/2025 10:00:13 AM - DFINE_Logger - INFO - Training completed | train loss 3.15924 | valid loss 2.98368
