04/01/2025 09:59:43 PM - stVAE_Logger - INFO - Epoch 1, TRAIN
04/01/2025 09:59:43 PM - stVAE_Logger - INFO - loss: 17.33012
04/01/2025 09:59:43 PM - stVAE_Logger - INFO - mse: 17.13888
04/01/2025 09:59:43 PM - stVAE_Logger - INFO - kld: 1.91241
04/01/2025 09:59:43 PM - stVAE_Logger - INFO - Epoch 2, TRAIN
04/01/2025 09:59:43 PM - stVAE_Logger - INFO - loss: 7.69489
04/01/2025 09:59:43 PM - stVAE_Logger - INFO - mse: 7.64927
04/01/2025 09:59:43 PM - stVAE_Logger - INFO - kld: 0.45624
04/01/2025 09:59:43 PM - stVAE_Logger - INFO - Epoch 3, TRAIN
04/01/2025 09:59:43 PM - stVAE_Logger - INFO - loss: 3.66040
04/01/2025 09:59:43 PM - stVAE_Logger - INFO - mse: 3.65376
04/01/2025 09:59:43 PM - stVAE_Logger - INFO - kld: 0.06645
04/01/2025 09:59:43 PM - stVAE_Logger - INFO - Epoch 4, TRAIN
04/01/2025 09:59:43 PM - stVAE_Logger - INFO - loss: 2.16954
04/01/2025 09:59:43 PM - stVAE_Logger - INFO - mse: 2.15344
04/01/2025 09:59:43 PM - stVAE_Logger - INFO - kld: 0.16104
04/01/2025 09:59:43 PM - stVAE_Logger - INFO - Epoch 4, VALID
04/01/2025 09:59:43 PM - stVAE_Logger - INFO - loss: 2.06506
04/01/2025 09:59:43 PM - stVAE_Logger - INFO - mse: 2.04640
04/01/2025 09:59:43 PM - stVAE_Logger - INFO - kld: 0.18659
04/01/2025 09:59:44 PM - stVAE_Logger - INFO - Epoch 5, TRAIN
04/01/2025 09:59:44 PM - stVAE_Logger - INFO - loss: 1.71535
04/01/2025 09:59:44 PM - stVAE_Logger - INFO - mse: 1.68979
04/01/2025 09:59:44 PM - stVAE_Logger - INFO - kld: 0.25568
04/01/2025 09:59:44 PM - stVAE_Logger - INFO - Epoch 6, TRAIN
04/01/2025 09:59:44 PM - stVAE_Logger - INFO - loss: 1.29720
04/01/2025 09:59:44 PM - stVAE_Logger - INFO - mse: 1.26391
04/01/2025 09:59:44 PM - stVAE_Logger - INFO - kld: 0.33289
04/01/2025 09:59:44 PM - stVAE_Logger - INFO - Epoch 7, TRAIN
04/01/2025 09:59:44 PM - stVAE_Logger - INFO - loss: 1.05037
04/01/2025 09:59:44 PM - stVAE_Logger - INFO - mse: 1.01388
04/01/2025 09:59:44 PM - stVAE_Logger - INFO - kld: 0.36490
04/01/2025 09:59:44 PM - stVAE_Logger - INFO - Epoch 8, TRAIN
04/01/2025 09:59:44 PM - stVAE_Logger - INFO - loss: 0.91429
04/01/2025 09:59:44 PM - stVAE_Logger - INFO - mse: 0.87832
04/01/2025 09:59:44 PM - stVAE_Logger - INFO - kld: 0.35975
04/01/2025 09:59:44 PM - stVAE_Logger - INFO - Epoch 8, VALID
04/01/2025 09:59:44 PM - stVAE_Logger - INFO - loss: 0.86523
04/01/2025 09:59:44 PM - stVAE_Logger - INFO - mse: 0.83153
04/01/2025 09:59:44 PM - stVAE_Logger - INFO - kld: 0.33698
04/01/2025 09:59:45 PM - stVAE_Logger - INFO - Epoch 9, TRAIN
04/01/2025 09:59:45 PM - stVAE_Logger - INFO - loss: 0.83376
04/01/2025 09:59:45 PM - stVAE_Logger - INFO - mse: 0.79638
04/01/2025 09:59:45 PM - stVAE_Logger - INFO - kld: 0.37378
04/01/2025 09:59:45 PM - stVAE_Logger - INFO - Epoch 10, TRAIN
04/01/2025 09:59:45 PM - stVAE_Logger - INFO - loss: 0.76953
04/01/2025 09:59:45 PM - stVAE_Logger - INFO - mse: 0.73199
04/01/2025 09:59:45 PM - stVAE_Logger - INFO - kld: 0.37539
04/01/2025 09:59:45 PM - stVAE_Logger - INFO - Epoch 11, TRAIN
04/01/2025 09:59:45 PM - stVAE_Logger - INFO - loss: 0.73834
04/01/2025 09:59:45 PM - stVAE_Logger - INFO - mse: 0.70166
04/01/2025 09:59:45 PM - stVAE_Logger - INFO - kld: 0.36684
04/01/2025 09:59:46 PM - stVAE_Logger - INFO - Epoch 12, TRAIN
04/01/2025 09:59:46 PM - stVAE_Logger - INFO - loss: 0.70743
04/01/2025 09:59:46 PM - stVAE_Logger - INFO - mse: 0.67147
04/01/2025 09:59:46 PM - stVAE_Logger - INFO - kld: 0.35956
04/01/2025 09:59:46 PM - stVAE_Logger - INFO - Epoch 12, VALID
04/01/2025 09:59:46 PM - stVAE_Logger - INFO - loss: 0.69769
04/01/2025 09:59:46 PM - stVAE_Logger - INFO - mse: 0.66370
04/01/2025 09:59:46 PM - stVAE_Logger - INFO - kld: 0.33984
04/01/2025 09:59:46 PM - stVAE_Logger - INFO - Epoch 13, TRAIN
04/01/2025 09:59:46 PM - stVAE_Logger - INFO - loss: 0.65159
04/01/2025 09:59:46 PM - stVAE_Logger - INFO - mse: 0.61596
04/01/2025 09:59:46 PM - stVAE_Logger - INFO - kld: 0.35624
04/01/2025 09:59:46 PM - stVAE_Logger - INFO - Epoch 14, TRAIN
04/01/2025 09:59:46 PM - stVAE_Logger - INFO - loss: 0.62476
04/01/2025 09:59:46 PM - stVAE_Logger - INFO - mse: 0.58885
04/01/2025 09:59:46 PM - stVAE_Logger - INFO - kld: 0.35918
04/01/2025 09:59:46 PM - stVAE_Logger - INFO - Epoch 15, TRAIN
04/01/2025 09:59:46 PM - stVAE_Logger - INFO - loss: 0.59063
04/01/2025 09:59:46 PM - stVAE_Logger - INFO - mse: 0.55463
04/01/2025 09:59:46 PM - stVAE_Logger - INFO - kld: 0.35997
04/01/2025 09:59:47 PM - stVAE_Logger - INFO - Epoch 16, TRAIN
04/01/2025 09:59:47 PM - stVAE_Logger - INFO - loss: 0.56566
04/01/2025 09:59:47 PM - stVAE_Logger - INFO - mse: 0.52932
04/01/2025 09:59:47 PM - stVAE_Logger - INFO - kld: 0.36336
04/01/2025 09:59:47 PM - stVAE_Logger - INFO - Epoch 16, VALID
04/01/2025 09:59:47 PM - stVAE_Logger - INFO - loss: 0.57462
04/01/2025 09:59:47 PM - stVAE_Logger - INFO - mse: 0.53822
04/01/2025 09:59:47 PM - stVAE_Logger - INFO - kld: 0.36404
04/01/2025 09:59:47 PM - stVAE_Logger - INFO - Epoch 17, TRAIN
04/01/2025 09:59:47 PM - stVAE_Logger - INFO - loss: 0.56990
04/01/2025 09:59:47 PM - stVAE_Logger - INFO - mse: 0.53353
04/01/2025 09:59:47 PM - stVAE_Logger - INFO - kld: 0.36369
04/01/2025 09:59:47 PM - stVAE_Logger - INFO - Epoch 18, TRAIN
04/01/2025 09:59:47 PM - stVAE_Logger - INFO - loss: 0.55267
04/01/2025 09:59:47 PM - stVAE_Logger - INFO - mse: 0.51472
04/01/2025 09:59:47 PM - stVAE_Logger - INFO - kld: 0.37953
04/01/2025 09:59:48 PM - stVAE_Logger - INFO - Epoch 19, TRAIN
04/01/2025 09:59:48 PM - stVAE_Logger - INFO - loss: 0.52788
04/01/2025 09:59:48 PM - stVAE_Logger - INFO - mse: 0.48931
04/01/2025 09:59:48 PM - stVAE_Logger - INFO - kld: 0.38576
04/01/2025 09:59:48 PM - stVAE_Logger - INFO - Epoch 20, TRAIN
04/01/2025 09:59:48 PM - stVAE_Logger - INFO - loss: 0.51819
04/01/2025 09:59:48 PM - stVAE_Logger - INFO - mse: 0.47967
04/01/2025 09:59:48 PM - stVAE_Logger - INFO - kld: 0.38520
04/01/2025 09:59:48 PM - stVAE_Logger - INFO - Epoch 20, VALID
04/01/2025 09:59:48 PM - stVAE_Logger - INFO - loss: 0.53369
04/01/2025 09:59:48 PM - stVAE_Logger - INFO - mse: 0.49435
04/01/2025 09:59:48 PM - stVAE_Logger - INFO - kld: 0.39334
04/01/2025 09:59:48 PM - stVAE_Logger - INFO - Epoch 21, TRAIN
04/01/2025 09:59:48 PM - stVAE_Logger - INFO - loss: 0.51042
04/01/2025 09:59:48 PM - stVAE_Logger - INFO - mse: 0.47080
04/01/2025 09:59:48 PM - stVAE_Logger - INFO - kld: 0.39621
04/01/2025 09:59:48 PM - stVAE_Logger - INFO - Epoch 22, TRAIN
04/01/2025 09:59:48 PM - stVAE_Logger - INFO - loss: 0.49290
04/01/2025 09:59:48 PM - stVAE_Logger - INFO - mse: 0.45298
04/01/2025 09:59:48 PM - stVAE_Logger - INFO - kld: 0.39925
04/01/2025 09:59:49 PM - stVAE_Logger - INFO - Epoch 23, TRAIN
04/01/2025 09:59:49 PM - stVAE_Logger - INFO - loss: 0.50015
04/01/2025 09:59:49 PM - stVAE_Logger - INFO - mse: 0.46093
04/01/2025 09:59:49 PM - stVAE_Logger - INFO - kld: 0.39222
04/01/2025 09:59:49 PM - stVAE_Logger - INFO - Epoch 24, TRAIN
04/01/2025 09:59:49 PM - stVAE_Logger - INFO - loss: 0.49140
04/01/2025 09:59:49 PM - stVAE_Logger - INFO - mse: 0.45115
04/01/2025 09:59:49 PM - stVAE_Logger - INFO - kld: 0.40250
04/01/2025 09:59:49 PM - stVAE_Logger - INFO - Epoch 24, VALID
04/01/2025 09:59:49 PM - stVAE_Logger - INFO - loss: 0.48046
04/01/2025 09:59:49 PM - stVAE_Logger - INFO - mse: 0.44120
04/01/2025 09:59:49 PM - stVAE_Logger - INFO - kld: 0.39257
04/01/2025 09:59:49 PM - stVAE_Logger - INFO - Epoch 25, TRAIN
04/01/2025 09:59:49 PM - stVAE_Logger - INFO - loss: 0.48089
04/01/2025 09:59:49 PM - stVAE_Logger - INFO - mse: 0.44032
04/01/2025 09:59:49 PM - stVAE_Logger - INFO - kld: 0.40567
04/01/2025 09:59:49 PM - stVAE_Logger - INFO - Epoch 26, TRAIN
04/01/2025 09:59:49 PM - stVAE_Logger - INFO - loss: 0.47094
04/01/2025 09:59:49 PM - stVAE_Logger - INFO - mse: 0.43087
04/01/2025 09:59:49 PM - stVAE_Logger - INFO - kld: 0.40076
04/01/2025 09:59:50 PM - stVAE_Logger - INFO - Epoch 27, TRAIN
04/01/2025 09:59:50 PM - stVAE_Logger - INFO - loss: 0.47308
04/01/2025 09:59:50 PM - stVAE_Logger - INFO - mse: 0.43285
04/01/2025 09:59:50 PM - stVAE_Logger - INFO - kld: 0.40223
04/01/2025 09:59:50 PM - stVAE_Logger - INFO - Epoch 28, TRAIN
04/01/2025 09:59:50 PM - stVAE_Logger - INFO - loss: 0.46771
04/01/2025 09:59:50 PM - stVAE_Logger - INFO - mse: 0.42760
04/01/2025 09:59:50 PM - stVAE_Logger - INFO - kld: 0.40113
04/01/2025 09:59:50 PM - stVAE_Logger - INFO - Epoch 28, VALID
04/01/2025 09:59:50 PM - stVAE_Logger - INFO - loss: 0.46043
04/01/2025 09:59:50 PM - stVAE_Logger - INFO - mse: 0.42065
04/01/2025 09:59:50 PM - stVAE_Logger - INFO - kld: 0.39787
04/01/2025 09:59:50 PM - stVAE_Logger - INFO - Epoch 29, TRAIN
04/01/2025 09:59:50 PM - stVAE_Logger - INFO - loss: 0.45162
04/01/2025 09:59:50 PM - stVAE_Logger - INFO - mse: 0.41217
04/01/2025 09:59:50 PM - stVAE_Logger - INFO - kld: 0.39452
04/01/2025 09:59:51 PM - stVAE_Logger - INFO - Epoch 30, TRAIN
04/01/2025 09:59:51 PM - stVAE_Logger - INFO - loss: 0.44571
04/01/2025 09:59:51 PM - stVAE_Logger - INFO - mse: 0.40571
04/01/2025 09:59:51 PM - stVAE_Logger - INFO - kld: 0.40008
04/01/2025 09:59:51 PM - stVAE_Logger - INFO - Epoch 31, TRAIN
04/01/2025 09:59:51 PM - stVAE_Logger - INFO - loss: 0.45195
04/01/2025 09:59:51 PM - stVAE_Logger - INFO - mse: 0.41139
04/01/2025 09:59:51 PM - stVAE_Logger - INFO - kld: 0.40554
04/01/2025 09:59:51 PM - stVAE_Logger - INFO - Epoch 32, TRAIN
04/01/2025 09:59:51 PM - stVAE_Logger - INFO - loss: 0.44002
04/01/2025 09:59:51 PM - stVAE_Logger - INFO - mse: 0.39954
04/01/2025 09:59:51 PM - stVAE_Logger - INFO - kld: 0.40486
04/01/2025 09:59:51 PM - stVAE_Logger - INFO - Epoch 32, VALID
04/01/2025 09:59:51 PM - stVAE_Logger - INFO - loss: 0.49300
04/01/2025 09:59:51 PM - stVAE_Logger - INFO - mse: 0.41226
04/01/2025 09:59:51 PM - stVAE_Logger - INFO - kld: 0.40370
04/01/2025 09:59:51 PM - stVAE_Logger - INFO - Epoch 33, TRAIN
04/01/2025 09:59:51 PM - stVAE_Logger - INFO - loss: 0.47266
04/01/2025 09:59:51 PM - stVAE_Logger - INFO - mse: 0.42236
04/01/2025 09:59:51 PM - stVAE_Logger - INFO - kld: 0.25149
04/01/2025 09:59:52 PM - stVAE_Logger - INFO - Epoch 34, TRAIN
04/01/2025 09:59:52 PM - stVAE_Logger - INFO - loss: 0.49056
04/01/2025 09:59:52 PM - stVAE_Logger - INFO - mse: 0.43638
04/01/2025 09:59:52 PM - stVAE_Logger - INFO - kld: 0.18062
04/01/2025 09:59:52 PM - stVAE_Logger - INFO - Epoch 35, TRAIN
04/01/2025 09:59:52 PM - stVAE_Logger - INFO - loss: 0.51838
04/01/2025 09:59:52 PM - stVAE_Logger - INFO - mse: 0.46056
04/01/2025 09:59:52 PM - stVAE_Logger - INFO - kld: 0.14454
04/01/2025 09:59:52 PM - stVAE_Logger - INFO - Epoch 36, TRAIN
04/01/2025 09:59:52 PM - stVAE_Logger - INFO - loss: 0.53374
04/01/2025 09:59:52 PM - stVAE_Logger - INFO - mse: 0.47225
04/01/2025 09:59:52 PM - stVAE_Logger - INFO - kld: 0.12298
04/01/2025 09:59:52 PM - stVAE_Logger - INFO - Epoch 36, VALID
04/01/2025 09:59:52 PM - stVAE_Logger - INFO - loss: 0.49609
04/01/2025 09:59:52 PM - stVAE_Logger - INFO - mse: 0.42112
04/01/2025 09:59:52 PM - stVAE_Logger - INFO - kld: 0.12495
04/01/2025 09:59:52 PM - stVAE_Logger - INFO - Epoch 37, TRAIN
04/01/2025 09:59:52 PM - stVAE_Logger - INFO - loss: 0.54809
04/01/2025 09:59:52 PM - stVAE_Logger - INFO - mse: 0.48538
04/01/2025 09:59:52 PM - stVAE_Logger - INFO - kld: 0.10452
04/01/2025 09:59:53 PM - stVAE_Logger - INFO - Epoch 38, TRAIN
04/01/2025 09:59:53 PM - stVAE_Logger - INFO - loss: 0.56718
04/01/2025 09:59:53 PM - stVAE_Logger - INFO - mse: 0.50258
04/01/2025 09:59:53 PM - stVAE_Logger - INFO - kld: 0.09228
04/01/2025 09:59:53 PM - stVAE_Logger - INFO - Epoch 39, TRAIN
04/01/2025 09:59:53 PM - stVAE_Logger - INFO - loss: 0.56980
04/01/2025 09:59:53 PM - stVAE_Logger - INFO - mse: 0.50509
04/01/2025 09:59:53 PM - stVAE_Logger - INFO - kld: 0.08088
04/01/2025 09:59:53 PM - stVAE_Logger - INFO - Epoch 40, TRAIN
04/01/2025 09:59:53 PM - stVAE_Logger - INFO - loss: 0.58288
04/01/2025 09:59:53 PM - stVAE_Logger - INFO - mse: 0.51622
04/01/2025 09:59:53 PM - stVAE_Logger - INFO - kld: 0.07407
04/01/2025 09:59:53 PM - stVAE_Logger - INFO - Epoch 40, VALID
04/01/2025 09:59:53 PM - stVAE_Logger - INFO - loss: 0.52206
04/01/2025 09:59:53 PM - stVAE_Logger - INFO - mse: 0.44589
04/01/2025 09:59:53 PM - stVAE_Logger - INFO - kld: 0.07617
04/01/2025 09:59:54 PM - stVAE_Logger - INFO - Epoch 41, TRAIN
04/01/2025 09:59:54 PM - stVAE_Logger - INFO - loss: 0.59251
04/01/2025 09:59:54 PM - stVAE_Logger - INFO - mse: 0.52501
04/01/2025 09:59:54 PM - stVAE_Logger - INFO - kld: 0.06750
04/01/2025 09:59:54 PM - stVAE_Logger - INFO - Epoch 42, TRAIN
04/01/2025 09:59:54 PM - stVAE_Logger - INFO - loss: 0.59713
04/01/2025 09:59:54 PM - stVAE_Logger - INFO - mse: 0.52910
04/01/2025 09:59:54 PM - stVAE_Logger - INFO - kld: 0.06185
04/01/2025 09:59:54 PM - stVAE_Logger - INFO - Epoch 43, TRAIN
04/01/2025 09:59:54 PM - stVAE_Logger - INFO - loss: 0.61209
04/01/2025 09:59:54 PM - stVAE_Logger - INFO - mse: 0.54261
04/01/2025 09:59:54 PM - stVAE_Logger - INFO - kld: 0.05790
04/01/2025 09:59:54 PM - stVAE_Logger - INFO - Epoch 44, TRAIN
04/01/2025 09:59:54 PM - stVAE_Logger - INFO - loss: 0.62500
04/01/2025 09:59:54 PM - stVAE_Logger - INFO - mse: 0.55360
04/01/2025 09:59:54 PM - stVAE_Logger - INFO - kld: 0.05492
04/01/2025 09:59:54 PM - stVAE_Logger - INFO - Epoch 44, VALID
04/01/2025 09:59:54 PM - stVAE_Logger - INFO - loss: 0.53471
04/01/2025 09:59:54 PM - stVAE_Logger - INFO - mse: 0.45687
04/01/2025 09:59:54 PM - stVAE_Logger - INFO - kld: 0.05560
04/01/2025 09:59:55 PM - stVAE_Logger - INFO - Epoch 45, TRAIN
04/01/2025 09:59:55 PM - stVAE_Logger - INFO - loss: 0.62434
04/01/2025 09:59:55 PM - stVAE_Logger - INFO - mse: 0.55351
04/01/2025 09:59:55 PM - stVAE_Logger - INFO - kld: 0.05060
04/01/2025 09:59:55 PM - stVAE_Logger - INFO - Epoch 46, TRAIN
04/01/2025 09:59:55 PM - stVAE_Logger - INFO - loss: 0.63485
04/01/2025 09:59:55 PM - stVAE_Logger - INFO - mse: 0.56314
04/01/2025 09:59:55 PM - stVAE_Logger - INFO - kld: 0.04781
04/01/2025 09:59:55 PM - stVAE_Logger - INFO - Epoch 47, TRAIN
04/01/2025 09:59:55 PM - stVAE_Logger - INFO - loss: 0.64433
04/01/2025 09:59:55 PM - stVAE_Logger - INFO - mse: 0.57079
04/01/2025 09:59:55 PM - stVAE_Logger - INFO - kld: 0.04596
04/01/2025 09:59:56 PM - stVAE_Logger - INFO - Epoch 48, TRAIN
04/01/2025 09:59:56 PM - stVAE_Logger - INFO - loss: 0.64566
04/01/2025 09:59:56 PM - stVAE_Logger - INFO - mse: 0.57075
04/01/2025 09:59:56 PM - stVAE_Logger - INFO - kld: 0.04406
04/01/2025 09:59:56 PM - stVAE_Logger - INFO - Epoch 48, VALID
04/01/2025 09:59:56 PM - stVAE_Logger - INFO - loss: 0.54330
04/01/2025 09:59:56 PM - stVAE_Logger - INFO - mse: 0.45979
04/01/2025 09:59:56 PM - stVAE_Logger - INFO - kld: 0.04640
04/01/2025 09:59:56 PM - stVAE_Logger - INFO - Epoch 49, TRAIN
04/01/2025 09:59:56 PM - stVAE_Logger - INFO - loss: 0.65722
04/01/2025 09:59:56 PM - stVAE_Logger - INFO - mse: 0.58160
04/01/2025 09:59:56 PM - stVAE_Logger - INFO - kld: 0.04201
04/01/2025 09:59:56 PM - stVAE_Logger - INFO - Epoch 50, TRAIN
04/01/2025 09:59:56 PM - stVAE_Logger - INFO - loss: 0.66156
04/01/2025 09:59:56 PM - stVAE_Logger - INFO - mse: 0.58290
04/01/2025 09:59:56 PM - stVAE_Logger - INFO - kld: 0.04140
04/01/2025 10:00:00 PM - stVAE_Logger - INFO - Training completed | train loss 0.66156 | valid loss 0.54330
